<?xml version="1.0" encoding="UTF-8"?>
<!-- Generated by org.testng.reporters.JUnitReportReporter -->
<testsuite hostname="Sakshis-MacBook-Air.local" failures="0" tests="3" name="com.au.petstore.testsAPI.GetPetByID" time="8.270" errors="0" timestamp="2024-07-19T21:11:32 AEST" skipped="0">
  <testcase classname="com.au.petstore.testsAPI.GetPetByID" name="getPetByInvalidID" time="2.051"/>
  <testcase classname="com.au.petstore.testsAPI.GetPetByID" name="getDeletePetAsNotFound" time="3.767"/>
  <testcase classname="com.au.petstore.testsAPI.GetPetByID" name="getPetByID" time="2.452"/>
</testsuite> <!-- com.au.petstore.testsAPI.GetPetByID -->
