<?xml version="1.0" encoding="UTF-8"?>
<!-- Generated by org.testng.reporters.JUnitReportReporter -->
<testsuite hostname="Sakshis-MacBook-Air.local" failures="0" tests="3" name="com.au.petstore.testsAPI.DeletePet" time="16.149" errors="0" timestamp="2024-07-19T21:11:32 AEST" skipped="0">
  <testcase classname="com.au.petstore.testsAPI.DeletePet" name="deletePetIDFromTheStoreWithoutMandatoryFieldPetID" time="1.831"/>
  <testcase classname="com.au.petstore.testsAPI.DeletePet" name="deleteNonExistencePetIDFromTheStore" time="11.198"/>
  <testcase classname="com.au.petstore.testsAPI.DeletePet" name="deletePetFromTheStoreWithValidPetID" time="3.120"/>
</testsuite> <!-- com.au.petstore.testsAPI.DeletePet -->
