<?xml version="1.0" encoding="UTF-8"?>
<testsuite xmlns:xsi="http://www.w3.org/2001/XMLSchema-instance" xsi:noNamespaceSchemaLocation="https://maven.apache.org/surefire/maven-surefire-plugin/xsd/surefire-test-report-3.0.xsd" version="3.0" name="TestSuite" time="91.587" tests="40" errors="0" skipped="0" failures="13">
  <properties>
    <property name="gopherProxySet" value="false"/>
    <property name="awt.toolkit" value="sun.lwawt.macosx.LWCToolkit"/>
    <property name="java.specification.version" value="11"/>
    <property name="sun.cpu.isalist" value=""/>
    <property name="sun.jnu.encoding" value="UTF-8"/>
    <property name="java.class.path" value="/Users/sakshimalik/Desktop/GitDemo/PetAPI/PetAPIFramework/target/test-classes:/Users/sakshimalik/Desktop/GitDemo/PetAPI/PetAPIFramework/target/classes:/Users/sakshimalik/.m2/repository/io/rest-assured/rest-assured/5.4.0/rest-assured-5.4.0.jar:/Users/sakshimalik/.m2/repository/org/apache/groovy/groovy/4.0.16/groovy-4.0.16.jar:/Users/sakshimalik/.m2/repository/org/apache/groovy/groovy-xml/4.0.16/groovy-xml-4.0.16.jar:/Users/sakshimalik/.m2/repository/org/apache/httpcomponents/httpclient/4.5.13/httpclient-4.5.13.jar:/Users/sakshimalik/.m2/repository/org/apache/httpcomponents/httpcore/4.4.13/httpcore-4.4.13.jar:/Users/sakshimalik/.m2/repository/commons-logging/commons-logging/1.2/commons-logging-1.2.jar:/Users/sakshimalik/.m2/repository/commons-codec/commons-codec/1.11/commons-codec-1.11.jar:/Users/sakshimalik/.m2/repository/org/apache/httpcomponents/httpmime/4.5.13/httpmime-4.5.13.jar:/Users/sakshimalik/.m2/repository/org/hamcrest/hamcrest/2.2/hamcrest-2.2.jar:/Users/sakshimalik/.m2/repository/org/ccil/cowan/tagsoup/tagsoup/1.2.1/tagsoup-1.2.1.jar:/Users/sakshimalik/.m2/repository/io/rest-assured/json-path/5.4.0/json-path-5.4.0.jar:/Users/sakshimalik/.m2/repository/org/apache/groovy/groovy-json/4.0.16/groovy-json-4.0.16.jar:/Users/sakshimalik/.m2/repository/io/rest-assured/rest-assured-common/5.4.0/rest-assured-common-5.4.0.jar:/Users/sakshimalik/.m2/repository/io/rest-assured/xml-path/5.4.0/xml-path-5.4.0.jar:/Users/sakshimalik/.m2/repository/org/apache/commons/commons-lang3/3.11/commons-lang3-3.11.jar:/Users/sakshimalik/.m2/repository/org/testng/testng/7.8.0/testng-7.8.0.jar:/Users/sakshimalik/.m2/repository/org/slf4j/slf4j-api/1.7.36/slf4j-api-1.7.36.jar:/Users/sakshimalik/.m2/repository/com/beust/jcommander/1.82/jcommander-1.82.jar:/Users/sakshimalik/.m2/repository/org/webjars/jquery/3.6.1/jquery-3.6.1.jar:/Users/sakshimalik/.m2/repository/com/fasterxml/jackson/core/jackson-databind/2.12.3/jackson-databind-2.12.3.jar:/Users/sakshimalik/.m2/repository/com/fasterxml/jackson/core/jackson-annotations/2.12.3/jackson-annotations-2.12.3.jar:/Users/sakshimalik/.m2/repository/com/fasterxml/jackson/core/jackson-core/2.12.3/jackson-core-2.12.3.jar:/Users/sakshimalik/.m2/repository/org/skyscreamer/jsonassert/1.5.0/jsonassert-1.5.0.jar:/Users/sakshimalik/.m2/repository/com/vaadin/external/google/android-json/0.0.20131108.vaadin1/android-json-0.0.20131108.vaadin1.jar:/Users/sakshimalik/.m2/repository/org/projectlombok/lombok/1.18.24/lombok-1.18.24.jar:/Users/sakshimalik/.m2/repository/io/qameta/allure/allure-testng/2.24.0/allure-testng-2.24.0.jar:/Users/sakshimalik/.m2/repository/io/qameta/allure/allure-java-commons/2.24.0/allure-java-commons-2.24.0.jar:/Users/sakshimalik/.m2/repository/io/qameta/allure/allure-model/2.24.0/allure-model-2.24.0.jar:/Users/sakshimalik/.m2/repository/io/qameta/allure/allure-test-filter/2.24.0/allure-test-filter-2.24.0.jar:"/>
    <property name="java.vm.vendor" value="Amazon.com Inc."/>
    <property name="sun.arch.data.model" value="64"/>
    <property name="java.vendor.url" value="https://aws.amazon.com/corretto/"/>
    <property name="user.timezone" value="Australia/Melbourne"/>
    <property name="java.vm.specification.version" value="11"/>
    <property name="os.name" value="Mac OS X"/>
    <property name="sun.java.launcher" value="SUN_STANDARD"/>
    <property name="user.country" value="GB"/>
    <property name="sun.boot.library.path" value="/Users/sakshimalik/Library/Java/JavaVirtualMachines/corretto-11.0.23/Contents/Home/lib"/>
    <property name="sun.java.command" value="/Users/sakshimalik/Desktop/GitDemo/PetAPI/PetAPIFramework/target/surefire/surefirebooter-20240803091255127_3.jar /Users/sakshimalik/Desktop/GitDemo/PetAPI/PetAPIFramework/target/surefire 2024-08-03T09-12-54_935-jvmRun1 surefire-20240803091255127_1tmp surefire_0-20240803091255127_2tmp"/>
    <property name="http.nonProxyHosts" value="local|*.local|169.254/16|*.169.254/16"/>
    <property name="jdk.debug" value="release"/>
    <property name="surefire.test.class.path" value="/Users/sakshimalik/Desktop/GitDemo/PetAPI/PetAPIFramework/target/test-classes:/Users/sakshimalik/Desktop/GitDemo/PetAPI/PetAPIFramework/target/classes:/Users/sakshimalik/.m2/repository/io/rest-assured/rest-assured/5.4.0/rest-assured-5.4.0.jar:/Users/sakshimalik/.m2/repository/org/apache/groovy/groovy/4.0.16/groovy-4.0.16.jar:/Users/sakshimalik/.m2/repository/org/apache/groovy/groovy-xml/4.0.16/groovy-xml-4.0.16.jar:/Users/sakshimalik/.m2/repository/org/apache/httpcomponents/httpclient/4.5.13/httpclient-4.5.13.jar:/Users/sakshimalik/.m2/repository/org/apache/httpcomponents/httpcore/4.4.13/httpcore-4.4.13.jar:/Users/sakshimalik/.m2/repository/commons-logging/commons-logging/1.2/commons-logging-1.2.jar:/Users/sakshimalik/.m2/repository/commons-codec/commons-codec/1.11/commons-codec-1.11.jar:/Users/sakshimalik/.m2/repository/org/apache/httpcomponents/httpmime/4.5.13/httpmime-4.5.13.jar:/Users/sakshimalik/.m2/repository/org/hamcrest/hamcrest/2.2/hamcrest-2.2.jar:/Users/sakshimalik/.m2/repository/org/ccil/cowan/tagsoup/tagsoup/1.2.1/tagsoup-1.2.1.jar:/Users/sakshimalik/.m2/repository/io/rest-assured/json-path/5.4.0/json-path-5.4.0.jar:/Users/sakshimalik/.m2/repository/org/apache/groovy/groovy-json/4.0.16/groovy-json-4.0.16.jar:/Users/sakshimalik/.m2/repository/io/rest-assured/rest-assured-common/5.4.0/rest-assured-common-5.4.0.jar:/Users/sakshimalik/.m2/repository/io/rest-assured/xml-path/5.4.0/xml-path-5.4.0.jar:/Users/sakshimalik/.m2/repository/org/apache/commons/commons-lang3/3.11/commons-lang3-3.11.jar:/Users/sakshimalik/.m2/repository/org/testng/testng/7.8.0/testng-7.8.0.jar:/Users/sakshimalik/.m2/repository/org/slf4j/slf4j-api/1.7.36/slf4j-api-1.7.36.jar:/Users/sakshimalik/.m2/repository/com/beust/jcommander/1.82/jcommander-1.82.jar:/Users/sakshimalik/.m2/repository/org/webjars/jquery/3.6.1/jquery-3.6.1.jar:/Users/sakshimalik/.m2/repository/com/fasterxml/jackson/core/jackson-databind/2.12.3/jackson-databind-2.12.3.jar:/Users/sakshimalik/.m2/repository/com/fasterxml/jackson/core/jackson-annotations/2.12.3/jackson-annotations-2.12.3.jar:/Users/sakshimalik/.m2/repository/com/fasterxml/jackson/core/jackson-core/2.12.3/jackson-core-2.12.3.jar:/Users/sakshimalik/.m2/repository/org/skyscreamer/jsonassert/1.5.0/jsonassert-1.5.0.jar:/Users/sakshimalik/.m2/repository/com/vaadin/external/google/android-json/0.0.20131108.vaadin1/android-json-0.0.20131108.vaadin1.jar:/Users/sakshimalik/.m2/repository/org/projectlombok/lombok/1.18.24/lombok-1.18.24.jar:/Users/sakshimalik/.m2/repository/io/qameta/allure/allure-testng/2.24.0/allure-testng-2.24.0.jar:/Users/sakshimalik/.m2/repository/io/qameta/allure/allure-java-commons/2.24.0/allure-java-commons-2.24.0.jar:/Users/sakshimalik/.m2/repository/io/qameta/allure/allure-model/2.24.0/allure-model-2.24.0.jar:/Users/sakshimalik/.m2/repository/io/qameta/allure/allure-test-filter/2.24.0/allure-test-filter-2.24.0.jar:"/>
    <property name="sun.cpu.endian" value="little"/>
    <property name="user.home" value="/Users/sakshimalik"/>
    <property name="user.language" value="en"/>
    <property name="java.specification.vendor" value="Oracle Corporation"/>
    <property name="java.version.date" value="2024-04-16"/>
    <property name="java.home" value="/Users/sakshimalik/Library/Java/JavaVirtualMachines/corretto-11.0.23/Contents/Home"/>
    <property name="file.separator" value="/"/>
    <property name="basedir" value="/Users/sakshimalik/Desktop/GitDemo/PetAPI/PetAPIFramework"/>
    <property name="java.vm.compressedOopsMode" value="Zero based"/>
    <property name="line.separator" value="&#10;"/>
    <property name="java.specification.name" value="Java Platform API Specification"/>
    <property name="java.vm.specification.vendor" value="Oracle Corporation"/>
    <property name="java.awt.graphicsenv" value="sun.awt.CGraphicsEnvironment"/>
    <property name="surefire.real.class.path" value="/Users/sakshimalik/Desktop/GitDemo/PetAPI/PetAPIFramework/target/surefire/surefirebooter-20240803091255127_3.jar"/>
    <property name="sun.management.compiler" value="HotSpot 64-Bit Tiered Compilers"/>
    <property name="ftp.nonProxyHosts" value="local|*.local|169.254/16|*.169.254/16"/>
    <property name="java.runtime.version" value="11.0.23+9-LTS"/>
    <property name="user.name" value="sakshimalik"/>
    <property name="path.separator" value=":"/>
    <property name="os.version" value="14.5"/>
    <property name="java.runtime.name" value="OpenJDK Runtime Environment"/>
    <property name="file.encoding" value="UTF-8"/>
    <property name="java.vm.name" value="OpenJDK 64-Bit Server VM"/>
    <property name="java.vendor.version" value="Corretto-11.0.23.9.1"/>
    <property name="localRepository" value="/Users/sakshimalik/.m2/repository"/>
    <property name="java.vendor.url.bug" value="https://github.com/corretto/corretto-11/issues/"/>
    <property name="java.io.tmpdir" value="/var/folders/m5/79n9f5v559b2gh8ds_w6ynqr0000gn/T/"/>
    <property name="java.version" value="11.0.23"/>
    <property name="user.dir" value="/Users/sakshimalik/Desktop/GitDemo/PetAPI/PetAPIFramework"/>
    <property name="os.arch" value="x86_64"/>
    <property name="java.vm.specification.name" value="Java Virtual Machine Specification"/>
    <property name="java.awt.printerjob" value="sun.lwawt.macosx.CPrinterJob"/>
    <property name="sun.os.patch.level" value="unknown"/>
    <property name="java.library.path" value="/Users/sakshimalik/Library/Java/Extensions:/Library/Java/Extensions:/Network/Library/Java/Extensions:/System/Library/Java/Extensions:/usr/lib/java:."/>
    <property name="java.vm.info" value="mixed mode"/>
    <property name="java.vendor" value="Amazon.com Inc."/>
    <property name="java.vm.version" value="11.0.23+9-LTS"/>
    <property name="java.specification.maintenance.version" value="2"/>
    <property name="sun.io.unicode.encoding" value="UnicodeBig"/>
    <property name="java.class.version" value="55.0"/>
    <property name="socksNonProxyHosts" value="local|*.local|169.254/16|*.169.254/16"/>
  </properties>
  <testcase name="deleteNonExistencePetIDFromTheStore" classname="com.au.petstore.testsAPI.DeletePet" time="11.227">
    <system-out><![CDATA[Request method:	POST
Request URI:	https://petstore.swagger.io/v2/pet/
Proxy:			<none>
Request params:	<none>
Query params:	<none>
Form params:	<none>
Path params:	<none>
Headers:		api_key=special-key
				Accept=*/*
				Content-Type=application/json
Cookies:		<none>
Multiparts:		<none>
Body:
{
    "id": 574371,
    "category": {
        "id": 101,
        "name": "German"
    },
    "name": "Jackie",
    "photoUrls": [
        "https://petstore.com/Images"
    ],
    "tags": [
        {
            "id": 101,
            "name": "Australia"
        }
    ],
    "status": "available"
}
HTTP/1.1 200 OK
Date: Fri, 02 Aug 2024 23:13:07 GMT
Content-Type: application/json
Transfer-Encoding: chunked
Connection: keep-alive
Access-Control-Allow-Origin: *
Access-Control-Allow-Methods: GET, POST, DELETE, PUT
Access-Control-Allow-Headers: Content-Type, api_key, Authorization
Server: Jetty(9.2.9.v20150224)

{
    "id": 574371,
    "category": {
        "id": 101,
        "name": "German"
    },
    "name": "Jackie",
    "photoUrls": [
        "https://petstore.com/Images"
    ],
    "tags": [
        {
            "id": 101,
            "name": "Australia"
        }
    ],
    "status": "available"
}
Request method:	DELETE
Request URI:	https://petstore.swagger.io/v2/pet/574371
Proxy:			<none>
Request params:	<none>
Query params:	<none>
Form params:	<none>
Path params:	petID=574371
Headers:		api_key=special-key
				Accept=*/*
				Content-Type=application/json
Cookies:		<none>
Multiparts:		<none>
Body:			<none>
HTTP/1.1 200 OK
Date: Fri, 02 Aug 2024 23:13:08 GMT
Content-Type: application/json
Transfer-Encoding: chunked
Connection: keep-alive
Access-Control-Allow-Origin: *
Access-Control-Allow-Methods: GET, POST, DELETE, PUT
Access-Control-Allow-Headers: Content-Type, api_key, Authorization
Server: Jetty(9.2.9.v20150224)

{
    "code": 200,
    "type": "unknown",
    "message": "574371"
}
Request method:	DELETE
Request URI:	https://petstore.swagger.io/v2/pet/574371
Proxy:			<none>
Request params:	<none>
Query params:	<none>
Form params:	<none>
Path params:	petID=574371
Headers:		api_key=special-key
				Accept=*/*
				Content-Type=application/json
Cookies:		<none>
Multiparts:		<none>
Body:			<none>
HTTP/1.1 404 Not Found
Date: Fri, 02 Aug 2024 23:13:10 GMT
Content-Length: 0
Connection: keep-alive
Access-Control-Allow-Origin: *
Access-Control-Allow-Methods: GET, POST, DELETE, PUT
Access-Control-Allow-Headers: Content-Type, api_key, Authorization
Server: Jetty(9.2.9.v20150224)
]]></system-out>
    <system-err><![CDATA[SLF4J: Failed to load class "org.slf4j.impl.StaticLoggerBinder".
SLF4J: Defaulting to no-operation (NOP) logger implementation
SLF4J: See http://www.slf4j.org/codes.html#StaticLoggerBinder for further details.
]]></system-err>
  </testcase>
  <testcase name="deletePetFromTheStoreWithValidPetID" classname="com.au.petstore.testsAPI.DeletePet" time="2.978">
    <system-out><![CDATA[Request method:	POST
Request URI:	https://petstore.swagger.io/v2/pet/
Proxy:			<none>
Request params:	<none>
Query params:	<none>
Form params:	<none>
Path params:	<none>
Headers:		api_key=special-key
				Accept=*/*
				Content-Type=application/json
Cookies:		<none>
Multiparts:		<none>
Body:
{
    "id": 574371,
    "category": {
        "id": 101,
        "name": "German"
    },
    "name": "Jackie",
    "photoUrls": [
        "https://petstore.com/Images"
    ],
    "tags": [
        {
            "id": 101,
            "name": "Australia"
        }
    ],
    "status": "available"
}
HTTP/1.1 200 OK
Date: Fri, 02 Aug 2024 23:13:12 GMT
Content-Type: application/json
Transfer-Encoding: chunked
Connection: keep-alive
Access-Control-Allow-Origin: *
Access-Control-Allow-Methods: GET, POST, DELETE, PUT
Access-Control-Allow-Headers: Content-Type, api_key, Authorization
Server: Jetty(9.2.9.v20150224)

{
    "id": 574371,
    "category": {
        "id": 101,
        "name": "German"
    },
    "name": "Jackie",
    "photoUrls": [
        "https://petstore.com/Images"
    ],
    "tags": [
        {
            "id": 101,
            "name": "Australia"
        }
    ],
    "status": "available"
}
Request method:	DELETE
Request URI:	https://petstore.swagger.io/v2/pet/574371
Proxy:			<none>
Request params:	<none>
Query params:	<none>
Form params:	<none>
Path params:	petID=574371
Headers:		api_key=special-key
				Accept=*/*
				Content-Type=application/json
Cookies:		<none>
Multiparts:		<none>
Body:			<none>
HTTP/1.1 200 OK
Date: Fri, 02 Aug 2024 23:13:13 GMT
Content-Type: application/json
Transfer-Encoding: chunked
Connection: keep-alive
Access-Control-Allow-Origin: *
Access-Control-Allow-Methods: GET, POST, DELETE, PUT
Access-Control-Allow-Headers: Content-Type, api_key, Authorization
Server: Jetty(9.2.9.v20150224)

{
    "code": 200,
    "type": "unknown",
    "message": "574371"
}
]]></system-out>
  </testcase>
  <testcase name="deletePetIDFromTheStoreWithoutMandatoryFieldPetID" classname="com.au.petstore.testsAPI.DeletePet" time="1.407">
    <system-out><![CDATA[Request method:	DELETE
Request URI:	https://petstore.swagger.io/v2/pet/
Proxy:			<none>
Request params:	<none>
Query params:	<none>
Form params:	<none>
Path params:	petID=
Headers:		api_key=special-key
				Accept=*/*
				Content-Type=application/json
Cookies:		<none>
Multiparts:		<none>
Body:			<none>
HTTP/1.1 405 Method Not Allowed
Date: Fri, 02 Aug 2024 23:13:14 GMT
Content-Type: application/xml
Content-Length: 102
Connection: keep-alive
Access-Control-Allow-Origin: *
Access-Control-Allow-Methods: GET, POST, DELETE, PUT
Access-Control-Allow-Headers: Content-Type, api_key, Authorization
Server: Jetty(9.2.9.v20150224)

<apiResponse>
  <type>unknown</type>
</apiResponse>
]]></system-out>
  </testcase>
  <testcase name="getPetByID" classname="com.au.petstore.testsAPI.GetPetByID" time="1.452">
    <system-out><![CDATA[Request method:	POST
Request URI:	https://petstore.swagger.io/v2/pet/
Proxy:			<none>
Request params:	<none>
Query params:	<none>
Form params:	<none>
Path params:	<none>
Headers:		api_key=special-key
				Accept=*/*
				Content-Type=application/json
Cookies:		<none>
Multiparts:		<none>
Body:
{
    "id": 281261,
    "category": {
        "id": 101,
        "name": "German"
    },
    "name": "Jackie",
    "photoUrls": [
        "https://petstore.com/Images"
    ],
    "tags": [
        {
            "id": 101,
            "name": "Australia"
        }
    ],
    "status": "available"
}
HTTP/1.1 200 OK
Date: Fri, 02 Aug 2024 23:13:16 GMT
Content-Type: application/json
Transfer-Encoding: chunked
Connection: keep-alive
Access-Control-Allow-Origin: *
Access-Control-Allow-Methods: GET, POST, DELETE, PUT
Access-Control-Allow-Headers: Content-Type, api_key, Authorization
Server: Jetty(9.2.9.v20150224)

{
    "id": 281261,
    "category": {
        "id": 101,
        "name": "German"
    },
    "name": "Jackie",
    "photoUrls": [
        "https://petstore.com/Images"
    ],
    "tags": [
        {
            "id": 101,
            "name": "Australia"
        }
    ],
    "status": "available"
}
Request method:	GET
Request URI:	https://petstore.swagger.io/v2/pet/281261
Proxy:			<none>
Request params:	<none>
Query params:	<none>
Form params:	<none>
Path params:	petID=281261
Headers:		api_key=special-key
				Accept=*/*
				Content-Type=application/json
Cookies:		<none>
Multiparts:		<none>
Body:			<none>
HTTP/1.1 200 OK
Date: Fri, 02 Aug 2024 23:13:18 GMT
Content-Type: application/json
Transfer-Encoding: chunked
Connection: keep-alive
Access-Control-Allow-Origin: *
Access-Control-Allow-Methods: GET, POST, DELETE, PUT
Access-Control-Allow-Headers: Content-Type, api_key, Authorization
Server: Jetty(9.2.9.v20150224)

{
    "id": 281261,
    "category": {
        "id": 101,
        "name": "German"
    },
    "name": "Jackie",
    "photoUrls": [
        "https://petstore.com/Images"
    ],
    "tags": [
        {
            "id": 101,
            "name": "Australia"
        }
    ],
    "status": "available"
}
]]></system-out>
  </testcase>
  <testcase name="getDeletePetAsNotFound" classname="com.au.petstore.testsAPI.GetPetByID" time="2.839">
    <system-out><![CDATA[Request method:	DELETE
Request URI:	https://petstore.swagger.io/v2/pet/281261
Proxy:			<none>
Request params:	<none>
Query params:	<none>
Form params:	<none>
Path params:	petID=281261
Headers:		api_key=special-key
				Accept=*/*
				Content-Type=application/json
Cookies:		<none>
Multiparts:		<none>
Body:			<none>
HTTP/1.1 200 OK
Date: Fri, 02 Aug 2024 23:13:19 GMT
Content-Type: application/json
Transfer-Encoding: chunked
Connection: keep-alive
Access-Control-Allow-Origin: *
Access-Control-Allow-Methods: GET, POST, DELETE, PUT
Access-Control-Allow-Headers: Content-Type, api_key, Authorization
Server: Jetty(9.2.9.v20150224)

{
    "code": 200,
    "type": "unknown",
    "message": "281261"
}
Request method:	GET
Request URI:	https://petstore.swagger.io/v2/pet/281261
Proxy:			<none>
Request params:	<none>
Query params:	<none>
Form params:	<none>
Path params:	petID=281261
Headers:		api_key=special-key
				Accept=*/*
				Content-Type=application/json
Cookies:		<none>
Multiparts:		<none>
Body:			<none>
HTTP/1.1 404 Not Found
Date: Fri, 02 Aug 2024 23:13:20 GMT
Content-Type: application/json
Transfer-Encoding: chunked
Connection: keep-alive
Access-Control-Allow-Origin: *
Access-Control-Allow-Methods: GET, POST, DELETE, PUT
Access-Control-Allow-Headers: Content-Type, api_key, Authorization
Server: Jetty(9.2.9.v20150224)

{
    "code": 1,
    "type": "error",
    "message": "Pet not found"
}
]]></system-out>
  </testcase>
  <testcase name="getPetByInvalidID" classname="com.au.petstore.testsAPI.GetPetByID" time="1.534">
    <system-out><![CDATA[Request method:	GET
Request URI:	https://petstore.swagger.io/v2/pet/
Proxy:			<none>
Request params:	<none>
Query params:	<none>
Form params:	<none>
Path params:	petID=
Headers:		api_key=special-key
				Accept=*/*
				Content-Type=application/json
Cookies:		<none>
Multiparts:		<none>
Body:			<none>
HTTP/1.1 405 Method Not Allowed
Date: Fri, 02 Aug 2024 23:13:22 GMT
Content-Type: application/xml
Content-Length: 102
Connection: keep-alive
Access-Control-Allow-Origin: *
Access-Control-Allow-Methods: GET, POST, DELETE, PUT
Access-Control-Allow-Headers: Content-Type, api_key, Authorization
Server: Jetty(9.2.9.v20150224)

<apiResponse>
  <type>unknown</type>
</apiResponse>
]]></system-out>
  </testcase>
  <testcase name="getPetByInvalidStatus" classname="com.au.petstore.testsAPI.GetPetByStatus" time="1.453">
    <failure message="&#10;Expected: is &lt;400&gt;&#10;     but: was &lt;200&gt;" type="java.lang.AssertionError"><![CDATA[java.lang.AssertionError: 

Expected: is <400>
     but: was <200>
	at org.hamcrest.MatcherAssert.assertThat(MatcherAssert.java:20)
	at org.hamcrest.MatcherAssert.assertThat(MatcherAssert.java:6)
	at com.au.petstore.testsAPI.GetPetByStatus.getPetByInvalidStatus(GetPetByStatus.java:56)
	at java.base/jdk.internal.reflect.NativeMethodAccessorImpl.invoke0(Native Method)
	at java.base/jdk.internal.reflect.NativeMethodAccessorImpl.invoke(NativeMethodAccessorImpl.java:62)
	at java.base/jdk.internal.reflect.DelegatingMethodAccessorImpl.invoke(DelegatingMethodAccessorImpl.java:43)
	at java.base/java.lang.reflect.Method.invoke(Method.java:566)
	at org.testng.internal.invokers.MethodInvocationHelper.invokeMethod(MethodInvocationHelper.java:139)
	at org.testng.internal.invokers.TestInvoker.invokeMethod(TestInvoker.java:664)
	at org.testng.internal.invokers.TestInvoker.invokeTestMethod(TestInvoker.java:227)
	at org.testng.internal.invokers.MethodRunner.runInSequence(MethodRunner.java:50)
	at org.testng.internal.invokers.TestInvoker$MethodInvocationAgent.invoke(TestInvoker.java:957)
	at org.testng.internal.invokers.TestInvoker.invokeTestMethods(TestInvoker.java:200)
	at org.testng.internal.invokers.TestMethodWorker.invokeTestMethods(TestMethodWorker.java:148)
	at org.testng.internal.invokers.TestMethodWorker.run(TestMethodWorker.java:128)
	at java.base/java.util.ArrayList.forEach(ArrayList.java:1541)
	at org.testng.TestRunner.privateRun(TestRunner.java:848)
	at org.testng.TestRunner.run(TestRunner.java:621)
	at org.testng.SuiteRunner.runTest(SuiteRunner.java:443)
	at org.testng.SuiteRunner.runSequentially(SuiteRunner.java:437)
	at org.testng.SuiteRunner.privateRun(SuiteRunner.java:397)
	at org.testng.SuiteRunner.run(SuiteRunner.java:336)
	at org.testng.SuiteRunnerWorker.runSuite(SuiteRunnerWorker.java:52)
	at org.testng.SuiteRunnerWorker.run(SuiteRunnerWorker.java:95)
	at org.testng.TestNG.runSuitesSequentially(TestNG.java:1280)
	at org.testng.TestNG.runSuitesLocally(TestNG.java:1200)
	at org.testng.TestNG.runSuites(TestNG.java:1114)
	at org.testng.TestNG.run(TestNG.java:1082)
	at org.apache.maven.surefire.testng.TestNGExecutor.run(TestNGExecutor.java:308)
	at org.apache.maven.surefire.testng.TestNGXmlTestSuite.execute(TestNGXmlTestSuite.java:71)
	at org.apache.maven.surefire.testng.TestNGProvider.invoke(TestNGProvider.java:113)
	at org.apache.maven.surefire.booter.ForkedBooter.runSuitesInProcess(ForkedBooter.java:385)
	at org.apache.maven.surefire.booter.ForkedBooter.execute(ForkedBooter.java:162)
	at org.apache.maven.surefire.booter.ForkedBooter.run(ForkedBooter.java:507)
	at org.apache.maven.surefire.booter.ForkedBooter.main(ForkedBooter.java:495)
]]></failure>
    <system-out><![CDATA[Request method:	GET
Request URI:	https://petstore.swagger.io/v2/pet/findByStatus/?status=1234
Proxy:			<none>
Request params:	status=1234
Query params:	<none>
Form params:	<none>
Path params:	<none>
Headers:		api_key=special-key
				Accept=*/*
				Content-Type=application/json
Cookies:		<none>
Multiparts:		<none>
Body:			<none>
HTTP/1.1 200 OK
Date: Fri, 02 Aug 2024 23:13:23 GMT
Content-Type: application/json
Transfer-Encoding: chunked
Connection: keep-alive
Access-Control-Allow-Origin: *
Access-Control-Allow-Methods: GET, POST, DELETE, PUT
Access-Control-Allow-Headers: Content-Type, api_key, Authorization
Server: Jetty(9.2.9.v20150224)

[
    
]
]]></system-out>
  </testcase>
  <testcase name="getPetByRemovingStatus" classname="com.au.petstore.testsAPI.GetPetByStatus" time="1.208">
    <failure message="&#10;Expected: is &lt;405&gt;&#10;     but: was &lt;200&gt;" type="java.lang.AssertionError"><![CDATA[java.lang.AssertionError: 

Expected: is <405>
     but: was <200>
	at org.hamcrest.MatcherAssert.assertThat(MatcherAssert.java:20)
	at org.hamcrest.MatcherAssert.assertThat(MatcherAssert.java:6)
	at com.au.petstore.testsAPI.GetPetByStatus.getPetByRemovingStatus(GetPetByStatus.java:68)
	at java.base/jdk.internal.reflect.NativeMethodAccessorImpl.invoke0(Native Method)
	at java.base/jdk.internal.reflect.NativeMethodAccessorImpl.invoke(NativeMethodAccessorImpl.java:62)
	at java.base/jdk.internal.reflect.DelegatingMethodAccessorImpl.invoke(DelegatingMethodAccessorImpl.java:43)
	at java.base/java.lang.reflect.Method.invoke(Method.java:566)
	at org.testng.internal.invokers.MethodInvocationHelper.invokeMethod(MethodInvocationHelper.java:139)
	at org.testng.internal.invokers.TestInvoker.invokeMethod(TestInvoker.java:664)
	at org.testng.internal.invokers.TestInvoker.invokeTestMethod(TestInvoker.java:227)
	at org.testng.internal.invokers.MethodRunner.runInSequence(MethodRunner.java:50)
	at org.testng.internal.invokers.TestInvoker$MethodInvocationAgent.invoke(TestInvoker.java:957)
	at org.testng.internal.invokers.TestInvoker.invokeTestMethods(TestInvoker.java:200)
	at org.testng.internal.invokers.TestMethodWorker.invokeTestMethods(TestMethodWorker.java:148)
	at org.testng.internal.invokers.TestMethodWorker.run(TestMethodWorker.java:128)
	at java.base/java.util.ArrayList.forEach(ArrayList.java:1541)
	at org.testng.TestRunner.privateRun(TestRunner.java:848)
	at org.testng.TestRunner.run(TestRunner.java:621)
	at org.testng.SuiteRunner.runTest(SuiteRunner.java:443)
	at org.testng.SuiteRunner.runSequentially(SuiteRunner.java:437)
	at org.testng.SuiteRunner.privateRun(SuiteRunner.java:397)
	at org.testng.SuiteRunner.run(SuiteRunner.java:336)
	at org.testng.SuiteRunnerWorker.runSuite(SuiteRunnerWorker.java:52)
	at org.testng.SuiteRunnerWorker.run(SuiteRunnerWorker.java:95)
	at org.testng.TestNG.runSuitesSequentially(TestNG.java:1280)
	at org.testng.TestNG.runSuitesLocally(TestNG.java:1200)
	at org.testng.TestNG.runSuites(TestNG.java:1114)
	at org.testng.TestNG.run(TestNG.java:1082)
	at org.apache.maven.surefire.testng.TestNGExecutor.run(TestNGExecutor.java:308)
	at org.apache.maven.surefire.testng.TestNGXmlTestSuite.execute(TestNGXmlTestSuite.java:71)
	at org.apache.maven.surefire.testng.TestNGProvider.invoke(TestNGProvider.java:113)
	at org.apache.maven.surefire.booter.ForkedBooter.runSuitesInProcess(ForkedBooter.java:385)
	at org.apache.maven.surefire.booter.ForkedBooter.execute(ForkedBooter.java:162)
	at org.apache.maven.surefire.booter.ForkedBooter.run(ForkedBooter.java:507)
	at org.apache.maven.surefire.booter.ForkedBooter.main(ForkedBooter.java:495)
]]></failure>
    <system-out><![CDATA[Request method:	GET
Request URI:	https://petstore.swagger.io/v2/pet/findByStatus/?status=
Proxy:			<none>
Request params:	status=
Query params:	<none>
Form params:	<none>
Path params:	<none>
Headers:		api_key=special-key
				Accept=*/*
				Content-Type=application/json
Cookies:		<none>
Multiparts:		<none>
Body:			<none>
HTTP/1.1 200 OK
Date: Fri, 02 Aug 2024 23:13:25 GMT
Content-Type: application/json
Transfer-Encoding: chunked
Connection: keep-alive
Access-Control-Allow-Origin: *
Access-Control-Allow-Methods: GET, POST, DELETE, PUT
Access-Control-Allow-Headers: Content-Type, api_key, Authorization
Server: Jetty(9.2.9.v20150224)

[
    {
        "id": 9222968140498488742,
        "category": {
            "id": -66855083,
            "name": "Барсик"
        },
        "photoUrls": [
            
        ],
        "tags": [
            {
                "id": 83715687,
                "name": "Котик"
            },
            {
                "id": 0,
                "name": ""
            }
        ],
        "status": ""
    }
]
]]></system-out>
  </testcase>
  <testcase name="getPetByStatus[available](1)" classname="com.au.petstore.testsAPI.GetPetByStatus" time="3.453">
    <system-out><![CDATA[Request method:	POST
Request URI:	https://petstore.swagger.io/v2/pet/
Proxy:			<none>
Request params:	<none>
Query params:	<none>
Form params:	<none>
Path params:	<none>
Headers:		api_key=special-key
				Accept=*/*
				Content-Type=application/json
Cookies:		<none>
Multiparts:		<none>
Body:
{
    "id": 422798,
    "category": {
        "id": 101,
        "name": "German"
    },
    "name": "Jackie",
    "photoUrls": [
        "https://petstore.com/Images"
    ],
    "tags": [
        {
            "id": 101,
            "name": "Australia"
        }
    ],
    "status": "available"
}
HTTP/1.1 200 OK
Date: Fri, 02 Aug 2024 23:13:26 GMT
Content-Type: application/json
Transfer-Encoding: chunked
Connection: keep-alive
Access-Control-Allow-Origin: *
Access-Control-Allow-Methods: GET, POST, DELETE, PUT
Access-Control-Allow-Headers: Content-Type, api_key, Authorization
Server: Jetty(9.2.9.v20150224)

{
    "id": 422798,
    "category": {
        "id": 101,
        "name": "German"
    },
    "name": "Jackie",
    "photoUrls": [
        "https://petstore.com/Images"
    ],
    "tags": [
        {
            "id": 101,
            "name": "Australia"
        }
    ],
    "status": "available"
}
Request method:	GET
Request URI:	https://petstore.swagger.io/v2/pet/findByStatus/?status=available
Proxy:			<none>
Request params:	status=available
Query params:	<none>
Form params:	<none>
Path params:	<none>
Headers:		api_key=special-key
				Accept=*/*
				Content-Type=application/json
Cookies:		<none>
Multiparts:		<none>
Body:			<none>
HTTP/1.1 200 OK
Date: Fri, 02 Aug 2024 23:13:28 GMT
Content-Type: application/json
Transfer-Encoding: chunked
Connection: keep-alive
Access-Control-Allow-Origin: *
Access-Control-Allow-Methods: GET, POST, DELETE, PUT
Access-Control-Allow-Headers: Content-Type, api_key, Authorization
Server: Jetty(9.2.9.v20150224)

[
    {
        "id": 9223372036854572248,
        "category": {
            "id": 0,
            "name": "string"
        },
        "name": "doggie",
        "photoUrls": [
            "string"
        ],
        "tags": [
            {
                "id": 0,
                "name": "string"
            }
        ],
        "status": "available"
    },
    {
        "id": 9223372036854572254,
        "category": {
            "id": 0,
            "name": "dogs"
        },
        "name": "Vaguito3",
        "photoUrls": [
            "string"
        ],
        "tags": [
            {
                "id": 0,
                "name": "string"
            }
        ],
        "status": "available"
    },
    {
        "id": 9223372036854572255,
        "category": {
            "id": 0,
            "name": "string"
        },
        "name": "fish",
        "photoUrls": [
            "string"
        ],
        "tags": [
            {
                "id": 0,
                "name": "string"
            }
        ],
        "status": "available"
    },
    {
        "id": 9223372036854572258,
        "category": {
            "id": 0,
            "name": "string"
        },
        "name": "doggie",
        "photoUrls": [
            "string"
        ],
        "tags": [
            {
                "id": 0,
                "name": "string"
            }
        ],
        "status": "available"
    },
    {
        "id": 9223372036854572262,
        "category": {
            "id": 0,
            "name": "dogs"
        },
        "name": "Vaguito3",
        "photoUrls": [
            "string"
        ],
        "tags": [
            {
                "id": 0,
                "name": "string"
            }
        ],
        "status": "available"
    },
    {
        "id": 9223372036854572265,
        "category": {
            "id": 0,
            "name": "string"
        },
        "name": "fish",
        "photoUrls": [
            "string"
        ],
        "tags": [
            {
                "id": 0,
                "name": "string"
            }
        ],
        "status": "available"
    },
    {
        "id": 9223372036854572266,
        "category": {
            "id": 0,
            "name": "string"
        },
        "name": "fish",
        "photoUrls": [
            "string"
        ],
        "tags": [
            {
                "id": 0,
                "name": "string"
            }
        ],
        "status": "available"
    },
    {
        "id": 9223372036854572267,
        "category": {
            "id": 0,
            "name": "string"
        },
        "name": "Puff",
        "photoUrls": [
            "string"
        ],
        "tags": [
            {
                "id": 0,
                "name": "string"
            }
        ],
        "status": "available"
    },
    {
        "id": 9223372036854572272,
        "category": {
            "id": 0,
            "name": "string"
        },
        "name": "doggie",
        "photoUrls": [
            "string"
        ],
        "tags": [
            {
                "id": 0,
                "name": "string"
            }
        ],
        "status": "available"
    },
    {
        "id": 9223372036854572273,
        "category": {
            "id": 0,
            "name": "string"
        },
        "name": "doggie'sLu",
        "photoUrls": [
            "string"
        ],
        "tags": [
            {
                "id": 0,
                "name": "string"
            }
        ],
        "status": "available"
    },
    {
        "id": 9223372036854572274,
        "category": {
            "id": 0,
            "name": "string"
        },
        "name": "doggie",
        "photoUrls": [
            "string"
        ],
        "tags": [
            {
                "id": 0,
                "name": "string"
            }
        ],
        "status": "available"
    },
    {
        "id": 9223372036854572275,
        "category": {
            "id": 0,
            "name": "string"
        },
        "name": "doggie'sLu",
        "photoUrls": [
            "string"
        ],
        "tags": [
            {
                "id": 0,
                "name": "string"
            }
        ],
        "status": "available"
    },
    {
        "id": 9223372036854572278,
        "category": {
            "id": 0,
            "name": "string"
        },
        "name": "fish",
        "photoUrls": [
            "string"
        ],
        "tags": [
            {
                "id": 0,
                "name": "string"
            }
        ],
        "status": "available"
    },
    {
        "id": 9223372036854572282,
        "category": {
            "id": 0,
            "name": "string"
        },
        "name": "fish",
        "photoUrls": [
            "string"
        ],
        "tags": [
            {
                "id": 0,
                "name": "string"
            }
        ],
        "status": "available"
    },
    {
        "id": 9223372036854572283,
        "category": {
            "id": 0,
            "name": "string"
        },
        "name": "fish",
        "photoUrls": [
            "string"
        ],
        "tags": [
            {
                "id": 0,
                "name": "string"
            }
        ],
        "status": "available"
    },
    {
        "id": 9223372036854572288,
        "category": {
            "id": 0,
            "name": "string"
        },
        "name": "fish",
        "photoUrls": [
            "string"
        ],
        "tags": [
            {
                "id": 0,
                "name": "string"
            }
        ],
        "status": "available"
    },
    {
        "id": 9223372036854572289,
        "category": {
            "id": 0,
            "name": "string"
        },
        "name": "doggie'sLu",
        "photoUrls": [
            "string"
        ],
        "tags": [
            {
                "id": 0,
                "name": "string"
            }
        ],
        "status": "available"
    },
    {
        "id": 9223372036854572290,
        "category": {
            "id": 0,
            "name": "string"
        },
        "name": "doggie'sLu",
        "photoUrls": [
            "string"
        ],
        "tags": [
            {
                "id": 0,
                "name": "string"
            }
        ],
        "status": "available"
    },
    {
        "id": 304,
        "category": {
            "id": 304,
            "name": "shibaInu"
        },
        "name": "shibaInu",
        "photoUrls": [
            "www.petstore.com/shibaInu"
        ],
        "tags": [
            {
                "id": 304,
                "name": "shibaInu"
            }
        ],
        "status": "available"
    },
    {
        "id": 9223372036854572329,
        "category": {
            "id": 0,
            "name": "string"
        },
        "name": "Akira",
        "photoUrls": [
            "string"
        ],
        "tags": [
            {
                "id": 0,
                "name": "string"
            }
        ],
        "status": "available"
    },
    {
        "id": 9223372036854572336,
        "category": {
            "id": 0,
            "name": "string"
        },
        "name": "fish",
        "photoUrls": [
            "string"
        ],
        "tags": [
            {
                "id": 0,
                "name": "string"
            }
        ],
        "status": "available"
    },
    {
        "id": 9223372036854572340,
        "category": {
            "id": 0,
            "name": "string"
        },
        "name": "fish",
        "photoUrls": [
            "string"
        ],
        "tags": [
            {
                "id": 0,
                "name": "string"
            }
        ],
        "status": "available"
    },
    {
        "id": 9223372036854572341,
        "category": {
            "id": 0,
            "name": "string"
        },
        "name": "Puff",
        "photoUrls": [
            "string"
        ],
        "tags": [
            {
                "id": 0,
                "name": "string"
            }
        ],
        "status": "available"
    },
    {
        "id": 9223372036854572352,
        "category": {
            "id": 0,
            "name": "string"
        },
        "name": "fish",
        "photoUrls": [
            "string"
        ],
        "tags": [
            {
                "id": 0,
                "name": "string"
            }
        ],
        "status": "available"
    },
    {
        "id": 9223372036854572374,
        "category": {
            "id": 0,
            "name": "string"
        },
        "name": "fish",
        "photoUrls": [
            "string"
        ],
        "tags": [
            {
                "id": 0,
                "name": "string"
            }
        ],
        "status": "available"
    },
    {
        "id": 9223372036854572396,
        "category": {
            "id": 0,
            "name": "string"
        },
        "name": "fish",
        "photoUrls": [
            "string"
        ],
        "tags": [
            {
                "id": 0,
                "name": "string"
            }
        ],
        "status": "available"
    },
    {
        "id": 9223372036854572403,
        "category": {
            "id": 0,
            "name": "string"
        },
        "name": "doggie",
        "photoUrls": [
            "string"
        ],
        "tags": [
            {
                "id": 0,
                "name": "string"
            }
        ],
        "status": "available"
    },
    {
        "id": 9223372036854572411,
        "category": {
            "id": 0,
            "name": "string"
        },
        "name": "ginger_cats",
        "photoUrls": [
            "string"
        ],
        "tags": [
            {
                "id": 0,
                "name": "string"
            }
        ],
        "status": "available"
    },
    {
        "id": 9223372036854572413,
        "category": {
            "id": 0,
            "name": "string"
        },
        "name": "fish",
        "photoUrls": [
            "string"
        ],
        "tags": [
            {
                "id": 0,
                "name": "string"
            }
        ],
        "status": "available"
    },
    {
        "id": 9223372036854572414,
        "category": {
            "id": 0,
            "name": "string"
        },
        "name": "fish",
        "photoUrls": [
            "string"
        ],
        "tags": [
            {
                "id": 0,
                "name": "string"
            }
        ],
        "status": "available"
    },
    {
        "id": 9223372036854572416,
        "category": {
            "id": 0,
            "name": "string"
        },
        "name": "Puff",
        "photoUrls": [
            "string"
        ],
        "tags": [
            {
                "id": 0,
                "name": "string"
            }
        ],
        "status": "available"
    },
    {
        "id": 9223372036854572425,
        "category": {
            "id": 0,
            "name": "string"
        },
        "name": "doggie",
        "photoUrls": [
            "string"
        ],
        "tags": [
            {
                "id": 0,
                "name": "string"
            }
        ],
        "status": "available"
    },
    {
        "id": 9223372036854572429,
        "category": {
            "id": 0,
            "name": "string"
        },
        "name": "doggie",
        "photoUrls": [
            "string"
        ],
        "tags": [
            {
                "id": 0,
                "name": "string"
            }
        ],
        "status": "available"
    },
    {
        "id": 9223372036854572432,
        "category": {
            "id": 0,
            "name": "string"
        },
        "name": "fish",
        "photoUrls": [
            "string"
        ],
        "tags": [
            {
                "id": 0,
                "name": "string"
            }
        ],
        "status": "available"
    },
    {
        "id": 9223372036854572433,
        "category": {
            "id": 0,
            "name": "string"
        },
        "name": "fish",
        "photoUrls": [
            "string"
        ],
        "tags": [
            {
                "id": 0,
                "name": "string"
            }
        ],
        "status": "available"
    },
    {
        "id": 9223372036854572434,
        "category": {
            "id": 0,
            "name": "string"
        },
        "name": "fish",
        "photoUrls": [
            "string"
        ],
        "tags": [
            {
                "id": 0,
                "name": "string"
            }
        ],
        "status": "available"
    },
    {
        "id": 9223372036854572435,
        "category": {
            "id": 0,
            "name": "string"
        },
        "name": "fish",
        "photoUrls": [
            "string"
        ],
        "tags": [
            {
                "id": 0,
                "name": "string"
            }
        ],
        "status": "available"
    },
    {
        "id": 9223372036854572442,
        "category": {
            "id": 0,
            "name": "dogs"
        },
        "name": "vaguito",
        "photoUrls": [
            "string"
        ],
        "tags": [
            {
                "id": 0,
                "name": "string"
            }
        ],
        "status": "available"
    },
    {
        "id": 1001,
        "category": {
            "id": 2,
            "name": "string"
        },
        "name": "ginger_dogs",
        "photoUrls": [
            "string"
        ],
        "tags": [
            {
                "id": 0,
                "name": "string"
            }
        ],
        "status": "available"
    },
    {
        "id": 9223372036854572467,
        "category": {
            "id": 0,
            "name": "string"
        },
        "name": "fish",
        "photoUrls": [
            "string"
        ],
        "tags": [
            {
                "id": 0,
                "name": "string"
            }
        ],
        "status": "available"
    },
    {
        "id": 9223372036854572468,
        "category": {
            "id": 0,
            "name": "string"
        },
        "name": "fish",
        "photoUrls": [
            "string"
        ],
        "tags": [
            {
                "id": 0,
                "name": "string"
            }
        ],
        "status": "available"
    },
    {
        "id": 9223372036854572469,
        "category": {
            "id": 0,
            "name": "string"
        },
        "name": "doggie",
        "photoUrls": [
            "string"
        ],
        "tags": [
            {
                "id": 0,
                "name": "string"
            }
        ],
        "status": "available"
    },
    {
        "id": 9223372036854572470,
        "category": {
            "id": 0,
            "name": "string"
        },
        "name": "Puff",
        "photoUrls": [
            "string"
        ],
        "tags": [
            {
                "id": 0,
                "name": "string"
            }
        ],
        "status": "available"
    },
    {
        "id": 9223372036854572483,
        "category": {
            "id": 0,
            "name": "string"
        },
        "name": "fish",
        "photoUrls": [
            "string"
        ],
        "tags": [
            {
                "id": 0,
                "name": "string"
            }
        ],
        "status": "available"
    },
    {
        "id": 9223372036854572491,
        "category": {
            "id": 0,
            "name": "dogs"
        },
        "name": "vaguito",
        "photoUrls": [
            "string"
        ],
        "tags": [
            {
                "id": 0,
                "name": "string"
            }
        ],
        "status": "available"
    },
    {
        "id": 9223372036854572496,
        "category": {
            "id": 0,
            "name": "string"
        },
        "name": "doggie",
        "photoUrls": [
            "string"
        ],
        "tags": [
            {
                "id": 0,
                "name": "string"
            }
        ],
        "status": "available"
    },
    {
        "id": 9223372036854572497,
        "category": {
            "id": 0,
            "name": "dogs"
        },
        "name": "vaguito5",
        "photoUrls": [
            "string"
        ],
        "tags": [
            {
                "id": 0,
                "name": "string"
            }
        ],
        "status": "available"
    },
    {
        "id": 9223372036854572503,
        "category": {
            "id": 0,
            "name": "dogs"
        },
        "name": "vaguito5",
        "photoUrls": [
            "string"
        ],
        "tags": [
            {
                "id": 0,
                "name": "string"
            }
        ],
        "status": "available"
    },
    {
        "id": 9223372036854572504,
        "category": {
            "id": 0,
            "name": "string"
        },
        "name": "fish",
        "photoUrls": [
            "string"
        ],
        "tags": [
            {
                "id": 0,
                "name": "string"
            }
        ],
        "status": "available"
    },
    {
        "id": 9223372036854572513,
        "category": {
            "id": 0,
            "name": "dogs"
        },
        "name": "Vaguito10",
        "photoUrls": [
            "string"
        ],
        "tags": [
            {
                "id": 0,
                "name": "string"
            }
        ],
        "status": "available"
    },
    {
        "id": 9223372036854572514,
        "category": {
            "id": 0,
            "name": "dogs"
        },
        "name": "Vaguito11",
        "photoUrls": [
            "string"
        ],
        "tags": [
            {
                "id": 0,
                "name": "string"
            }
        ],
        "status": "available"
    },
    {
        "id": 9223372036854572515,
        "category": {
            "id": 0,
            "name": "dogs"
        },
        "name": "Vaguito12",
        "photoUrls": [
            "string"
        ],
        "tags": [
            {
                "id": 0,
                "name": "string"
            }
        ],
        "status": "available"
    },
    {
        "id": 9223372036854572516,
        "category": {
            "id": 0,
            "name": "dogs"
        },
        "name": "Vaguito13",
        "photoUrls": [
            "string"
        ],
        "tags": [
            {
                "id": 0,
                "name": "string"
            }
        ],
        "status": "available"
    },
    {
        "id": 9223372036854572517,
        "category": {
            "id": 0,
            "name": "dogs"
        },
        "name": "Vaguito14",
        "photoUrls": [
            "string"
        ],
        "tags": [
            {
                "id": 0,
                "name": "string"
            }
        ],
        "status": "available"
    },
    {
        "id": 9223372036854572529,
        "category": {
            "id": 0,
            "name": "dogs"
        },
        "name": "Black",
        "photoUrls": [
            "string"
        ],
        "tags": [
            {
                "id": 0,
                "name": "string"
            }
        ],
        "status": "available"
    },
    {
        "id": 9223372036854572530,
        "category": {
            "id": 0,
            "name": "string"
        },
        "name": "fish",
        "photoUrls": [
            "string"
        ],
        "tags": [
            {
                "id": 0,
                "name": "string"
            }
        ],
        "status": "available"
    },
    {
        "id": 9223372036854572533,
        "category": {
            "id": 0,
            "name": "string"
        },
        "name": "doggie",
        "photoUrls": [
            "string"
        ],
        "tags": [
            {
                "id": 0,
                "name": "string"
            }
        ],
        "status": "available"
    },
    {
        "id": 9223372036854572545,
        "category": {
            "id": 0,
            "name": "string"
        },
        "name": "fish",
        "photoUrls": [
            "string"
        ],
        "tags": [
            {
                "id": 0,
                "name": "string"
            }
        ],
        "status": "available"
    },
    {
        "id": 9223372036854572546,
        "category": {
            "id": 0,
            "name": "string"
        },
        "name": "fish",
        "photoUrls": [
            "string"
        ],
        "tags": [
            {
                "id": 0,
                "name": "string"
            }
        ],
        "status": "available"
    },
    {
        "id": 9223372036854572547,
        "category": {
            "id": 0,
            "name": "string"
        },
        "name": "Puff",
        "photoUrls": [
            "string"
        ],
        "tags": [
            {
                "id": 0,
                "name": "string"
            }
        ],
        "status": "available"
    },
    {
        "id": 9223372036854572557,
        "category": {
            "id": 0,
            "name": "dogs"
        },
        "name": "vaguito1",
        "photoUrls": [
            "string"
        ],
        "tags": [
            {
                "id": 0,
                "name": "string"
            }
        ],
        "status": "available"
    },
    {
        "id": 9223372036854572558,
        "category": {
            "id": 0,
            "name": "dogs"
        },
        "name": "vaguito2",
        "photoUrls": [
            "string"
        ],
        "tags": [
            {
                "id": 0,
                "name": "string"
            }
        ],
        "status": "available"
    },
    {
        "id": 9223372036854572559,
        "category": {
            "id": 0,
            "name": "dogs"
        },
        "name": "vaguito3",
        "photoUrls": [
            "string"
        ],
        "tags": [
            {
                "id": 0,
                "name": "string"
            }
        ],
        "status": "available"
    },
    {
        "id": 9223372036854572560,
        "category": {
            "id": 0,
            "name": "dogs"
        },
        "name": "vaguito4",
        "photoUrls": [
            "string"
        ],
        "tags": [
            {
                "id": 0,
                "name": "string"
            }
        ],
        "status": "available"
    },
    {
        "id": 9223372036854572561,
        "category": {
            "id": 0,
            "name": "string"
        },
        "name": "doggie",
        "photoUrls": [
            "string"
        ],
        "tags": [
            {
                "id": 0,
                "name": "string"
            }
        ],
        "status": "available"
    },
    {
        "id": 9223372036854572562,
        "category": {
            "id": 0,
            "name": "string"
        },
        "name": "doggie",
        "photoUrls": [
            "string"
        ],
        "tags": [
            {
                "id": 0,
                "name": "string"
            }
        ],
        "status": "available"
    },
    {
        "id": 9223372036854572565,
        "category": {
            "id": 0,
            "name": "string"
        },
        "name": "fish",
        "photoUrls": [
            "string"
        ],
        "tags": [
            {
                "id": 0,
                "name": "string"
            }
        ],
        "status": "available"
    },
    {
        "id": 9223372036854572566,
        "category": {
            "id": 0,
            "name": "string"
        },
        "name": "fish",
        "photoUrls": [
            "string"
        ],
        "tags": [
            {
                "id": 0,
                "name": "string"
            }
        ],
        "status": "available"
    },
    {
        "id": 9223372036854572567,
        "category": {
            "id": 0,
            "name": "string"
        },
        "name": "fish",
        "photoUrls": [
            "string"
        ],
        "tags": [
            {
                "id": 0,
                "name": "string"
            }
        ],
        "status": "available"
    },
    {
        "id": 9223372036854572568,
        "category": {
            "id": 0,
            "name": "string"
        },
        "name": "fish",
        "photoUrls": [
            "string"
        ],
        "tags": [
            {
                "id": 0,
                "name": "string"
            }
        ],
        "status": "available"
    },
    {
        "id": 9223372036854572569,
        "category": {
            "id": 0,
            "name": "dogs"
        },
        "name": "Vaguito",
        "photoUrls": [
            "string"
        ],
        "tags": [
            {
                "id": 0,
                "name": "string"
            }
        ],
        "status": "available"
    },
    {
        "id": 9223372036854572572,
        "category": {
            "id": 0,
            "name": "dogs"
        },
        "name": "Vaguito",
        "photoUrls": [
            "string"
        ],
        "tags": [
            {
                "id": 0,
                "name": "string"
            }
        ],
        "status": "available"
    },
    {
        "id": 999,
        "category": {
            "id": 1,
            "name": "Fluffy"
        },
        "name": "Caesy",
        "photoUrls": [
            "https://placedog.net/500"
        ],
        "tags": [
            {
                "id": 0,
                "name": "dog"
            }
        ],
        "status": "available"
    },
    {
        "id": 9223372036854572599,
        "category": {
            "id": 0,
            "name": "string"
        },
        "name": "Doggie",
        "photoUrls": [
            "string"
        ],
        "tags": [
            {
                "id": 0,
                "name": "string"
            }
        ],
        "status": "available"
    },
    {
        "id": 9223372036854572608,
        "category": {
            "id": 0,
            "name": "string"
        },
        "name": "fish",
        "photoUrls": [
            "string"
        ],
        "tags": [
            {
                "id": 0,
                "name": "string"
            }
        ],
        "status": "available"
    },
    {
        "id": 9223372036854572610,
        "category": {
            "id": 98332237,
            "name": "ex aliqua"
        },
        "name": "doggie",
        "photoUrls": [
            "ut en",
            "amet proident eiusmod consectetur"
        ],
        "tags": [
            {
                "id": 757076,
                "name": "non ullamco elit"
            },
            {
                "id": -55202171,
                "name": "ex labore culpa"
            }
        ],
        "status": "available"
    },
    {
        "id": 9223372036854572612,
        "category": {
            "id": -37365655,
            "name": "ut pariatur officia"
        },
        "name": "doggie",
        "photoUrls": [
            "veniam mollit",
            "laborum cillum est"
        ],
        "tags": [
            {
                "id": 78392476,
                "name": "do nisi"
            },
            {
                "id": 18284536,
                "name": "elit irure non"
            }
        ],
        "status": "available"
    },
    {
        "id": 15476522,
        "category": {
            "id": 85459667,
            "name": "minim cupidatat sunt nisi veniam"
        },
        "name": "doggie",
        "photoUrls": [
            "aliqua",
            "consectetur esse"
        ],
        "tags": [
            {
                "id": -18585804,
                "name": "quis Ut"
            },
            {
                "id": 3151360,
                "name": "quis ut deserunt dolor"
            }
        ],
        "status": "available"
    },
    {
        "id": 9223372036854572613,
        "category": {
            "id": 0,
            "name": "string"
        },
        "name": "fish",
        "photoUrls": [
            "string"
        ],
        "tags": [
            {
                "id": 0,
                "name": "string"
            }
        ],
        "status": "available"
    },
    {
        "id": 80,
        "category": {
            "id": 10,
            "name": "Рыба"
        },
        "name": "Дружок",
        "photoUrls": [
            "esse Ut elit",
            "sint magna"
        ],
        "tags": [
            {
                "id": -36555706,
                "name": "voluptate dolor nulla labore"
            },
            {
                "id": 3842154,
                "name": "deserunt "
            }
        ],
        "status": "available"
    },
    {
        "id": 9223372036854572617,
        "category": {
            "id": 1392427,
            "name": "labore elit pariatur esse"
        },
        "name": "doggie",
        "photoUrls": [
            "ex",
            "Ut pariatur"
        ],
        "tags": [
            {
                "id": 45478774,
                "name": "non magna"
            },
            {
                "id": 6410676,
                "name": "occaecat laboris"
            }
        ],
        "status": "available"
    },
    {
        "id": 9223372036854572619,
        "category": {
            "id": -72125975,
            "name": "Lorem sint"
        },
        "name": "doggie",
        "photoUrls": [
            "proident veniam",
            "Lorem reprehenderit exercitation velit"
        ],
        "tags": [
            {
                "id": 1712705,
                "name": "Lorem elit"
            },
            {
                "id": 31182271,
                "name": "veniam do aliquip ut"
            }
        ],
        "status": "available"
    },
    {
        "id": 9223372036854572620,
        "category": {
            "id": 16166060,
            "name": "Lorem aliquip"
        },
        "name": "doggie",
        "photoUrls": [
            "cupidatat magna dolore Ut",
            "est elit consequat laboris"
        ],
        "tags": [
            {
                "id": 49478738,
                "name": "et"
            },
            {
                "id": -40327458,
                "name": "laborum do nulla"
            }
        ],
        "status": "available"
    },
    {
        "id": 6089,
        "category": {
            "id": 6089,
            "name": "nemo 1"
        },
        "name": "fishs",
        "photoUrls": [
            "https://w.forfun.com/fetch/ec/ec21683f58319755608a051e2a73c659.jpeg"
        ],
        "tags": [
            {
                "id": 0,
                "name": "string"
            }
        ],
        "status": "available"
    },
    {
        "id": 90786519,
        "category": {
            "id": 99414709,
            "name": "ut velit veniam"
        },
        "name": "doggie",
        "photoUrls": [
            "magna quis",
            "ut sit cillum commodo"
        ],
        "tags": [
            {
                "id": -22825790,
                "name": "Excepteur veniam"
            },
            {
                "id": 57872918,
                "name": "magna et"
            }
        ],
        "status": "available"
    },
    {
        "id": 16857494,
        "category": {
            "id": 22812970,
            "name": "Lorem"
        },
        "name": "doggie",
        "photoUrls": [
            "consectetur officia commodo",
            "mollit non"
        ],
        "tags": [
            {
                "id": -72572843,
                "name": "deserunt quis dolore aliquip eu"
            },
            {
                "id": -8902430,
                "name": "voluptate aliqua"
            }
        ],
        "status": "available"
    },
    {
        "id": 9223372036854572621,
        "category": {
            "id": 0,
            "name": "string"
        },
        "name": "Puff",
        "photoUrls": [
            "string"
        ],
        "tags": [
            {
                "id": 0,
                "name": "string"
            }
        ],
        "status": "available"
    },
    {
        "id": 44287874,
        "category": {
            "id": 56142504,
            "name": "proident in culpa"
        },
        "name": "doggie",
        "photoUrls": [
            "deserunt nisi occaecat adipisicing elit",
            "volup"
        ],
        "tags": [
            {
                "id": 75841058,
                "name": "enim elit labore aute"
            },
            {
                "id": 81012343,
                "name": "ullamco eiusmod aute pariatur"
            }
        ],
        "status": "available"
    },
    {
        "id": 44037029,
        "category": {
            "id": 55461079,
            "name": "Мурка"
        },
        "name": "Котичка",
        "photoUrls": [
            "consequat sint tempor",
            "amet consequat labore"
        ],
        "tags": [
            {
                "id": 31524971,
                "name": "minim ut nostrud"
            },
            {
                "id": -48012393,
                "name": "dolor sunt"
            }
        ],
        "status": "available"
    },
    {
        "id": 60687598,
        "category": {
            "id": 75968968,
            "name": "irure repr"
        },
        "name": "doggie",
        "photoUrls": [
            "cupidatat dolore tempor nostrud",
            "do reprehende"
        ],
        "tags": [
            {
                "id": -69000706,
                "name": "ut consectetur tempor amet"
            },
            {
                "id": 27016153,
                "name": "consequat"
            }
        ],
        "status": "available"
    },
    {
        "id": 9223372036854572623,
        "category": {
            "id": 30364987,
            "name": "amet do"
        },
        "name": "doggie",
        "photoUrls": [
            "ad irure dolor voluptate",
            "elit dolore minim proident"
        ],
        "tags": [
            {
                "id": -79687161,
                "name": "nostrud sunt"
            },
            {
                "id": 86727676,
                "name": "labore nisi"
            }
        ],
        "status": "available"
    },
    {
        "id": 6666,
        "category": {
            "id": 2,
            "name": "for"
        },
        "name": "fun",
        "photoUrls": [
            "string"
        ],
        "tags": [
            {
                "id": 0,
                "name": "string"
            }
        ],
        "status": "available"
    },
    {
        "id": 9223372036854572629,
        "category": {
            "id": 41404343,
            "name": "Lorem Excepteur deserunt eu"
        },
        "name": "doggie",
        "photoUrls": [
            "consectetur",
            "ut aute"
        ],
        "tags": [
            {
                "id": 22539451,
                "name": "ad est esse"
            },
            {
                "id": 57520874,
                "name": "id exercitation dolore minim"
            }
        ],
        "status": "available"
    },
    {
        "id": 9223372036854572630,
        "category": {
            "id": 0,
            "name": "string"
        },
        "name": "doggie",
        "photoUrls": [
            "string"
        ],
        "tags": [
            {
                "id": 0,
                "name": "string"
            }
        ],
        "status": "available"
    },
    {
        "id": 16192485,
        "category": {
            "id": 62291983,
            "name": "consectetur nostrud"
        },
        "name": "doggie",
        "photoUrls": [
            "ipsum incididunt in",
            "magna ullamco et"
        ],
        "tags": [
            {
                "id": 25068722,
                "name": "velit dolore labore"
            },
            {
                "id": 75633110,
                "name": "tempor sunt quis et officia"
            }
        ],
        "status": "available"
    },
    {
        "id": 25,
        "category": {
            "id": 0,
            "name": "string"
        },
        "name": "doggie",
        "photoUrls": [
            "string"
        ],
        "tags": [
            {
                "id": 0,
                "name": "string"
            }
        ],
        "status": "available"
    },
    {
        "id": 64784839394974,
        "category": {
            "id": 1000,
            "name": "catt"
        },
        "name": "catty",
        "photoUrls": [
            "string"
        ],
        "tags": [
            {
                "id": 1,
                "name": "tag1"
            }
        ],
        "status": "available"
    },
    {
        "id": 89012937,
        "category": {
            "id": -27522541,
            "name": "voluptate laborum elit ex"
        },
        "name": "doggie",
        "photoUrls": [
            "anim in occaecat dolore Excepteur",
            "ut minim dolor pariatur"
        ],
        "tags": [
            {
                "id": -59197242,
                "name": "sint Excepteur in"
            },
            {
                "id": -11301750,
                "name": "pariatur"
            }
        ],
        "status": "available"
    },
    {
        "id": 24,
        "category": {
            "id": 0,
            "name": "string"
        },
        "name": "doggie",
        "photoUrls": [
            "string"
        ],
        "tags": [
            {
                "id": 0,
                "name": "string"
            }
        ],
        "status": "available"
    },
    {
        "id": 26,
        "category": {
            "id": 0,
            "name": "string"
        },
        "name": "doggie",
        "photoUrls": [
            "string"
        ],
        "tags": [
            {
                "id": 0,
                "name": "string"
            }
        ],
        "status": "available"
    },
    {
        "id": 9223372036854572644,
        "category": {
            "id": -76924629,
            "name": "et exercitation dolor ut"
        },
        "name": "Candy",
        "photoUrls": [
            "culpa mollit aliqua",
            "esse nulla laboris Lorem non"
        ],
        "tags": [
            {
                "id": -38751365,
                "name": "tempor cupidatat ad eiusmod"
            },
            {
                "id": 48919856,
                "name": "tempor est"
            }
        ],
        "status": "available"
    },
    {
        "id": 9223372036854572645,
        "category": {
            "id": 0,
            "name": "horse"
        },
        "name": "Black",
        "photoUrls": [
            "string"
        ],
        "tags": [
            {
                "id": 0,
                "name": "string"
            }
        ],
        "status": "available"
    },
    {
        "id": 9223372036854572646,
        "category": {
            "id": 67611315,
            "name": "consequat adipisicing magna"
        },
        "name": "doggie",
        "photoUrls": [
            "ut culpa",
            "in ut"
        ],
        "tags": [
            {
                "id": -61615889,
                "name": "occaecat est veniam"
            },
            {
                "id": -6300284,
                "name": "sed irure"
            }
        ],
        "status": "available"
    },
    {
        "id": 19764410,
        "category": {
            "id": -5476781,
            "name": "quis sit aute anim"
        },
        "name": "doggie",
        "photoUrls": [
            "commodo elit irure",
            "quis consequat deserunt eu eiusmod"
        ],
        "tags": [
            {
                "id": 24327777,
                "name": "nostrud sed"
            },
            {
                "id": -89952348,
                "name": "sunt aliquip"
            }
        ],
        "status": "available"
    },
    {
        "id": 9223372036854572650,
        "category": {
            "id": 75111092,
            "name": "dolore ut"
        },
        "name": "doggie",
        "photoUrls": [
            "ipsum",
            "quis sit"
        ],
        "tags": [
            {
                "id": 1370397,
                "name": "adipisicing"
            },
            {
                "id": 77232041,
                "name": "ipsum repr"
            }
        ],
        "status": "available"
    },
    {
        "id": 9223372036854572651,
        "category": {
            "id": 0,
            "name": "string"
        },
        "name": "morce",
        "photoUrls": [
            "string"
        ],
        "tags": [
            {
                "id": 0,
                "name": "string"
            }
        ],
        "status": "available"
    },
    {
        "id": 9223372036854572652,
        "category": {
            "id": 0,
            "name": "string"
        },
        "name": "doggie",
        "photoUrls": [
            "string"
        ],
        "tags": [
            {
                "id": 0,
                "name": "string"
            }
        ],
        "status": "available"
    },
    {
        "id": 9223372036854572653,
        "category": {
            "id": 0,
            "name": "string"
        },
        "name": "fish",
        "photoUrls": [
            "string"
        ],
        "tags": [
            {
                "id": 0,
                "name": "string"
            }
        ],
        "status": "available"
    },
    {
        "id": 9223372036854572657,
        "category": {
            "id": 0,
            "name": "Carrot"
        },
        "name": "doggie",
        "photoUrls": [
            "string"
        ],
        "tags": [
            {
                "id": 0,
                "name": "string"
            }
        ],
        "status": "available"
    },
    {
        "id": 99672469,
        "category": {
            "id": -72804219,
            "name": "velit occaecat enim"
        },
        "name": "doggie",
        "photoUrls": [
            "reprehenderit culpa",
            "sit labore consectetur i"
        ],
        "tags": [
            {
                "id": 89701623,
                "name": "aute"
            },
            {
                "id": -17583688,
                "name": "sed Duis Excepteur "
            }
        ],
        "status": "available"
    },
    {
        "id": 9223372036854572662,
        "category": {
            "id": 9223372036854775807,
            "name": "string"
        },
        "name": "doggie2711",
        "photoUrls": [
            "string"
        ],
        "tags": [
            {
                "id": 0,
                "name": "string"
            }
        ],
        "status": "available"
    },
    {
        "id": 9898989899,
        "category": {
            "id": 0,
            "name": "cat"
        },
        "name": "marko",
        "photoUrls": [
            "undefined"
        ],
        "tags": [
            {
                "id": 0,
                "name": "new"
            }
        ],
        "status": "available"
    },
    {
        "id": 989898989945421,
        "category": {
            "id": 9898989899,
            "name": "cat one's"
        },
        "name": "marko one love",
        "photoUrls": [
            "null"
        ],
        "tags": [
            {
                "id": 0,
                "name": "cat"
            }
        ],
        "status": "available"
    },
    {
        "id": 25253093,
        "category": {
            "id": -8712087,
            "name": "incididunt ullamco Lorem pariatur"
        },
        "name": "doggie",
        "photoUrls": [
            "in nulla",
            "consequat officia aliqua sint"
        ],
        "tags": [
            {
                "id": 1776061,
                "name": "pariatur Excepteur"
            },
            {
                "id": -16418227,
                "name": "cupidatat eu est veniam"
            }
        ],
        "status": "available"
    },
    {
        "id": 74784015,
        "category": {
            "id": -66411488,
            "name": "velit"
        },
        "name": "doggie",
        "photoUrls": [
            "Ut",
            "culpa consectetur aliqua adipisicing"
        ],
        "tags": [
            {
                "id": 17942317,
                "name": "consectetur laboris pariatur proid"
            },
            {
                "id": 62813114,
                "name": "sint"
            }
        ],
        "status": "available"
    },
    {
        "id": 402,
        "category": {
            "id": 0,
            "name": "Keshaun_Lind"
        },
        "name": "catty",
        "photoUrls": [
            "string"
        ],
        "tags": [
            {
                "id": 0,
                "name": "string"
            }
        ],
        "status": "available"
    },
    {
        "id": 1536597,
        "category": {
            "id": 1,
            "name": "Animale Dolofane"
        },
        "name": "Panda",
        "photoUrls": [
            "/test"
        ],
        "tags": [
            {
                "id": 0,
                "name": "string"
            }
        ],
        "status": "available"
    },
    {
        "id": 50002,
        "category": {
            "id": 0,
            "name": "string"
        },
        "name": "doggie",
        "photoUrls": [
            "string"
        ],
        "tags": [
            {
                "id": 0,
                "name": "string"
            }
        ],
        "status": "available"
    },
    {
        "id": 102,
        "category": {
            "id": 102,
            "name": "Cat"
        },
        "name": "Tom",
        "photoUrls": [
            "CatURL"
        ],
        "tags": [
            {
                "id": 1002,
                "name": "Angry"
            }
        ],
        "status": "available"
    },
    {
        "id": 2293981,
        "category": {
            "id": 61152320,
            "name": "qui dolore nostrud Duis"
        },
        "name": "doggie",
        "photoUrls": [
            "in esse dolore",
            "consectetur dolore exercitation"
        ],
        "tags": [
            {
                "id": 16333697,
                "name": "incididunt et nostrud"
            },
            {
                "id": -53725039,
                "name": "aute fugiat"
            }
        ],
        "status": "available"
    },
    {
        "id": 5786256,
        "category": {
            "id": -44713072,
            "name": "reprehenderit irure"
        },
        "name": "doggie",
        "photoUrls": [
            "ut nisi ea tempor",
            "reprehenderit"
        ],
        "tags": [
            {
                "id": -18411144,
                "name": "aliqua reprehenderit"
            },
            {
                "id": 86685319,
                "name": "minim reprehenderit laboris c"
            }
        ],
        "status": "available"
    },
    {
        "id": 103,
        "category": {
            "id": 103,
            "name": "Mouse"
        },
        "name": "Jerry",
        "photoUrls": [
            "MouseURL"
        ],
        "tags": [
            {
                "id": 1003,
                "name": "Little"
            }
        ],
        "status": "available"
    },
    {
        "id": 14142084,
        "category": {
            "id": -86643235,
            "name": "in anim"
        },
        "name": "doggie",
        "photoUrls": [
            "Duis aute nostrud",
            "irure nisi cupida"
        ],
        "tags": [
            {
                "id": -74211391,
                "name": "esse qui elit"
            },
            {
                "id": -7539062,
                "name": "exercitation aliqua labore cupidatat"
            }
        ],
        "status": "available"
    },
    {
        "id": 9223372036854775460,
        "category": {
            "id": 57600819,
            "name": "culpa sunt"
        },
        "name": "doggie",
        "photoUrls": [
            "minim ex",
            "Lorem Duis do"
        ],
        "tags": [
            {
                "id": 82103633,
                "name": "nulla"
            },
            {
                "id": -18652653,
                "name": "commodo Excepteur pariatur"
            }
        ],
        "status": "available"
    },
    {
        "id": 455,
        "category": {
            "id": 54565654,
            "name": "fish"
        },
        "name": "Nemo_fisher",
        "photoUrls": [
            "<string>",
            "<string>"
        ],
        "tags": [
            {
                "id": 575752,
                "name": "<string>"
            },
            {
                "id": 5275275,
                "name": "<string>"
            }
        ],
        "status": "available"
    },
    {
        "id": 9223372036854775462,
        "category": {
            "id": 38789742,
            "name": "laboris"
        },
        "name": "doggie",
        "photoUrls": [
            "Excepteur laboris occaecat",
            "consequat mollit"
        ],
        "tags": [
            {
                "id": 66894629,
                "name": "sit cillu"
            },
            {
                "id": -91074335,
                "name": "et exercit"
            }
        ],
        "status": "available"
    },
    {
        "id": 9223372036854775464,
        "category": {
            "id": 0,
            "name": "Johan"
        },
        "name": "doggie",
        "photoUrls": [
            "string"
        ],
        "tags": [
            {
                "id": 0,
                "name": "string"
            }
        ],
        "status": "available"
    },
    {
        "id": 9223372036854775465,
        "category": {
            "id": 0,
            "name": ""
        },
        "name": "doggie",
        "photoUrls": [
            "string"
        ],
        "tags": [
            {
                "id": 0,
                "name": "string"
            }
        ],
        "status": "available"
    },
    {
        "id": 3770,
        "category": {
            "id": 1,
            "name": "Dogs"
        },
        "name": "Fluffy",
        "photoUrls": [
            "string"
        ],
        "tags": [
            {
                "id": 1,
                "name": "tag1"
            }
        ],
        "status": "available"
    },
    {
        "id": 2334563,
        "category": {
            "id": 2,
            "name": "dog"
        },
        "name": "doggie-yoggie",
        "photoUrls": [
            
        ],
        "tags": [
            
        ],
        "status": "available"
    },
    {
        "id": 6513,
        "category": {
            "id": 1,
            "name": "Dogs"
        },
        "name": "Fluffy",
        "photoUrls": [
            "string"
        ],
        "tags": [
            {
                "id": 1,
                "name": "tag1"
            }
        ],
        "status": "available"
    },
    {
        "id": 9223372036854775473,
        "category": {
            "id": 0,
            "name": "dogs"
        },
        "name": "Vaguito10",
        "photoUrls": [
            "string"
        ],
        "tags": [
            {
                "id": 0,
                "name": "string"
            }
        ],
        "status": "available"
    },
    {
        "id": 9223372036854775474,
        "category": {
            "id": 0,
            "name": "dogs"
        },
        "name": "Vaguito11",
        "photoUrls": [
            "string"
        ],
        "tags": [
            {
                "id": 0,
                "name": "string"
            }
        ],
        "status": "available"
    },
    {
        "id": 9223372036854775476,
        "category": {
            "id": 0,
            "name": "dogs"
        },
        "name": "Vaguito12",
        "photoUrls": [
            "string"
        ],
        "tags": [
            {
                "id": 0,
                "name": "string"
            }
        ],
        "status": "available"
    },
    {
        "id": 9223372036854775477,
        "category": {
            "id": 0,
            "name": "dogs"
        },
        "name": "Vaguito13",
        "photoUrls": [
            "string"
        ],
        "tags": [
            {
                "id": 0,
                "name": "string"
            }
        ],
        "status": "available"
    },
    {
        "id": 9223372036854775478,
        "category": {
            "id": 0,
            "name": "dogs"
        },
        "name": "Vaguito14",
        "photoUrls": [
            "string"
        ],
        "tags": [
            {
                "id": 0,
                "name": "string"
            }
        ],
        "status": "available"
    },
    {
        "id": 9223372036854775481,
        "category": {
            "id": 0,
            "name": "string"
        },
        "name": "fish",
        "photoUrls": [
            "string"
        ],
        "tags": [
            {
                "id": 0,
                "name": "string"
            }
        ],
        "status": "available"
    },
    {
        "id": 9879,
        "category": {
            "id": 900,
            "name": "dogs"
        },
        "name": "Pushok",
        "photoUrls": [
            "string"
        ],
        "tags": [
            {
                "id": 0,
                "name": "string"
            }
        ],
        "status": "available"
    },
    {
        "id": 85964529,
        "category": {
            "id": -85148330,
            "name": "eiusmod occaecat minim anim"
        },
        "name": "doggie",
        "photoUrls": [
            "sed eu nulla",
            "sed magna mollit"
        ],
        "tags": [
            {
                "id": -19521509,
                "name": "adipisicing in"
            },
            {
                "id": -44277506,
                "name": "mollit aliquip sed in"
            }
        ],
        "status": "available"
    },
    {
        "id": 9223372036854775483,
        "category": {
            "id": 0,
            "name": "string"
        },
        "name": "Doggie",
        "photoUrls": [
            "string"
        ],
        "tags": [
            {
                "id": 0,
                "name": "string"
            }
        ],
        "status": "available"
    },
    {
        "id": 72638067,
        "category": {
            "id": 61967468,
            "name": "Duis eiusmod non voluptat"
        },
        "name": "doggie",
        "photoUrls": [
            "deserunt Duis qui",
            "dolor in voluptate"
        ],
        "tags": [
            {
                "id": -36386852,
                "name": "e"
            },
            {
                "id": 77359864,
                "name": "velit"
            }
        ],
        "status": "available"
    },
    {
        "id": 9223372036854775486,
        "category": {
            "id": 42203516,
            "name": "tempor quis nulla"
        },
        "name": "doggie",
        "photoUrls": [
            "proident est aute nostrud eu",
            "labore culpa ex deserunt"
        ],
        "tags": [
            {
                "id": -53145620,
                "name": "consequat dolor"
            },
            {
                "id": -60009224,
                "name": "ad"
            }
        ],
        "status": "available"
    },
    {
        "id": 9223372036854775487,
        "category": {
            "id": -76062047,
            "name": "aute eu incididunt commodo anim"
        },
        "name": "doggie",
        "photoUrls": [
            "ex ",
            "in labore elit sed adipisicing"
        ],
        "tags": [
            {
                "id": -34665969,
                "name": "sunt labor"
            },
            {
                "id": -37223787,
                "name": "proide"
            }
        ],
        "status": "available"
    },
    {
        "id": 42185241,
        "category": {
            "id": -36607462,
            "name": "occaecat minim"
        },
        "name": "doggie",
        "photoUrls": [
            "Duis ea dolor anim",
            "Lorem quis deserunt occaecat"
        ],
        "tags": [
            {
                "id": -22418181,
                "name": "ipsum sit ad"
            },
            {
                "id": 47214278,
                "name": "Lorem nulla"
            }
        ],
        "status": "available"
    },
    {
        "id": 70586304,
        "category": {
            "id": 22059979,
            "name": "fish"
        },
        "name": "nemo",
        "photoUrls": [
            "tempor laboris",
            "https://klev26.ru/wp-content/uploads/b/d/4/bd40f13a82154aa08445aee40cf1186d.jpeg"
        ],
        "tags": [
            {
                "id": -16259777,
                "name": "qui veniam fugia"
            },
            {
                "id": 16047041,
                "name": "Duis ex ut"
            }
        ],
        "status": "available"
    },
    {
        "id": 70586304435,
        "category": {
            "id": 22059979,
            "name": "fishs"
        },
        "name": "nemo fish",
        "photoUrls": [
            "tempor laboris",
            "https://klev26.ru/wp-content/uploads/b/d/4/bd40f13a82154aa08445aee40cf1186d.jpeg"
        ],
        "tags": [
            {
                "id": -16259777,
                "name": "qui veniam fugia"
            },
            {
                "id": 16047041,
                "name": "Duis ex ut"
            }
        ],
        "status": "available"
    },
    {
        "id": 9223372036854775489,
        "category": {
            "id": 0,
            "name": "mankey"
        },
        "name": "banan",
        "photoUrls": [
            "string"
        ],
        "tags": [
            {
                "id": 0,
                "name": "string"
            }
        ],
        "status": "available"
    },
    {
        "id": 9223372036854775491,
        "category": {
            "id": 0,
            "name": "Body"
        },
        "name": "Body",
        "photoUrls": [
            "string"
        ],
        "tags": [
            {
                "id": 0,
                "name": "string"
            }
        ],
        "status": "available"
    },
    {
        "id": 802802802,
        "category": {
            "id": 0,
            "name": "string"
        },
        "name": "angel",
        "photoUrls": [
            "string"
        ],
        "tags": [
            {
                "id": 0,
                "name": "string"
            }
        ],
        "status": "available"
    },
    {
        "id": 9223372036854775492,
        "category": {
            "id": 0,
            "name": "string"
        },
        "name": "test",
        "photoUrls": [
            "string"
        ],
        "tags": [
            {
                "id": 0,
                "name": "string"
            }
        ],
        "status": "available"
    },
    {
        "id": 9223372036854775493,
        "category": {
            "id": 0,
            "name": "string"
        },
        "name": "Doggie",
        "photoUrls": [
            "string"
        ],
        "tags": [
            {
                "id": 0,
                "name": "string"
            }
        ],
        "status": "available"
    },
    {
        "id": 44403346,
        "category": {
            "id": -7356342,
            "name": "qui dolor"
        },
        "name": "doggie",
        "photoUrls": [
            "dolore mollit dolo",
            "qui in laborum "
        ],
        "tags": [
            {
                "id": 29212366,
                "name": "ullamc"
            },
            {
                "id": 68937462,
                "name": "et in sit"
            }
        ],
        "status": "available"
    },
    {
        "id": 9223372036854775494,
        "category": {
            "id": 0,
            "name": "string"
        },
        "name": "Doggie",
        "photoUrls": [
            "string"
        ],
        "tags": [
            {
                "id": 0,
                "name": "string"
            }
        ],
        "status": "available"
    },
    {
        "id": 9223372036854775495,
        "category": {
            "id": 0,
            "name": "string"
        },
        "name": "Doggie",
        "photoUrls": [
            "string"
        ],
        "tags": [
            {
                "id": 0,
                "name": "string"
            }
        ],
        "status": "available"
    },
    {
        "id": 9223372036854775499,
        "category": {
            "id": 0,
            "name": "string"
        },
        "name": "Doggie",
        "photoUrls": [
            "string"
        ],
        "tags": [
            {
                "id": 0,
                "name": "string"
            }
        ],
        "status": "available"
    },
    {
        "id": 9223372036854775502,
        "category": {
            "id": 0,
            "name": "string"
        },
        "name": "Doggie",
        "photoUrls": [
            "string"
        ],
        "tags": [
            {
                "id": 0,
                "name": "string"
            }
        ],
        "status": "available"
    },
    {
        "id": 9223372036854775503,
        "category": {
            "id": 0,
            "name": "string"
        },
        "name": "Doggie",
        "photoUrls": [
            "string"
        ],
        "tags": [
            {
                "id": 0,
                "name": "string"
            }
        ],
        "status": "available"
    },
    {
        "id": 9223372036854775504,
        "category": {
            "id": 0,
            "name": "string"
        },
        "name": "doggie",
        "photoUrls": [
            "string"
        ],
        "tags": [
            {
                "id": 0,
                "name": "string"
            }
        ],
        "status": "available"
    },
    {
        "id": 9223372036854775505,
        "category": {
            "id": 0,
            "name": "string"
        },
        "name": "Doggie",
        "photoUrls": [
            "string"
        ],
        "tags": [
            {
                "id": 0,
                "name": "string"
            }
        ],
        "status": "available"
    },
    {
        "id": 9223372036854775506,
        "category": {
            "id": 0,
            "name": "string"
        },
        "name": "Doggie",
        "photoUrls": [
            "string"
        ],
        "tags": [
            {
                "id": 0,
                "name": "string"
            }
        ],
        "status": "available"
    },
    {
        "id": 9223372036854775507,
        "category": {
            "id": 0,
            "name": "string"
        },
        "name": "Doggie",
        "photoUrls": [
            "string"
        ],
        "tags": [
            {
                "id": 0,
                "name": "string"
            }
        ],
        "status": "available"
    },
    {
        "id": 9223372036854775508,
        "category": {
            "id": 0,
            "name": "string"
        },
        "name": "Doggie",
        "photoUrls": [
            "string"
        ],
        "tags": [
            {
                "id": 0,
                "name": "string"
            }
        ],
        "status": "available"
    },
    {
        "id": 9223372036854775510,
        "category": {
            "id": 0,
            "name": "string"
        },
        "name": "Doggie",
        "photoUrls": [
            "string"
        ],
        "tags": [
            {
                "id": 0,
                "name": "string"
            }
        ],
        "status": "available"
    },
    {
        "id": 9222968140497180179,
        "category": {
            "id": 0,
            "name": "string"
        },
        "name": "test",
        "photoUrls": [
            "string"
        ],
        "tags": [
            {
                "id": 0,
                "name": "string"
            }
        ],
        "status": "available"
    },
    {
        "id": 9223372036854775511,
        "category": {
            "id": 0,
            "name": "string"
        },
        "name": "doggie",
        "photoUrls": [
            "string"
        ],
        "tags": [
            {
                "id": 0,
                "name": "string"
            }
        ],
        "status": "available"
    },
    {
        "id": 9223372036854775512,
        "category": {
            "id": 0,
            "name": "string"
        },
        "name": "Doggie",
        "photoUrls": [
            "string"
        ],
        "tags": [
            {
                "id": 0,
                "name": "string"
            }
        ],
        "status": "available"
    },
    {
        "id": 9223372036854775513,
        "category": {
            "id": 0,
            "name": "string"
        },
        "name": "doggie",
        "photoUrls": [
            "string"
        ],
        "tags": [
            {
                "id": 0,
                "name": "string"
            }
        ],
        "status": "available"
    },
    {
        "id": 9223372036854775516,
        "category": {
            "id": 0,
            "name": "string"
        },
        "name": "Doggie",
        "photoUrls": [
            "string"
        ],
        "tags": [
            {
                "id": 0,
                "name": "string"
            }
        ],
        "status": "available"
    },
    {
        "id": 9223372036854775519,
        "category": {
            "id": 0,
            "name": "string"
        },
        "name": "Doggie",
        "photoUrls": [
            "string"
        ],
        "tags": [
            {
                "id": 0,
                "name": "string"
            }
        ],
        "status": "available"
    },
    {
        "id": 9223372036854775524,
        "category": {
            "id": 0,
            "name": "string"
        },
        "name": "Doggie",
        "photoUrls": [
            "string"
        ],
        "tags": [
            {
                "id": 0,
                "name": "string"
            }
        ],
        "status": "available"
    },
    {
        "id": 9223372036854775525,
        "category": {
            "id": 0,
            "name": "string"
        },
        "name": "Doggie",
        "photoUrls": [
            "string"
        ],
        "tags": [
            {
                "id": 0,
                "name": "string"
            }
        ],
        "status": "available"
    },
    {
        "id": 9223372036854775529,
        "category": {
            "id": 0,
            "name": "string"
        },
        "name": "Doggie",
        "photoUrls": [
            "string"
        ],
        "tags": [
            {
                "id": 0,
                "name": "string"
            }
        ],
        "status": "available"
    },
    {
        "id": 9223372036854775532,
        "category": {
            "id": 0,
            "name": "cat"
        },
        "name": "Vasiliy",
        "photoUrls": [
            "string"
        ],
        "tags": [
            {
                "id": 0,
                "name": "string"
            }
        ],
        "status": "available"
    },
    {
        "id": 9223372036854775533,
        "category": {
            "id": 0,
            "name": "string"
        },
        "name": "fish",
        "photoUrls": [
            "string"
        ],
        "tags": [
            {
                "id": 0,
                "name": "string"
            }
        ],
        "status": "available"
    },
    {
        "id": 9223372036854775535,
        "category": {
            "id": 0,
            "name": "string"
        },
        "name": "doggie",
        "photoUrls": [
            "string"
        ],
        "tags": [
            {
                "id": 0,
                "name": "string"
            }
        ],
        "status": "available"
    },
    {
        "id": 9222968140491042131,
        "category": {
            "id": 0,
            "name": "string"
        },
        "name": "doggie",
        "photoUrls": [
            "string"
        ],
        "tags": [
            {
                "id": 0,
                "name": "string"
            }
        ],
        "status": "available"
    },
    {
        "id": 9223372036854775539,
        "category": {
            "id": 0,
            "name": "string"
        },
        "name": "fish",
        "photoUrls": [
            "string"
        ],
        "tags": [
            {
                "id": 0,
                "name": "string"
            }
        ],
        "status": "available"
    },
    {
        "id": 9223372036854775542,
        "category": {
            "id": 0,
            "name": "string"
        },
        "name": "Puff",
        "photoUrls": [
            "string"
        ],
        "tags": [
            {
                "id": 0,
                "name": "string"
            }
        ],
        "status": "available"
    },
    {
        "id": 9223372036854775544,
        "category": {
            "id": 0,
            "name": "string"
        },
        "name": "fish",
        "photoUrls": [
            "string"
        ],
        "tags": [
            {
                "id": 0,
                "name": "string"
            }
        ],
        "status": "available"
    },
    {
        "id": 30,
        "category": {
            "id": 0,
            "name": "string"
        },
        "name": "doggie",
        "photoUrls": [
            "string"
        ],
        "tags": [
            {
                "id": 0,
                "name": "string"
            }
        ],
        "status": "available"
    },
    {
        "id": 29,
        "category": {
            "id": 0,
            "name": "string"
        },
        "name": "doggie",
        "photoUrls": [
            "string"
        ],
        "tags": [
            {
                "id": 0,
                "name": "string"
            }
        ],
        "status": "available"
    },
    {
        "id": 28,
        "category": {
            "id": 0,
            "name": "string"
        },
        "name": "doggie",
        "photoUrls": [
            "string"
        ],
        "tags": [
            {
                "id": 0,
                "name": "string"
            }
        ],
        "status": "available"
    },
    {
        "id": 20,
        "category": {
            "id": 0,
            "name": "string"
        },
        "name": "doggie",
        "photoUrls": [
            "string"
        ],
        "tags": [
            {
                "id": 0,
                "name": "string"
            }
        ],
        "status": "available"
    },
    {
        "id": 23,
        "category": {
            "id": 0,
            "name": "string"
        },
        "name": "doggie",
        "photoUrls": [
            "string"
        ],
        "tags": [
            {
                "id": 0,
                "name": "string"
            }
        ],
        "status": "available"
    },
    {
        "id": 9223372036854775549,
        "category": {
            "id": 0,
            "name": "string"
        },
        "name": "doggie",
        "photoUrls": [
            "string"
        ],
        "tags": [
            {
                "id": 0,
                "name": "string"
            }
        ],
        "status": "available"
    },
    {
        "id": 9223372036854775550,
        "category": {
            "id": 0,
            "name": "string"
        },
        "name": "doggie",
        "photoUrls": [
            "string"
        ],
        "tags": [
            {
                "id": 0,
                "name": "string"
            }
        ],
        "status": "available"
    },
    {
        "id": 9223372036854775554,
        "category": {
            "id": 0,
            "name": "string"
        },
        "name": "fish",
        "photoUrls": [
            "string"
        ],
        "tags": [
            {
                "id": 0,
                "name": "string"
            }
        ],
        "status": "available"
    },
    {
        "id": 9223372036854775555,
        "category": {
            "id": 0,
            "name": "string"
        },
        "name": "fish",
        "photoUrls": [
            "string"
        ],
        "tags": [
            {
                "id": 0,
                "name": "string"
            }
        ],
        "status": "available"
    },
    {
        "id": 9223372036854775556,
        "category": {
            "id": 0,
            "name": "string"
        },
        "name": "fish",
        "photoUrls": [
            "string"
        ],
        "tags": [
            {
                "id": 0,
                "name": "string"
            }
        ],
        "status": "available"
    },
    {
        "id": 9223372036854775557,
        "category": {
            "id": 0,
            "name": "string"
        },
        "name": "fish",
        "photoUrls": [
            "string"
        ],
        "tags": [
            {
                "id": 0,
                "name": "string"
            }
        ],
        "status": "available"
    },
    {
        "id": 9223372036854775567,
        "category": {
            "id": 0,
            "name": "string"
        },
        "name": "Doggie",
        "photoUrls": [
            "string"
        ],
        "tags": [
            {
                "id": 0,
                "name": "string"
            }
        ],
        "status": "available"
    },
    {
        "id": 9223372036854775568,
        "category": {
            "id": 0,
            "name": "string"
        },
        "name": "Doggie",
        "photoUrls": [
            "string"
        ],
        "tags": [
            {
                "id": 0,
                "name": "string"
            }
        ],
        "status": "available"
    },
    {
        "id": 9223372036854775569,
        "category": {
            "id": 0,
            "name": "string"
        },
        "name": "Doggie",
        "photoUrls": [
            "string"
        ],
        "tags": [
            {
                "id": 0,
                "name": "string"
            }
        ],
        "status": "available"
    },
    {
        "id": 9223372036854775570,
        "category": {
            "id": 0,
            "name": "string"
        },
        "name": "Doggie",
        "photoUrls": [
            "string"
        ],
        "tags": [
            {
                "id": 0,
                "name": "string"
            }
        ],
        "status": "available"
    },
    {
        "id": 9223372036854775571,
        "category": {
            "id": 0,
            "name": "string"
        },
        "name": "Doggie",
        "photoUrls": [
            "string"
        ],
        "tags": [
            {
                "id": 0,
                "name": "string"
            }
        ],
        "status": "available"
    },
    {
        "id": 9223372036854775574,
        "category": {
            "id": 0,
            "name": "string"
        },
        "name": "Doggie",
        "photoUrls": [
            "string"
        ],
        "tags": [
            {
                "id": 0,
                "name": "string"
            }
        ],
        "status": "available"
    },
    {
        "id": 9223372036854775575,
        "category": {
            "id": 0,
            "name": "string"
        },
        "name": "Doggie",
        "photoUrls": [
            "string"
        ],
        "tags": [
            {
                "id": 0,
                "name": "string"
            }
        ],
        "status": "available"
    },
    {
        "id": 9223372036854775576,
        "category": {
            "id": 0,
            "name": "string"
        },
        "name": "Doggie",
        "photoUrls": [
            "string"
        ],
        "tags": [
            {
                "id": 0,
                "name": "string"
            }
        ],
        "status": "available"
    },
    {
        "id": 9223372036854775578,
        "category": {
            "id": 0,
            "name": "string"
        },
        "name": "Doggie",
        "photoUrls": [
            "string"
        ],
        "tags": [
            {
                "id": 0,
                "name": "string"
            }
        ],
        "status": "available"
    },
    {
        "id": 9223372036854775596,
        "category": {
            "id": 0,
            "name": "string"
        },
        "name": "fish",
        "photoUrls": [
            "string"
        ],
        "tags": [
            {
                "id": 0,
                "name": "string"
            }
        ],
        "status": "available"
    },
    {
        "id": 9223372036854775597,
        "category": {
            "id": 0,
            "name": "string"
        },
        "name": "fish",
        "photoUrls": [
            "string"
        ],
        "tags": [
            {
                "id": 0,
                "name": "string"
            }
        ],
        "status": "available"
    },
    {
        "id": 9223372036854775598,
        "category": {
            "id": 0,
            "name": "string"
        },
        "name": "Puff",
        "photoUrls": [
            "string"
        ],
        "tags": [
            {
                "id": 0,
                "name": "string"
            }
        ],
        "status": "available"
    },
    {
        "id": 9223372036854775605,
        "category": {
            "id": 0,
            "name": "string"
        },
        "name": "doggie",
        "photoUrls": [
            "string"
        ],
        "tags": [
            {
                "id": 0,
                "name": "string"
            }
        ],
        "status": "available"
    },
    {
        "id": 9223372036854775613,
        "category": {
            "id": 0,
            "name": "string"
        },
        "name": "fish",
        "photoUrls": [
            "string"
        ],
        "tags": [
            {
                "id": 0,
                "name": "string"
            }
        ],
        "status": "available"
    },
    {
        "id": 22,
        "category": {
            "id": 0,
            "name": "string"
        },
        "name": "doggie",
        "photoUrls": [
            "string"
        ],
        "tags": [
            {
                "id": 0,
                "name": "string"
            }
        ],
        "status": "available"
    },
    {
        "id": 9223372036854775620,
        "category": {
            "id": 0,
            "name": "string"
        },
        "name": "doggie",
        "photoUrls": [
            "string"
        ],
        "tags": [
            {
                "id": 0,
                "name": "string"
            }
        ],
        "status": "available"
    },
    {
        "id": 9222968140497180255,
        "category": {
            "id": 0,
            "name": "dogs"
        },
        "name": "Vaguito14",
        "photoUrls": [
            "string"
        ],
        "tags": [
            {
                "id": 0,
                "name": "string"
            }
        ],
        "status": "available"
    },
    {
        "id": 9223372036854775628,
        "category": {
            "id": 0,
            "name": "string"
        },
        "name": "fish",
        "photoUrls": [
            "string"
        ],
        "tags": [
            {
                "id": 0,
                "name": "string"
            }
        ],
        "status": "available"
    },
    {
        "id": 9223372036854775639,
        "category": {
            "id": 0,
            "name": "string"
        },
        "name": "doggie",
        "photoUrls": [
            "string"
        ],
        "tags": [
            {
                "id": 0,
                "name": "string"
            }
        ],
        "status": "available"
    },
    {
        "id": 9223372036854775671,
        "category": {
            "id": 0,
            "name": "string"
        },
        "name": "doggie",
        "photoUrls": [
            "string"
        ],
        "tags": [
            {
                "id": 0,
                "name": "string"
            }
        ],
        "status": "available"
    },
    {
        "id": 9223372036854775681,
        "category": {
            "id": 0,
            "name": "string"
        },
        "name": "fish",
        "photoUrls": [
            "string"
        ],
        "tags": [
            {
                "id": 0,
                "name": "string"
            }
        ],
        "status": "available"
    },
    {
        "id": 9223372036854775682,
        "category": {
            "id": 0,
            "name": "string"
        },
        "name": "doggie",
        "photoUrls": [
            "string"
        ],
        "tags": [
            {
                "id": 0,
                "name": "string"
            }
        ],
        "status": "available"
    },
    {
        "id": 9223372036854775699,
        "category": {
            "id": 0,
            "name": "string"
        },
        "name": "fish",
        "photoUrls": [
            "string"
        ],
        "tags": [
            {
                "id": 0,
                "name": "string"
            }
        ],
        "status": "available"
    },
    {
        "id": 9223372036854775700,
        "category": {
            "id": 0,
            "name": "string"
        },
        "name": "Puff",
        "photoUrls": [
            "string"
        ],
        "tags": [
            {
                "id": 0,
                "name": "string"
            }
        ],
        "status": "available"
    },
    {
        "id": 9223372036854775703,
        "category": {
            "id": 0,
            "name": "string"
        },
        "name": "fish",
        "photoUrls": [
            "string"
        ],
        "tags": [
            {
                "id": 0,
                "name": "string"
            }
        ],
        "status": "available"
    },
    {
        "id": 9223372036854775714,
        "category": {
            "id": 0,
            "name": "string"
        },
        "name": "doggie",
        "photoUrls": [
            "string"
        ],
        "tags": [
            {
                "id": 0,
                "name": "string"
            }
        ],
        "status": "available"
    },
    {
        "id": 9223372036854775721,
        "category": {
            "id": 0,
            "name": "string"
        },
        "name": "doggie",
        "photoUrls": [
            "string"
        ],
        "tags": [
            {
                "id": 0,
                "name": "string"
            }
        ],
        "status": "available"
    },
    {
        "id": 9223372036854775723,
        "category": {
            "id": 0,
            "name": "string"
        },
        "name": "fish",
        "photoUrls": [
            "string"
        ],
        "tags": [
            {
                "id": 0,
                "name": "string"
            }
        ],
        "status": "available"
    },
    {
        "id": 9223372036854775729,
        "category": {
            "id": 0,
            "name": "string"
        },
        "name": "fish",
        "photoUrls": [
            "string"
        ],
        "tags": [
            {
                "id": 0,
                "name": "string"
            }
        ],
        "status": "available"
    },
    {
        "id": 9223372036854775730,
        "category": {
            "id": 0,
            "name": "string"
        },
        "name": "fish",
        "photoUrls": [
            "string"
        ],
        "tags": [
            {
                "id": 0,
                "name": "string"
            }
        ],
        "status": "available"
    },
    {
        "id": 9223372036854775731,
        "category": {
            "id": 0,
            "name": "string"
        },
        "name": "fish",
        "photoUrls": [
            "string"
        ],
        "tags": [
            {
                "id": 0,
                "name": "string"
            }
        ],
        "status": "available"
    },
    {
        "id": 1245,
        "category": {
            "id": 1245,
            "name": "xyz"
        },
        "name": "xyz",
        "photoUrls": [
            "test"
        ],
        "tags": [
            
        ],
        "status": "available"
    },
    {
        "id": 24080,
        "name": "Chimmi",
        "photoUrls": [
            "https://www.rawpixel.com/image/6196752/png-sticker-journal#eyJrZXlzIjoiY2F0Iiwic29ydGVkS2V5cyI6ImNhdCJ9"
        ],
        "tags": [
            
        ],
        "status": "available"
    },
    {
        "id": 9223372036854775755,
        "category": {
            "id": 0,
            "name": "string"
        },
        "name": "fish",
        "photoUrls": [
            "string"
        ],
        "tags": [
            {
                "id": 0,
                "name": "string"
            }
        ],
        "status": "available"
    },
    {
        "id": 9223372036854775756,
        "category": {
            "id": 0,
            "name": "string"
        },
        "name": "doggie",
        "photoUrls": [
            "string"
        ],
        "tags": [
            {
                "id": 0,
                "name": "string"
            }
        ],
        "status": "available"
    },
    {
        "id": 9223372036854775757,
        "category": {
            "id": 0,
            "name": "string"
        },
        "name": "fish",
        "photoUrls": [
            "string"
        ],
        "tags": [
            {
                "id": 0,
                "name": "string"
            }
        ],
        "status": "available"
    },
    {
        "id": 9223372036854775761,
        "category": {
            "id": 0,
            "name": "string"
        },
        "name": "Puff",
        "photoUrls": [
            "string"
        ],
        "tags": [
            {
                "id": 0,
                "name": "string"
            }
        ],
        "status": "available"
    },
    {
        "id": 9223372036854775777,
        "category": {
            "id": 0,
            "name": "string"
        },
        "name": "fish",
        "photoUrls": [
            "string"
        ],
        "tags": [
            {
                "id": 0,
                "name": "string"
            }
        ],
        "status": "available"
    },
    {
        "id": 9223372036854775778,
        "category": {
            "id": 0,
            "name": "dogs"
        },
        "name": "Vaguito",
        "photoUrls": [
            "string"
        ],
        "tags": [
            {
                "id": 0,
                "name": "string"
            }
        ],
        "status": "available"
    },
    {
        "id": 9223372036854775786,
        "category": {
            "id": 0,
            "name": "string"
        },
        "name": "fish",
        "photoUrls": [
            "string"
        ],
        "tags": [
            {
                "id": 0,
                "name": "string"
            }
        ],
        "status": "available"
    },
    {
        "id": 112233,
        "category": {
            "id": 30,
            "name": "Eq-dog"
        },
        "name": "Postman",
        "photoUrls": [
            "URLLink"
        ],
        "tags": [
            {
                "id": 10,
                "name": "Doberman"
            }
        ],
        "status": "available"
    },
    {
        "id": 15555,
        "category": {
            "id": 0,
            "name": "puppy"
        },
        "name": "doggie",
        "photoUrls": [
            "string"
        ],
        "tags": [
            {
                "id": 0,
                "name": "Charlie"
            }
        ],
        "status": "available"
    },
    {
        "id": 3737,
        "category": {
            "id": 3737,
            "name": "FishCatUpdated"
        },
        "name": "Coelacant",
        "photoUrls": [
            "string"
        ],
        "tags": [
            {
                "id": 0,
                "name": "Fishy"
            }
        ],
        "status": "available"
    },
    {
        "id": 479508,
        "category": {
            "id": 62,
            "name": "Cats"
        },
        "name": "Fluffy",
        "photoUrls": [
            "resources/63ebecfa-19be-496e-9658-5f55430c78f8.png"
        ],
        "tags": [
            {
                "id": 53,
                "name": "friendly"
            }
        ],
        "status": "available"
    },
    {
        "id": 6894,
        "category": {
            "id": 1,
            "name": "Dogs"
        },
        "name": "Fluffy",
        "photoUrls": [
            "string"
        ],
        "tags": [
            {
                "id": 1,
                "name": "tag1"
            }
        ],
        "status": "available"
    },
    {
        "id": 9262,
        "category": {
            "id": 1,
            "name": "Dogs"
        },
        "name": "Fluffy",
        "photoUrls": [
            "string"
        ],
        "tags": [
            {
                "id": 1,
                "name": "tag1"
            }
        ],
        "status": "available"
    },
    {
        "id": 27,
        "category": {
            "id": 0,
            "name": "string"
        },
        "name": "doggie",
        "photoUrls": [
            "string"
        ],
        "tags": [
            {
                "id": 0,
                "name": "string"
            }
        ],
        "status": "available"
    },
    {
        "id": 9100,
        "category": {
            "id": 1,
            "name": "Dogs"
        },
        "name": "Fluffy",
        "photoUrls": [
            "string"
        ],
        "tags": [
            {
                "id": 1,
                "name": "tag1"
            }
        ],
        "status": "available"
    },
    {
        "id": 6492,
        "category": {
            "id": 1,
            "name": "Dogs"
        },
        "name": "Fluffy",
        "photoUrls": [
            "string"
        ],
        "tags": [
            {
                "id": 1,
                "name": "tag1"
            }
        ],
        "status": "available"
    },
    {
        "id": 504828,
        "category": {
            "id": 46,
            "name": "Cats"
        },
        "name": "Buddy",
        "photoUrls": [
            "resources/61ed143d-22fe-40bd-b0df-6b200660525b.png"
        ],
        "tags": [
            {
                "id": 15,
                "name": "active"
            }
        ],
        "status": "available"
    },
    {
        "id": 654200,
        "category": {
            "id": 22,
            "name": "Reptiles"
        },
        "name": "Charlie",
        "photoUrls": [
            "resources/4ce0dafa-2f08-415d-b17e-43ca2f8031be.png"
        ],
        "tags": [
            {
                "id": 81,
                "name": "friendly"
            }
        ],
        "status": "available"
    },
    {
        "id": 2611,
        "name": "XML Mogs",
        "photoUrls": [
            "http://xmlcats.com/1.jpg",
            "http://xmlcats.com/2.jpg"
        ],
        "tags": [
            
        ],
        "status": "available"
    },
    {
        "id": 4378,
        "category": {
            "id": 0,
            "name": "Dogs"
        },
        "name": "Tommy",
        "photoUrls": [
            "https://images.pexels.com/photos/220938/pexels-photo-220938.jpeg?auto=compress&cs=tinysrgb&w=1260&h=750&dpr=1"
        ],
        "tags": [
            {
                "id": 0,
                "name": "Aggressive"
            }
        ],
        "status": "available"
    },
    {
        "id": 3952,
        "category": {
            "id": 1,
            "name": "Dogs"
        },
        "name": "Fluffy",
        "photoUrls": [
            "string"
        ],
        "tags": [
            {
                "id": 1,
                "name": "tag1"
            }
        ],
        "status": "available"
    },
    {
        "id": 78907890,
        "category": {
            "id": 9,
            "name": "dogs"
        },
        "name": "Coco",
        "photoUrls": [
            "string"
        ],
        "tags": [
            {
                "id": 8,
                "name": "string"
            }
        ],
        "status": "available"
    },
    {
        "id": 5349,
        "category": {
            "id": 1,
            "name": "Dogs"
        },
        "name": "Fluffy",
        "photoUrls": [
            "string"
        ],
        "tags": [
            {
                "id": 1,
                "name": "tag1"
            }
        ],
        "status": "available"
    },
    {
        "id": 5068,
        "category": {
            "id": 1,
            "name": "Dogs"
        },
        "name": "Fluffy",
        "photoUrls": [
            "string"
        ],
        "tags": [
            {
                "id": 1,
                "name": "tag1"
            }
        ],
        "status": "available"
    },
    {
        "id": 1040,
        "category": {
            "id": 1,
            "name": "Dogs"
        },
        "name": "Fluffy",
        "photoUrls": [
            "string"
        ],
        "tags": [
            {
                "id": 1,
                "name": "tag1"
            }
        ],
        "status": "available"
    },
    {
        "id": 6787980,
        "category": {
            "id": 9,
            "name": "dogs"
        },
        "name": "Coco",
        "photoUrls": [
            "string"
        ],
        "tags": [
            {
                "id": 8,
                "name": "string"
            }
        ],
        "status": "available"
    },
    {
        "id": 890890890,
        "category": {
            "id": 1,
            "name": "Dogs"
        },
        "name": "Gogy",
        "photoUrls": [
            "string"
        ],
        "tags": [
            {
                "id": 0,
                "name": "string"
            }
        ],
        "status": "available"
    },
    {
        "id": 5839,
        "category": {
            "id": 1,
            "name": "Dogs"
        },
        "name": "Fluffy",
        "photoUrls": [
            "string"
        ],
        "tags": [
            {
                "id": 1,
                "name": "tag1"
            }
        ],
        "status": "available"
    },
    {
        "id": 890890890890,
        "category": {
            "id": 1,
            "name": "Dogs"
        },
        "name": "Gogy",
        "photoUrls": [
            "string"
        ],
        "tags": [
            {
                "id": 34,
                "name": "string"
            }
        ],
        "status": "available"
    },
    {
        "id": 5840,
        "category": {
            "id": 1,
            "name": "Dogs"
        },
        "name": "Fluffy",
        "photoUrls": [
            "string"
        ],
        "tags": [
            {
                "id": 1,
                "name": "tag1"
            }
        ],
        "status": "available"
    },
    {
        "id": 4702,
        "category": {
            "id": 1,
            "name": "Dogs"
        },
        "name": "Fluffy",
        "photoUrls": [
            "string"
        ],
        "tags": [
            {
                "id": 1,
                "name": "tag1"
            }
        ],
        "status": "available"
    },
    {
        "id": 23232,
        "photoUrls": [
            "url"
        ],
        "tags": [
            {
                "id": 0,
                "name": "black"
            }
        ],
        "status": "available"
    },
    {
        "id": 2200,
        "category": {
            "id": 1,
            "name": "Dogs"
        },
        "name": "Fluffy",
        "photoUrls": [
            "string"
        ],
        "tags": [
            {
                "id": 1,
                "name": "tag1"
            }
        ],
        "status": "available"
    },
    {
        "id": 466,
        "category": {
            "id": 1,
            "name": "Dogs"
        },
        "name": "Fluffy",
        "photoUrls": [
            "string"
        ],
        "tags": [
            {
                "id": 1,
                "name": "tag1"
            }
        ],
        "status": "available"
    },
    {
        "id": 696,
        "category": {
            "id": 1,
            "name": "Dogs"
        },
        "name": "Fluffy",
        "photoUrls": [
            "string"
        ],
        "tags": [
            {
                "id": 1,
                "name": "tag1"
            }
        ],
        "status": "available"
    },
    {
        "id": 7593,
        "category": {
            "id": 1,
            "name": "Dogs"
        },
        "name": "Fluffy",
        "photoUrls": [
            "string"
        ],
        "tags": [
            {
                "id": 1,
                "name": "tag1"
            }
        ],
        "status": "available"
    },
    {
        "id": 8921,
        "category": {
            "id": 1,
            "name": "Dogs"
        },
        "name": "Fluffy",
        "photoUrls": [
            "string"
        ],
        "tags": [
            {
                "id": 1,
                "name": "tag1"
            }
        ],
        "status": "available"
    },
    {
        "id": 99443176,
        "category": {
            "id": 70265227,
            "name": "cons"
        },
        "name": "doggie",
        "photoUrls": [
            "amet deserunt anim",
            "volup"
        ],
        "tags": [
            {
                "id": 4652912,
                "name": "nostr"
            },
            {
                "id": -63785388,
                "name": "deserunt esse ullamco commodo"
            }
        ],
        "status": "available"
    },
    {
        "id": 5270697,
        "category": {
            "id": 86672200,
            "name": "sunt nulla quis"
        },
        "name": "doggie",
        "photoUrls": [
            "ut voluptate amet nulla",
            "aliquip velit sunt"
        ],
        "tags": [
            {
                "id": 13740046,
                "name": "dolore in aliquip in"
            },
            {
                "id": -88982321,
                "name": "sint incididunt"
            }
        ],
        "status": "available"
    },
    {
        "id": 123456,
        "category": {
            "id": 1,
            "name": "Dogs"
        },
        "name": "Sheru",
        "photoUrls": [
            "String"
        ],
        "tags": [
            {
                "id": 1,
                "name": "tag1"
            }
        ],
        "status": "available"
    },
    {
        "id": 2900270,
        "category": {
            "id": -54796499,
            "name": "deserunt occaecat proid"
        },
        "name": "doggie",
        "photoUrls": [
            "aliqua ipsum dolor ex mollit",
            "eiusmod"
        ],
        "tags": [
            {
                "id": -46754783,
                "name": "adipisicing deserunt sint"
            },
            {
                "id": 83307683,
                "name": "laborum"
            }
        ],
        "status": "available"
    },
    {
        "id": 420,
        "category": {
            "id": 42,
            "name": "Chihuahua"
        },
        "name": "PasBre",
        "photoUrls": [
            "string"
        ],
        "tags": [
            {
                "id": 0,
                "name": "string"
            }
        ],
        "status": "available"
    },
    {
        "id": 38338045,
        "category": {
            "id": 28209692,
            "name": "ex sunt sit ipsum laborum"
        },
        "name": "doggie",
        "photoUrls": [
            "ea et",
            "ex"
        ],
        "tags": [
            {
                "id": 39341578,
                "name": "ut adipisicing esse ullamco nulla"
            },
            {
                "id": -93986762,
                "name": "dolor Lorem sed"
            }
        ],
        "status": "available"
    },
    {
        "id": 29311189,
        "category": {
            "id": 55752576,
            "name": "est do"
        },
        "name": "doggie",
        "photoUrls": [
            "eu",
            "qui do"
        ],
        "tags": [
            {
                "id": 79015766,
                "name": "est veniam sint et"
            },
            {
                "id": 18397334,
                "name": "ut occaecat"
            }
        ],
        "status": "available"
    },
    {
        "id": 777,
        "category": {
            "id": 0,
            "name": "string"
        },
        "name": "doggie",
        "photoUrls": [
            "string"
        ],
        "tags": [
            {
                "id": 0,
                "name": "string"
            }
        ],
        "status": "available"
    },
    {
        "id": 8658,
        "category": {
            "id": 1,
            "name": "Dogs"
        },
        "name": "Fluffy",
        "photoUrls": [
            "string"
        ],
        "tags": [
            {
                "id": 1,
                "name": "tag1"
            }
        ],
        "status": "available"
    },
    {
        "id": 8911,
        "category": {
            "id": 1,
            "name": "Dogs"
        },
        "name": "Fluffy",
        "photoUrls": [
            "string"
        ],
        "tags": [
            {
                "id": 1,
                "name": "tag1"
            }
        ],
        "status": "available"
    },
    {
        "id": 6697,
        "category": {
            "id": 1,
            "name": "Dogs"
        },
        "name": "Fluffy",
        "photoUrls": [
            "string"
        ],
        "tags": [
            {
                "id": 1,
                "name": "tag1"
            }
        ],
        "status": "available"
    },
    {
        "id": 24081,
        "photoUrls": [
            "https://www.rawpixel.com/image/6196752/png-sticker-journal#eyJrZXlzIjoiY2F0Iiwic29ydGVkS2V5cyI6ImNhdCJ9"
        ],
        "tags": [
            
        ],
        "status": "available"
    },
    {
        "id": 7353,
        "category": {
            "id": 1,
            "name": "Dogs"
        },
        "name": "Fluffy",
        "photoUrls": [
            "string"
        ],
        "tags": [
            {
                "id": 1,
                "name": "tag1"
            }
        ],
        "status": "available"
    },
    {
        "id": 9581,
        "category": {
            "id": 1,
            "name": "Dogs"
        },
        "name": "Fluffy",
        "photoUrls": [
            "string"
        ],
        "tags": [
            {
                "id": 1,
                "name": "tag1"
            }
        ],
        "status": "available"
    },
    {
        "id": 78730,
        "category": {
            "id": 1,
            "name": "Cat"
        },
        "name": "Snowwhite",
        "photoUrls": [
            ""
        ],
        "tags": [
            {
                "id": 101,
                "name": "Snowwhite"
            }
        ],
        "status": "available"
    },
    {
        "id": 78732,
        "category": {
            "id": 3,
            "name": "Snake"
        },
        "name": "Orochimaru",
        "photoUrls": [
            ""
        ],
        "tags": [
            {
                "id": 303,
                "name": "Orochimaru"
            }
        ],
        "status": "available"
    },
    {
        "id": 703850,
        "category": {
            "id": 2020,
            "name": "string"
        },
        "name": "doggie",
        "photoUrls": [
            "string"
        ],
        "tags": [
            {
                "id": 0,
                "name": "string"
            }
        ],
        "status": "available"
    },
    {
        "id": 5092,
        "category": {
            "id": 5092,
            "name": "doggo"
        },
        "name": "doggo",
        "photoUrls": [
            "1"
        ],
        "tags": [
            {
                "id": 5092,
                "name": "doggo"
            }
        ],
        "status": "available"
    },
    {
        "id": 8815,
        "category": {
            "id": 1,
            "name": "Dogs"
        },
        "name": "Fluffy",
        "photoUrls": [
            "string"
        ],
        "tags": [
            {
                "id": 1,
                "name": "tag1"
            }
        ],
        "status": "available"
    },
    {
        "id": 21,
        "category": {
            "id": 0,
            "name": "string"
        },
        "name": "doggie",
        "photoUrls": [
            "string"
        ],
        "tags": [
            {
                "id": 0,
                "name": "string"
            }
        ],
        "status": "available"
    },
    {
        "id": 3319,
        "category": {
            "id": 1,
            "name": "Dogs"
        },
        "name": "Fluffy",
        "photoUrls": [
            "string"
        ],
        "tags": [
            {
                "id": 1,
                "name": "tag1"
            }
        ],
        "status": "available"
    },
    {
        "id": 1111,
        "category": {
            "id": 1111,
            "name": "Doggy"
        },
        "name": "Doggy",
        "photoUrls": [
            "www.urls.com"
        ],
        "tags": [
            {
                "id": 1111,
                "name": "Doggy"
            }
        ],
        "status": "available"
    },
    {
        "id": 2506,
        "category": {
            "id": 1,
            "name": "Dogs"
        },
        "name": "Fluffy",
        "photoUrls": [
            "string"
        ],
        "tags": [
            {
                "id": 1,
                "name": "tag1"
            }
        ],
        "status": "available"
    },
    {
        "id": 8597,
        "category": {
            "id": 1,
            "name": "Dogs"
        },
        "name": "Fluffy",
        "photoUrls": [
            "string"
        ],
        "tags": [
            {
                "id": 1,
                "name": "tag1"
            }
        ],
        "status": "available"
    },
    {
        "id": 2,
        "category": {
            "id": 46,
            "name": "duck"
        },
        "name": "toad",
        "photoUrls": [
            "www.noel-kunze.name"
        ],
        "tags": [
            {
                "id": 1,
                "name": "louse"
            }
        ],
        "status": "available"
    },
    {
        "id": 24670195,
        "category": {
            "id": 95348937,
            "name": "amet elit"
        },
        "name": "doggie",
        "photoUrls": [
            "laborum occaecat amet velit",
            "consectetur officia c"
        ],
        "tags": [
            {
                "id": 90598410,
                "name": "Ut laboris"
            },
            {
                "id": -94876850,
                "name": "irure occaecat Lorem sit anim"
            }
        ],
        "status": "available"
    },
    {
        "id": 422798,
        "category": {
            "id": 101,
            "name": "German"
        },
        "name": "Jackie",
        "photoUrls": [
            "https://petstore.com/Images"
        ],
        "tags": [
            {
                "id": 101,
                "name": "Australia"
            }
        ],
        "status": "available"
    }
]
]]></system-out>
  </testcase>
  <testcase name="getPetByStatus[sold](2)" classname="com.au.petstore.testsAPI.GetPetByStatus" time="3.361">
    <system-out><![CDATA[Request method:	POST
Request URI:	https://petstore.swagger.io/v2/pet/
Proxy:			<none>
Request params:	<none>
Query params:	<none>
Form params:	<none>
Path params:	<none>
Headers:		api_key=special-key
				Accept=*/*
				Content-Type=application/json
Cookies:		<none>
Multiparts:		<none>
Body:
{
    "id": 422798,
    "category": {
        "id": 101,
        "name": "German"
    },
    "name": "Jackie",
    "photoUrls": [
        "https://petstore.com/Images"
    ],
    "tags": [
        {
            "id": 101,
            "name": "Australia"
        }
    ],
    "status": "sold"
}
HTTP/1.1 200 OK
Date: Fri, 02 Aug 2024 23:13:30 GMT
Content-Type: application/json
Transfer-Encoding: chunked
Connection: keep-alive
Access-Control-Allow-Origin: *
Access-Control-Allow-Methods: GET, POST, DELETE, PUT
Access-Control-Allow-Headers: Content-Type, api_key, Authorization
Server: Jetty(9.2.9.v20150224)

{
    "id": 422798,
    "category": {
        "id": 101,
        "name": "German"
    },
    "name": "Jackie",
    "photoUrls": [
        "https://petstore.com/Images"
    ],
    "tags": [
        {
            "id": 101,
            "name": "Australia"
        }
    ],
    "status": "sold"
}
Request method:	GET
Request URI:	https://petstore.swagger.io/v2/pet/findByStatus/?status=sold
Proxy:			<none>
Request params:	status=sold
Query params:	<none>
Form params:	<none>
Path params:	<none>
Headers:		api_key=special-key
				Accept=*/*
				Content-Type=application/json
Cookies:		<none>
Multiparts:		<none>
Body:			<none>
HTTP/1.1 200 OK
Date: Fri, 02 Aug 2024 23:13:31 GMT
Content-Type: application/json
Transfer-Encoding: chunked
Connection: keep-alive
Access-Control-Allow-Origin: *
Access-Control-Allow-Methods: GET, POST, DELETE, PUT
Access-Control-Allow-Headers: Content-Type, api_key, Authorization
Server: Jetty(9.2.9.v20150224)

[
    {
        "id": 1002,
        "category": {
            "id": 2,
            "name": "string"
        },
        "name": "ginger_dogs",
        "photoUrls": [
            "string"
        ],
        "tags": [
            {
                "id": 0,
                "name": "string"
            }
        ],
        "status": "sold"
    },
    {
        "id": 60,
        "category": {
            "id": 0,
            "name": "string"
        },
        "name": "doggie",
        "photoUrls": [
            "string"
        ],
        "tags": [
            {
                "id": 0,
                "name": "string"
            }
        ],
        "status": "sold"
    },
    {
        "id": 24364310,
        "category": {
            "id": -12307344,
            "name": "kitten бфрмалейка"
        },
        "name": "kitten1",
        "photoUrls": [
            "dolor in",
            "occaecat dolore consectetur adipisicing"
        ],
        "tags": [
            {
                "id": -22679152,
                "name": "non ex"
            },
            {
                "id": 33284191,
                "name": "sed pariatur in"
            }
        ],
        "status": "sold"
    },
    {
        "id": 9223372036854572609,
        "category": {
            "id": -78160617,
            "name": "ut in dolor"
        },
        "name": "doggie",
        "photoUrls": [
            "est Lorem",
            "exercitation minim"
        ],
        "tags": [
            {
                "id": -9951088,
                "name": "eu dolore"
            },
            {
                "id": 73630427,
                "name": "culpa mollit"
            }
        ],
        "status": "sold"
    },
    {
        "id": 9223372036854572611,
        "category": {
            "id": 21263904,
            "name": "aliqua aute sunt qui tempor"
        },
        "name": "doggie",
        "photoUrls": [
            "esse ea qui",
            "laboris pariatur Lorem"
        ],
        "tags": [
            {
                "id": -84416365,
                "name": "in dolore nostrud cillum ullamc"
            },
            {
                "id": 46696362,
                "name": "Excepteur consectetur Ut dolor"
            }
        ],
        "status": "sold"
    },
    {
        "id": 9223372036854572616,
        "category": {
            "id": 182334,
            "name": "officia eiusmod"
        },
        "name": "doggie",
        "photoUrls": [
            "aute sint qui ullamco",
            "labore"
        ],
        "tags": [
            {
                "id": 72234058,
                "name": "nostrud"
            },
            {
                "id": -24512131,
                "name": "exercitation fugiat laborum"
            }
        ],
        "status": "sold"
    },
    {
        "id": 9223372036854572618,
        "category": {
            "id": 79893326,
            "name": "cupidatat est mollit eiusmod non"
        },
        "name": "doggie",
        "photoUrls": [
            "deserunt dolor",
            "do eiusmod"
        ],
        "tags": [
            {
                "id": 60944180,
                "name": "ex mag"
            },
            {
                "id": 90780404,
                "name": "ut ad minim velit cillum"
            }
        ],
        "status": "sold"
    },
    {
        "id": 23327731,
        "category": {
            "id": -92357313,
            "name": "reprehenderit ut nostrud ut"
        },
        "name": "doggie",
        "photoUrls": [
            "Lorem laboris",
            "laboris"
        ],
        "tags": [
            {
                "id": 89386643,
                "name": "elit esse cillum"
            },
            {
                "id": -23396785,
                "name": "minim consectetur"
            }
        ],
        "status": "sold"
    },
    {
        "id": 38541659,
        "category": {
            "id": -70999792,
            "name": "dolore aliqua irure"
        },
        "name": "doggie",
        "photoUrls": [
            "cupidatat quis",
            "ipsum deserunt"
        ],
        "tags": [
            {
                "id": 96985450,
                "name": "proident adipisicing officia"
            },
            {
                "id": -17203769,
                "name": "sunt reprehenderit"
            }
        ],
        "status": "sold"
    },
    {
        "id": 9223372036854572622,
        "category": {
            "id": 45019581,
            "name": "ad proident"
        },
        "name": "doggie",
        "photoUrls": [
            "deserunt minim",
            "deserunt tempor in ullamco voluptate"
        ],
        "tags": [
            {
                "id": -75980840,
                "name": "quis cupidatat"
            },
            {
                "id": 78386937,
                "name": "in veniam commodo aliqua adipisicing"
            }
        ],
        "status": "sold"
    },
    {
        "id": 33377689,
        "category": {
            "id": -5871190,
            "name": "in voluptate velit proident"
        },
        "name": "doggie",
        "photoUrls": [
            "amet in",
            "aute in"
        ],
        "tags": [
            {
                "id": -26593919,
                "name": "tempor eiusmod ipsum"
            },
            {
                "id": 78722837,
                "name": "in sit ullamco aliqua qui"
            }
        ],
        "status": "sold"
    },
    {
        "id": 33845545,
        "category": {
            "id": -13100367,
            "name": "deserunt aute irure"
        },
        "name": "doggie",
        "photoUrls": [
            "dolore reprehenderit adipisicing sed",
            "tempor irure consectetur amet"
        ],
        "tags": [
            {
                "id": -43225306,
                "name": "laborum proident Excepteur"
            },
            {
                "id": -7466415,
                "name": "ut in cupidatat laboris"
            }
        ],
        "status": "sold"
    },
    {
        "id": 9223372036854572636,
        "category": {
            "id": -54615846,
            "name": "mollit sunt"
        },
        "name": "doggie",
        "photoUrls": [
            "ullamco nisi esse",
            "commodo ea consectetur"
        ],
        "tags": [
            {
                "id": -32126711,
                "name": "incididunt dolore proident irure"
            },
            {
                "id": -35146812,
                "name": "ut elit non id reprehenderit"
            }
        ],
        "status": "sold"
    },
    {
        "id": 23437566,
        "category": {
            "id": -46393995,
            "name": "ex ea culpa"
        },
        "name": "doggie",
        "photoUrls": [
            "ut ex veniam dolor",
            "in aliquip"
        ],
        "tags": [
            {
                "id": 91638732,
                "name": "Excepteur ea commodo esse"
            },
            {
                "id": 42980181,
                "name": "nulla officia ut labore"
            }
        ],
        "status": "sold"
    },
    {
        "id": 82188160,
        "category": {
            "id": 81640824,
            "name": "nisi exercitation reprehenderit dolore"
        },
        "name": "doggie",
        "photoUrls": [
            "proident eu enim",
            "mollit cillum nisi"
        ],
        "tags": [
            {
                "id": 6316356,
                "name": "laborum magn"
            },
            {
                "id": 73149614,
                "name": "veniam fugiat amet si"
            }
        ],
        "status": "sold"
    },
    {
        "id": 9223372036854572638,
        "category": {
            "id": -66275959,
            "name": "Машка"
        },
        "name": "Кошка",
        "photoUrls": [
            "Фотография питомца",
            "http://mtdata.ru/u28/photo54AF/20246582584-0/original.jpg"
        ],
        "tags": [
            {
                "id": -53654232,
                "name": "sit veniam qui"
            },
            {
                "id": 82159841,
                "name": "ullamco consequat esse adipisicing"
            }
        ],
        "status": "sold"
    },
    {
        "id": 76621170,
        "category": {
            "id": 16364966,
            "name": "Ut cupidatat velit irure minim"
        },
        "name": "doggie",
        "photoUrls": [
            "dolore quis",
            "elit ea aliqua dolor adipisicing"
        ],
        "tags": [
            {
                "id": 24591216,
                "name": "ullamco magna laborum ut"
            },
            {
                "id": 52512638,
                "name": "sunt non Lorem"
            }
        ],
        "status": "sold"
    },
    {
        "id": 9223372036854572639,
        "category": {
            "id": -66275959,
            "name": "Машенька"
        },
        "name": "Кошки",
        "photoUrls": [
            "Фотография питомца",
            "http://mtdata.ru/u28/photo54AF/20246582584-0/original.jpg"
        ],
        "tags": [
            {
                "id": -53654232,
                "name": "sit veniam qui"
            },
            {
                "id": 82159841,
                "name": "ullamco consequat esse adipisicing"
            }
        ],
        "status": "sold"
    },
    {
        "id": 52931566,
        "category": {
            "id": 91307171,
            "name": "sint aliqua"
        },
        "name": "doggie",
        "photoUrls": [
            "ut culpa null",
            "quis"
        ],
        "tags": [
            {
                "id": -40794559,
                "name": "velit proident nulla"
            },
            {
                "id": -14228534,
                "name": "ess"
            }
        ],
        "status": "sold"
    },
    {
        "id": 9223372036854572643,
        "category": {
            "id": 14693763,
            "name": "dolore laborum cillum"
        },
        "name": "doggie",
        "photoUrls": [
            "labore aliquip",
            "fugiat dolor commodo mollit id"
        ],
        "tags": [
            {
                "id": -57621507,
                "name": "commodo cupidatat"
            },
            {
                "id": 66737527,
                "name": "cupidatat proident ut"
            }
        ],
        "status": "sold"
    },
    {
        "id": 9223372036854572648,
        "category": {
            "id": -80998525,
            "name": "in deserunt"
        },
        "name": "doggie",
        "photoUrls": [
            "ad",
            "id reprehenderit"
        ],
        "tags": [
            {
                "id": -58645271,
                "name": "amet ea non eiusmod"
            },
            {
                "id": -4486230,
                "name": "ea elit pariatur Duis ut"
            }
        ],
        "status": "sold"
    },
    {
        "id": 9223372036854572655,
        "category": {
            "id": 26856961,
            "name": "eu adipisicing"
        },
        "name": "doggie",
        "photoUrls": [
            "quis do",
            "nostrud "
        ],
        "tags": [
            {
                "id": -50727364,
                "name": "do"
            },
            {
                "id": -83165365,
                "name": "aliqua minim et cillum"
            }
        ],
        "status": "sold"
    },
    {
        "id": 9223372036854572656,
        "category": {
            "id": -89557905,
            "name": "elit ipsum incididunt ullamco"
        },
        "name": "doggie",
        "photoUrls": [
            "consect",
            "ex"
        ],
        "tags": [
            {
                "id": -9997927,
                "name": "id aute dolor ea"
            },
            {
                "id": 50814242,
                "name": "cillum voluptate nostrud consequat"
            }
        ],
        "status": "sold"
    },
    {
        "id": 777123,
        "category": {
            "id": 777123,
            "name": "fish"
        },
        "name": "Nemo",
        "photoUrls": [
            "https://img1.fonwall.ru/o/hl/sea-photography-flower-underwater.jpeg?route=mid&amp;h=750",
            "https://img1.fonwall.ru/o/hl/sea-photography-flower-underwater.jpeg?route=mid&amp;h=750"
        ],
        "tags": [
            {
                "id": 123,
                "name": "priff"
            },
            {
                "id": 123,
                "name": "ribka"
            }
        ],
        "status": "sold"
    },
    {
        "id": 9223372036854572659,
        "category": {
            "id": -68817658,
            "name": "ex"
        },
        "name": "doggie",
        "photoUrls": [
            "Duis veniam sit ipsum",
            "nulla Ut"
        ],
        "tags": [
            {
                "id": 28776718,
                "name": "laborum ut nisi culpa"
            },
            {
                "id": 42366821,
                "name": "aliquip occaecat ut enim"
            }
        ],
        "status": "sold"
    },
    {
        "id": 90369791,
        "category": {
            "id": -28594492,
            "name": "ad"
        },
        "name": "doggie",
        "photoUrls": [
            "nulla ipsum dolor",
            "cillum"
        ],
        "tags": [
            {
                "id": 16964237,
                "name": "velit aliquip occaecat voluptate"
            },
            {
                "id": -32143651,
                "name": "sed nulla sint"
            }
        ],
        "status": "sold"
    },
    {
        "id": 9223372036854775458,
        "category": {
            "id": -1545904,
            "name": "fishs"
        },
        "name": "nemo fish",
        "photoUrls": [
            "fugiat ex",
            "https://img.freepik.com/free-vector/one-goldfish-on-white-background_1308-73185.jpg"
        ],
        "tags": [
            {
                "id": 78174477,
                "name": "sint aliquip"
            },
            {
                "id": 34196593,
                "name": "tempor cillum incididunt exercitation veniam"
            }
        ],
        "status": "sold"
    },
    {
        "id": 9223372036854773917,
        "category": {
            "id": 0,
            "name": "string"
        },
        "name": "boss2.0",
        "photoUrls": [
            "string"
        ],
        "tags": [
            {
                "id": 0,
                "name": "string"
            }
        ],
        "status": "sold"
    },
    {
        "id": 70119872,
        "category": {
            "id": 93142102,
            "name": "Змея"
        },
        "name": "Анаконда",
        "photoUrls": [
            "mollit",
            "https://irecommend.ru/sites/default/files/product-images/98227/3lJyZagay9aoxv06o6TJCQ.jpg"
        ],
        "tags": [
            {
                "id": -19037377,
                "name": "deserunt veniam nulla reprehenderit"
            },
            {
                "id": 51503358,
                "name": "ullamco aliqua Excepteur cillum"
            }
        ],
        "status": "sold"
    },
    {
        "id": 70119872000,
        "category": {
            "id": 93142102,
            "name": "Заяц французский 2"
        },
        "name": "LAPIN LAPIN",
        "photoUrls": [
            "mollit",
            "https://irecommend.ru/sites/default/files/product-images/98227/3lJyZagay9aoxv06o6TJCQ.jpg"
        ],
        "tags": [
            {
                "id": -19037377,
                "name": "deserunt veniam nulla reprehenderit"
            },
            {
                "id": 51503358,
                "name": "ullamco aliqua Excepteur cillum"
            }
        ],
        "status": "sold"
    },
    {
        "id": 2022000,
        "category": {
            "id": 0,
            "name": "bird"
        },
        "name": "Star",
        "photoUrls": [
            "string"
        ],
        "tags": [
            {
                "id": 0,
                "name": "shy"
            }
        ],
        "status": "sold"
    },
    {
        "id": 1711982,
        "category": {
            "id": 52551857,
            "name": "non Lorem tempor"
        },
        "name": "doggie",
        "photoUrls": [
            "veniam",
            "reprehenderit commodo proident occaecat"
        ],
        "tags": [
            {
                "id": -12689894,
                "name": "veniam mollit"
            },
            {
                "id": -27514803,
                "name": "sed ullamco ut"
            }
        ],
        "status": "sold"
    },
    {
        "id": 51338511,
        "category": {
            "id": 43003430,
            "name": "ex ullamco"
        },
        "name": "doggie",
        "photoUrls": [
            "sit ipsum",
            "nulla eu aliqua incididunt"
        ],
        "tags": [
            {
                "id": 1864541,
                "name": "anim elit amet"
            },
            {
                "id": 98553871,
                "name": "ut"
            }
        ],
        "status": "sold"
    },
    {
        "id": 62751340,
        "category": {
            "id": -37441254,
            "name": "aute cillum voluptate veniam"
        },
        "name": "doggie",
        "photoUrls": [
            "mollit veniam",
            "dolor enim reprehenderit"
        ],
        "tags": [
            {
                "id": 91709679,
                "name": "anim adipisicing"
            },
            {
                "id": 919209,
                "name": "sint anim"
            }
        ],
        "status": "sold"
    },
    {
        "id": 9223372036854775459,
        "category": {
            "id": 56425022,
            "name": "dol"
        },
        "name": "doggie",
        "photoUrls": [
            "irure Duis aliquip",
            "velit fugiat in"
        ],
        "tags": [
            {
                "id": 8252994,
                "name": "dolor amet"
            },
            {
                "id": 45116039,
                "name": "in ea quis"
            }
        ],
        "status": "sold"
    },
    {
        "id": 38480305,
        "category": {
            "id": -59161747,
            "name": "Duis voluptate consequat"
        },
        "name": "doggie",
        "photoUrls": [
            "ex enim ",
            "nisi est"
        ],
        "tags": [
            {
                "id": 49121599,
                "name": "non anim exercitation"
            },
            {
                "id": 2672065,
                "name": "sint"
            }
        ],
        "status": "sold"
    },
    {
        "id": 87705905,
        "category": {
            "id": 22032096,
            "name": "reprehenderit in minim"
        },
        "name": "doggie",
        "photoUrls": [
            "cillum Ut ",
            "et adipisicing consequat"
        ],
        "tags": [
            {
                "id": -14103627,
                "name": "reprehenderit"
            },
            {
                "id": 47181501,
                "name": "occaecat"
            }
        ],
        "status": "sold"
    },
    {
        "id": 9223372036854775468,
        "category": {
            "id": 26052472,
            "name": "quis labore id do"
        },
        "name": "doggie",
        "photoUrls": [
            "deserunt nostrud n",
            ""
        ],
        "tags": [
            {
                "id": 9084274,
                "name": "Ut ea cupidatat consectetur laboris"
            },
            {
                "id": 84195358,
                "name": "sint aliquip consectetur"
            }
        ],
        "status": "sold"
    },
    {
        "id": 9223372036854775470,
        "category": {
            "id": -10633856,
            "name": "proident qui ea deserunt"
        },
        "name": "doggie",
        "photoUrls": [
            "aute in velit Ut pariatur",
            "id voluptate"
        ],
        "tags": [
            {
                "id": -22769704,
                "name": "consectetur adipisicing"
            },
            {
                "id": 55433864,
                "name": "veniam est commodo"
            }
        ],
        "status": "sold"
    },
    {
        "id": 6284,
        "category": {
            "id": 1,
            "name": "Dogs"
        },
        "name": "Selkirk Rex",
        "photoUrls": [
            "string"
        ],
        "tags": [
            {
                "id": 1,
                "name": "tag1"
            }
        ],
        "status": "sold"
    },
    {
        "id": 9223372036854775480,
        "category": {
            "id": 63534551,
            "name": "consectetur Ut qui Excepteur"
        },
        "name": "doggie",
        "photoUrls": [
            "do ut ea voluptate",
            "do"
        ],
        "tags": [
            {
                "id": 26158029,
                "name": "nulla"
            },
            {
                "id": 64442077,
                "name": "incididunt aliqua officia"
            }
        ],
        "status": "sold"
    },
    {
        "id": 3836,
        "category": {
            "id": 1,
            "name": "Dogs"
        },
        "name": "American Shorthair",
        "photoUrls": [
            "string"
        ],
        "tags": [
            {
                "id": 1,
                "name": "tag1"
            }
        ],
        "status": "sold"
    },
    {
        "id": 24572652,
        "category": {
            "id": 70314021,
            "name": "adipisicing dolore"
        },
        "name": "doggie",
        "photoUrls": [
            "magna dolor Ut in",
            "in eiusm"
        ],
        "tags": [
            {
                "id": 85643839,
                "name": "aliquip sit dolor"
            },
            {
                "id": -89364963,
                "name": "elit id reprehenderit eiusmod exercitation"
            }
        ],
        "status": "sold"
    },
    {
        "id": 5644444,
        "category": {
            "id": 566555,
            "name": "nulla minim laborum deserunt"
        },
        "name": "Собака",
        "photoUrls": [
            "anim ullamco laborum eu",
            "eiusm"
        ],
        "tags": [
            {
                "id": 10156776,
                "name": "cillum adipisicing"
            },
            {
                "id": -53013483,
                "name": "sit Ut enim dolore"
            }
        ],
        "status": "sold"
    },
    {
        "id": 40010473,
        "category": {
            "id": -13430874,
            "name": "in fugiat ipsum"
        },
        "name": "doggie",
        "photoUrls": [
            "proident sed ut",
            "aute laboris elit occaecat aliquip"
        ],
        "tags": [
            {
                "id": -64712721,
                "name": "ad"
            },
            {
                "id": 40504054,
                "name": "in"
            }
        ],
        "status": "sold"
    },
    {
        "id": 79897977,
        "category": {
            "id": -43696612,
            "name": "exercitation"
        },
        "name": "doggie",
        "photoUrls": [
            "dolor",
            "velit voluptate"
        ],
        "tags": [
            {
                "id": 59218385,
                "name": "aliqua"
            },
            {
                "id": 72829050,
                "name": "nostrud ut"
            }
        ],
        "status": "sold"
    },
    {
        "id": 855,
        "category": {
            "id": 1,
            "name": "Dogs"
        },
        "name": "British Shorthair",
        "photoUrls": [
            "string"
        ],
        "tags": [
            {
                "id": 1,
                "name": "tag1"
            }
        ],
        "status": "sold"
    },
    {
        "id": 7689,
        "category": {
            "id": 1,
            "name": "Dogs"
        },
        "name": "Ojos Azules",
        "photoUrls": [
            "string"
        ],
        "tags": [
            {
                "id": 1,
                "name": "tag1"
            }
        ],
        "status": "sold"
    },
    {
        "id": 6811,
        "category": {
            "id": 1,
            "name": "Dogs"
        },
        "name": "Havana",
        "photoUrls": [
            "string"
        ],
        "tags": [
            {
                "id": 1,
                "name": "tag1"
            }
        ],
        "status": "sold"
    },
    {
        "id": 8127,
        "category": {
            "id": 1,
            "name": "Dogs"
        },
        "name": "Cornish Rex",
        "photoUrls": [
            "string"
        ],
        "tags": [
            {
                "id": 1,
                "name": "tag1"
            }
        ],
        "status": "sold"
    },
    {
        "id": 8341,
        "category": {
            "id": 1,
            "name": "Dogs"
        },
        "name": "Burmese",
        "photoUrls": [
            "string"
        ],
        "tags": [
            {
                "id": 1,
                "name": "tag1"
            }
        ],
        "status": "sold"
    },
    {
        "id": 8901,
        "category": {
            "id": 1,
            "name": "Dogs"
        },
        "name": "Kurilian Bobtail",
        "photoUrls": [
            "string"
        ],
        "tags": [
            {
                "id": 1,
                "name": "tag1"
            }
        ],
        "status": "sold"
    },
    {
        "id": 1906,
        "category": {
            "id": 1,
            "name": "Dogs"
        },
        "name": "Selkirk Rex",
        "photoUrls": [
            "string"
        ],
        "tags": [
            {
                "id": 1,
                "name": "tag1"
            }
        ],
        "status": "sold"
    },
    {
        "id": 403,
        "category": {
            "id": 1,
            "name": "Dogs"
        },
        "name": "Devon Rex",
        "photoUrls": [
            "string"
        ],
        "tags": [
            {
                "id": 1,
                "name": "tag1"
            }
        ],
        "status": "sold"
    },
    {
        "id": 7002,
        "category": {
            "id": 1,
            "name": "Dogs"
        },
        "name": "Bombay",
        "photoUrls": [
            "string"
        ],
        "tags": [
            {
                "id": 1,
                "name": "tag1"
            }
        ],
        "status": "sold"
    },
    {
        "id": 2852,
        "category": {
            "id": 1,
            "name": "Dogs"
        },
        "name": "Korat",
        "photoUrls": [
            "string"
        ],
        "tags": [
            {
                "id": 1,
                "name": "tag1"
            }
        ],
        "status": "sold"
    },
    {
        "id": 4963,
        "category": {
            "id": 1,
            "name": "Dogs"
        },
        "name": "Toyger",
        "photoUrls": [
            "string"
        ],
        "tags": [
            {
                "id": 1,
                "name": "tag1"
            }
        ],
        "status": "sold"
    },
    {
        "id": 4992,
        "category": {
            "id": 1,
            "name": "Dogs"
        },
        "name": "Ojos Azules",
        "photoUrls": [
            "string"
        ],
        "tags": [
            {
                "id": 1,
                "name": "tag1"
            }
        ],
        "status": "sold"
    },
    {
        "id": 7099,
        "category": {
            "id": 1,
            "name": "Dogs"
        },
        "name": "Highlander",
        "photoUrls": [
            "string"
        ],
        "tags": [
            {
                "id": 1,
                "name": "tag1"
            }
        ],
        "status": "sold"
    },
    {
        "id": 8697,
        "category": {
            "id": 1,
            "name": "Dogs"
        },
        "name": "Siberian",
        "photoUrls": [
            "string"
        ],
        "tags": [
            {
                "id": 1,
                "name": "tag1"
            }
        ],
        "status": "sold"
    },
    {
        "id": 6670,
        "category": {
            "id": 1,
            "name": "Dogs"
        },
        "name": "Minskin",
        "photoUrls": [
            "string"
        ],
        "tags": [
            {
                "id": 1,
                "name": "tag1"
            }
        ],
        "status": "sold"
    },
    {
        "id": 36872199,
        "category": {
            "id": 87131763,
            "name": "consectetur"
        },
        "name": "doggie",
        "photoUrls": [
            "officia",
            "fugiat Duis sint"
        ],
        "tags": [
            {
                "id": -32111804,
                "name": "sit consectetur"
            },
            {
                "id": -4313164,
                "name": "consectetur nulla laborum id"
            }
        ],
        "status": "sold"
    },
    {
        "id": 50,
        "category": {
            "id": 2,
            "name": "dog_category50"
        },
        "name": "dognamesold",
        "photoUrls": [
            "string"
        ],
        "tags": [
            {
                "id": 51,
                "name": "dognamesold"
            }
        ],
        "status": "sold"
    },
    {
        "id": 49199499,
        "category": {
            "id": 20305865,
            "name": "et cupidatat nisi incididunt"
        },
        "name": "doggie",
        "photoUrls": [
            "sunt esse consequat",
            "Ut nostrud anim adipisicing"
        ],
        "tags": [
            {
                "id": 33995919,
                "name": "tempor non nostrud"
            },
            {
                "id": -54707686,
                "name": "qui pariatur"
            }
        ],
        "status": "sold"
    },
    {
        "id": 7850,
        "category": {
            "id": 1,
            "name": "Dogs"
        },
        "name": "British Shorthair",
        "photoUrls": [
            "string"
        ],
        "tags": [
            {
                "id": 1,
                "name": "tag1"
            }
        ],
        "status": "sold"
    },
    {
        "id": 6447,
        "category": {
            "id": 1,
            "name": "Dogs"
        },
        "name": "Balinese",
        "photoUrls": [
            "string"
        ],
        "tags": [
            {
                "id": 1,
                "name": "tag1"
            }
        ],
        "status": "sold"
    },
    {
        "id": 9846,
        "category": {
            "id": 1,
            "name": "Dogs"
        },
        "name": "Birman",
        "photoUrls": [
            "string"
        ],
        "tags": [
            {
                "id": 1,
                "name": "tag1"
            }
        ],
        "status": "sold"
    },
    {
        "id": 2364,
        "category": {
            "id": 1,
            "name": "Dogs"
        },
        "name": "Maine Coon",
        "photoUrls": [
            "string"
        ],
        "tags": [
            {
                "id": 1,
                "name": "tag1"
            }
        ],
        "status": "sold"
    },
    {
        "id": 284331039,
        "category": {
            "id": 147884871,
            "name": "dog"
        },
        "name": "hello kity",
        "photoUrls": [
            "http://foo.bar.com/1",
            "http://foo.bar.com/2"
        ],
        "tags": [
            {
                "id": 207355553,
                "name": "blank"
            }
        ],
        "status": "sold"
    },
    {
        "id": 2685476167,
        "category": {
            "id": 3200921224,
            "name": "dog"
        },
        "name": "hello kity",
        "photoUrls": [
            "http://foo.bar.com/1",
            "http://foo.bar.com/2"
        ],
        "tags": [
            {
                "id": 1494986213,
                "name": "blank"
            }
        ],
        "status": "sold"
    },
    {
        "id": 1657481037,
        "category": {
            "id": 2122449950,
            "name": "dog"
        },
        "name": "hello kity",
        "photoUrls": [
            "http://foo.bar.com/1",
            "http://foo.bar.com/2"
        ],
        "tags": [
            {
                "id": 2049602895,
                "name": "blank"
            }
        ],
        "status": "sold"
    },
    {
        "id": 1625793111,
        "category": {
            "id": 3328002165,
            "name": "dog"
        },
        "name": "hello kity",
        "photoUrls": [
            "http://foo.bar.com/1",
            "http://foo.bar.com/2"
        ],
        "tags": [
            {
                "id": 1627727210,
                "name": "blank"
            }
        ],
        "status": "sold"
    },
    {
        "id": 2866436830,
        "category": {
            "id": 1735368355,
            "name": "dog"
        },
        "name": "hello kity",
        "photoUrls": [
            "http://foo.bar.com/1",
            "http://foo.bar.com/2"
        ],
        "tags": [
            {
                "id": 1557564210,
                "name": "blank"
            }
        ],
        "status": "sold"
    },
    {
        "id": 2638525465,
        "category": {
            "id": 3197477339,
            "name": "dog"
        },
        "name": "hello kity",
        "photoUrls": [
            "http://foo.bar.com/1",
            "http://foo.bar.com/2"
        ],
        "tags": [
            {
                "id": 2237341982,
                "name": "blank"
            }
        ],
        "status": "sold"
    },
    {
        "id": 2149653644,
        "category": {
            "id": 1133304611,
            "name": "dog"
        },
        "name": "hello kity",
        "photoUrls": [
            "http://foo.bar.com/1",
            "http://foo.bar.com/2"
        ],
        "tags": [
            {
                "id": 695491428,
                "name": "blank"
            }
        ],
        "status": "sold"
    },
    {
        "id": 3035818635,
        "category": {
            "id": 2392637651,
            "name": "dog"
        },
        "name": "hello kity",
        "photoUrls": [
            "http://foo.bar.com/1",
            "http://foo.bar.com/2"
        ],
        "tags": [
            {
                "id": 3990463043,
                "name": "blank"
            }
        ],
        "status": "sold"
    },
    {
        "id": 9715,
        "category": {
            "id": 1,
            "name": "Dogs"
        },
        "name": "Bombay",
        "photoUrls": [
            "string"
        ],
        "tags": [
            {
                "id": 1,
                "name": "tag1"
            }
        ],
        "status": "sold"
    },
    {
        "id": 5250,
        "category": {
            "id": 1,
            "name": "Dogs"
        },
        "name": "Sphynx",
        "photoUrls": [
            "string"
        ],
        "tags": [
            {
                "id": 1,
                "name": "tag1"
            }
        ],
        "status": "sold"
    },
    {
        "id": 7476,
        "category": {
            "id": 1,
            "name": "Dogs"
        },
        "name": "Minskin",
        "photoUrls": [
            "string"
        ],
        "tags": [
            {
                "id": 1,
                "name": "tag1"
            }
        ],
        "status": "sold"
    },
    {
        "id": 3821,
        "category": {
            "id": 1,
            "name": "Dogs"
        },
        "name": "Savannah",
        "photoUrls": [
            "string"
        ],
        "tags": [
            {
                "id": 1,
                "name": "tag1"
            }
        ],
        "status": "sold"
    },
    {
        "id": 4,
        "category": {
            "id": 32,
            "name": "goose"
        },
        "name": "Chiko",
        "photoUrls": [
            "www.reggie-grant.info"
        ],
        "tags": [
            {
                "id": 96,
                "name": "louse"
            }
        ],
        "status": "sold"
    },
    {
        "id": 9,
        "category": {
            "id": 6692151,
            "name": "tiger"
        },
        "name": "Chiko",
        "photoUrls": [
            "www.calvin-mcdermott.co"
        ],
        "tags": [
            {
                "id": 6753,
                "name": "baboon"
            }
        ],
        "status": "sold"
    },
    {
        "id": 1900,
        "category": {
            "id": 1,
            "name": "Abiodun"
        },
        "name": "Anu",
        "photoUrls": [
            "<string>",
            "<string>"
        ],
        "tags": [
            {
                "id": 1,
                "name": "Tolu"
            }
        ],
        "status": "sold"
    },
    {
        "id": 422798,
        "category": {
            "id": 101,
            "name": "German"
        },
        "name": "Jackie",
        "photoUrls": [
            "https://petstore.com/Images"
        ],
        "tags": [
            {
                "id": 101,
                "name": "Australia"
            }
        ],
        "status": "sold"
    }
]
]]></system-out>
  </testcase>
  <testcase name="getPetByStatus[Pending](3)" classname="com.au.petstore.testsAPI.GetPetByStatus" time="2.905">
    <system-out><![CDATA[Request method:	POST
Request URI:	https://petstore.swagger.io/v2/pet/
Proxy:			<none>
Request params:	<none>
Query params:	<none>
Form params:	<none>
Path params:	<none>
Headers:		api_key=special-key
				Accept=*/*
				Content-Type=application/json
Cookies:		<none>
Multiparts:		<none>
Body:
{
    "id": 422798,
    "category": {
        "id": 101,
        "name": "German"
    },
    "name": "Jackie",
    "photoUrls": [
        "https://petstore.com/Images"
    ],
    "tags": [
        {
            "id": 101,
            "name": "Australia"
        }
    ],
    "status": "Pending"
}
HTTP/1.1 200 OK
Date: Fri, 02 Aug 2024 23:13:33 GMT
Content-Type: application/json
Transfer-Encoding: chunked
Connection: keep-alive
Access-Control-Allow-Origin: *
Access-Control-Allow-Methods: GET, POST, DELETE, PUT
Access-Control-Allow-Headers: Content-Type, api_key, Authorization
Server: Jetty(9.2.9.v20150224)

{
    "id": 422798,
    "category": {
        "id": 101,
        "name": "German"
    },
    "name": "Jackie",
    "photoUrls": [
        "https://petstore.com/Images"
    ],
    "tags": [
        {
            "id": 101,
            "name": "Australia"
        }
    ],
    "status": "Pending"
}
Request method:	GET
Request URI:	https://petstore.swagger.io/v2/pet/findByStatus/?status=Pending
Proxy:			<none>
Request params:	status=Pending
Query params:	<none>
Form params:	<none>
Path params:	<none>
Headers:		api_key=special-key
				Accept=*/*
				Content-Type=application/json
Cookies:		<none>
Multiparts:		<none>
Body:			<none>
HTTP/1.1 200 OK
Date: Fri, 02 Aug 2024 23:13:34 GMT
Content-Type: application/json
Transfer-Encoding: chunked
Connection: keep-alive
Access-Control-Allow-Origin: *
Access-Control-Allow-Methods: GET, POST, DELETE, PUT
Access-Control-Allow-Headers: Content-Type, api_key, Authorization
Server: Jetty(9.2.9.v20150224)

[
    {
        "id": 422798,
        "category": {
            "id": 101,
            "name": "German"
        },
        "name": "Jackie",
        "photoUrls": [
            "https://petstore.com/Images"
        ],
        "tags": [
            {
                "id": 101,
                "name": "Australia"
            }
        ],
        "status": "Pending"
    }
]
]]></system-out>
  </testcase>
  <testcase name="createPetWIthSameID" classname="com.au.petstore.testsAPI.PostCreatePetAPI" time="2.88">
    <failure message="&#10;Expected: is &lt;409&gt;&#10;     but: was &lt;200&gt;" type="java.lang.AssertionError"><![CDATA[java.lang.AssertionError: 

Expected: is <409>
     but: was <200>
	at org.hamcrest.MatcherAssert.assertThat(MatcherAssert.java:20)
	at org.hamcrest.MatcherAssert.assertThat(MatcherAssert.java:6)
	at com.au.petstore.testsAPI.PostCreatePetAPI.createPetWIthSameID(PostCreatePetAPI.java:86)
	at java.base/jdk.internal.reflect.NativeMethodAccessorImpl.invoke0(Native Method)
	at java.base/jdk.internal.reflect.NativeMethodAccessorImpl.invoke(NativeMethodAccessorImpl.java:62)
	at java.base/jdk.internal.reflect.DelegatingMethodAccessorImpl.invoke(DelegatingMethodAccessorImpl.java:43)
	at java.base/java.lang.reflect.Method.invoke(Method.java:566)
	at org.testng.internal.invokers.MethodInvocationHelper.invokeMethod(MethodInvocationHelper.java:139)
	at org.testng.internal.invokers.TestInvoker.invokeMethod(TestInvoker.java:664)
	at org.testng.internal.invokers.TestInvoker.invokeTestMethod(TestInvoker.java:227)
	at org.testng.internal.invokers.MethodRunner.runInSequence(MethodRunner.java:50)
	at org.testng.internal.invokers.TestInvoker$MethodInvocationAgent.invoke(TestInvoker.java:957)
	at org.testng.internal.invokers.TestInvoker.invokeTestMethods(TestInvoker.java:200)
	at org.testng.internal.invokers.TestMethodWorker.invokeTestMethods(TestMethodWorker.java:148)
	at org.testng.internal.invokers.TestMethodWorker.run(TestMethodWorker.java:128)
	at java.base/java.util.ArrayList.forEach(ArrayList.java:1541)
	at org.testng.TestRunner.privateRun(TestRunner.java:848)
	at org.testng.TestRunner.run(TestRunner.java:621)
	at org.testng.SuiteRunner.runTest(SuiteRunner.java:443)
	at org.testng.SuiteRunner.runSequentially(SuiteRunner.java:437)
	at org.testng.SuiteRunner.privateRun(SuiteRunner.java:397)
	at org.testng.SuiteRunner.run(SuiteRunner.java:336)
	at org.testng.SuiteRunnerWorker.runSuite(SuiteRunnerWorker.java:52)
	at org.testng.SuiteRunnerWorker.run(SuiteRunnerWorker.java:95)
	at org.testng.TestNG.runSuitesSequentially(TestNG.java:1280)
	at org.testng.TestNG.runSuitesLocally(TestNG.java:1200)
	at org.testng.TestNG.runSuites(TestNG.java:1114)
	at org.testng.TestNG.run(TestNG.java:1082)
	at org.apache.maven.surefire.testng.TestNGExecutor.run(TestNGExecutor.java:308)
	at org.apache.maven.surefire.testng.TestNGXmlTestSuite.execute(TestNGXmlTestSuite.java:71)
	at org.apache.maven.surefire.testng.TestNGProvider.invoke(TestNGProvider.java:113)
	at org.apache.maven.surefire.booter.ForkedBooter.runSuitesInProcess(ForkedBooter.java:385)
	at org.apache.maven.surefire.booter.ForkedBooter.execute(ForkedBooter.java:162)
	at org.apache.maven.surefire.booter.ForkedBooter.run(ForkedBooter.java:507)
	at org.apache.maven.surefire.booter.ForkedBooter.main(ForkedBooter.java:495)
]]></failure>
    <system-out><![CDATA[Request method:	POST
Request URI:	https://petstore.swagger.io/v2/pet/
Proxy:			<none>
Request params:	<none>
Query params:	<none>
Form params:	<none>
Path params:	<none>
Headers:		api_key=special-key
				Accept=*/*
				Content-Type=application/json
Cookies:		<none>
Multiparts:		<none>
Body:
{
    "id": 888952,
    "category": {
        "id": 101,
        "name": "German"
    },
    "name": "Jackie",
    "photoUrls": [
        "https://petstore.com/Images"
    ],
    "tags": [
        {
            "id": 101,
            "name": "Australia"
        }
    ],
    "status": "avaliable"
}
HTTP/1.1 200 OK
Date: Fri, 02 Aug 2024 23:13:36 GMT
Content-Type: application/json
Transfer-Encoding: chunked
Connection: keep-alive
Access-Control-Allow-Origin: *
Access-Control-Allow-Methods: GET, POST, DELETE, PUT
Access-Control-Allow-Headers: Content-Type, api_key, Authorization
Server: Jetty(9.2.9.v20150224)

{
    "id": 888952,
    "category": {
        "id": 101,
        "name": "German"
    },
    "name": "Jackie",
    "photoUrls": [
        "https://petstore.com/Images"
    ],
    "tags": [
        {
            "id": 101,
            "name": "Australia"
        }
    ],
    "status": "avaliable"
}
Request method:	POST
Request URI:	https://petstore.swagger.io/v2/pet/
Proxy:			<none>
Request params:	<none>
Query params:	<none>
Form params:	<none>
Path params:	<none>
Headers:		api_key=special-key
				Accept=*/*
				Content-Type=application/json
Cookies:		<none>
Multiparts:		<none>
Body:
{
    "id": 888952,
    "category": {
        "id": 101,
        "name": "German"
    },
    "name": "Jackie",
    "photoUrls": [
        "https://petstore.com/Images"
    ],
    "tags": [
        {
            "id": 101,
            "name": "Australia"
        }
    ],
    "status": "avaliable"
}
HTTP/1.1 200 OK
Date: Fri, 02 Aug 2024 23:13:37 GMT
Content-Type: application/json
Transfer-Encoding: chunked
Connection: keep-alive
Access-Control-Allow-Origin: *
Access-Control-Allow-Methods: GET, POST, DELETE, PUT
Access-Control-Allow-Headers: Content-Type, api_key, Authorization
Server: Jetty(9.2.9.v20150224)

{
    "id": 888952,
    "category": {
        "id": 101,
        "name": "German"
    },
    "name": "Jackie",
    "photoUrls": [
        "https://petstore.com/Images"
    ],
    "tags": [
        {
            "id": 101,
            "name": "Australia"
        }
    ],
    "status": "avaliable"
}
]]></system-out>
  </testcase>
  <testcase name="createPetWithMandatoryFields" classname="com.au.petstore.testsAPI.PostCreatePetAPI" time="1.547">
    <system-out><![CDATA[Request method:	POST
Request URI:	https://petstore.swagger.io/v2/pet/
Proxy:			<none>
Request params:	<none>
Query params:	<none>
Form params:	<none>
Path params:	<none>
Headers:		api_key=special-key
				Accept=*/*
				Content-Type=application/json
Cookies:		<none>
Multiparts:		<none>
Body:
{
    "name": "available",
    "photoUrls": [
        "https://petstore.com/Images"
    ]
}
HTTP/1.1 200 OK
Date: Fri, 02 Aug 2024 23:13:39 GMT
Content-Type: application/json
Transfer-Encoding: chunked
Connection: keep-alive
Access-Control-Allow-Origin: *
Access-Control-Allow-Methods: GET, POST, DELETE, PUT
Access-Control-Allow-Headers: Content-Type, api_key, Authorization
Server: Jetty(9.2.9.v20150224)

{
    "id": 9223372036854775807,
    "name": "available",
    "photoUrls": [
        "https://petstore.com/Images"
    ],
    "tags": [
        
    ]
}
]]></system-out>
    <system-err><![CDATA[java.lang.RuntimeException: com.fasterxml.jackson.databind.JsonMappingException: Numeric value (9223372036854775807) out of range of int (-2147483648 - 2147483647)
 at [Source: (String)"{"id":9223372036854775807,"name":"available","photoUrls":["https://petstore.com/Images"],"tags":[]}"; line: 1, column: 26] (through reference chain: com.au.petstore.pojo.Pet["id"])
	at io.restassured.internal.path.json.mapping.JsonPathJackson2ObjectDeserializer.deserialize(JsonPathJackson2ObjectDeserializer.java:30)
	at io.restassured.path.json.mapping.JsonPathObjectDeserializer$deserialize.call(Unknown Source)
	at io.restassured.internal.mapping.Jackson2Mapper.deserialize(Jackson2Mapper.groovy:58)
	at io.restassured.mapper.ObjectMapper$deserialize$0.call(Unknown Source)
	at io.restassured.internal.mapping.ObjectMapping.parseWithJackson2(ObjectMapping.groovy:254)
	at io.restassured.internal.mapping.ObjectMapping$parseWithJackson2$1.callStatic(Unknown Source)
	at io.restassured.internal.mapping.ObjectMapping.deserialize(ObjectMapping.groovy:56)
	at io.restassured.internal.mapping.ObjectMapping$deserialize$0.call(Unknown Source)
	at io.restassured.internal.RestAssuredResponseOptionsGroovyImpl.as(RestAssuredResponseOptionsGroovyImpl.groovy:229)
	at io.restassured.internal.RestAssuredResponseOptionsImpl.as(RestAssuredResponseOptionsImpl.java:169)
	at com.au.petstore.testsAPI.PostCreatePetAPI.createPetWithMandatoryFields(PostCreatePetAPI.java:69)
	at java.base/jdk.internal.reflect.NativeMethodAccessorImpl.invoke0(Native Method)
	at java.base/jdk.internal.reflect.NativeMethodAccessorImpl.invoke(NativeMethodAccessorImpl.java:62)
	at java.base/jdk.internal.reflect.DelegatingMethodAccessorImpl.invoke(DelegatingMethodAccessorImpl.java:43)
	at java.base/java.lang.reflect.Method.invoke(Method.java:566)
	at org.testng.internal.invokers.MethodInvocationHelper.invokeMethod(MethodInvocationHelper.java:139)
	at org.testng.internal.invokers.TestInvoker.invokeMethod(TestInvoker.java:664)
	at org.testng.internal.invokers.TestInvoker.invokeTestMethod(TestInvoker.java:227)
	at org.testng.internal.invokers.MethodRunner.runInSequence(MethodRunner.java:50)
	at org.testng.internal.invokers.TestInvoker$MethodInvocationAgent.invoke(TestInvoker.java:957)
	at org.testng.internal.invokers.TestInvoker.invokeTestMethods(TestInvoker.java:200)
	at org.testng.internal.invokers.TestMethodWorker.invokeTestMethods(TestMethodWorker.java:148)
	at org.testng.internal.invokers.TestMethodWorker.run(TestMethodWorker.java:128)
	at java.base/java.util.ArrayList.forEach(ArrayList.java:1541)
	at org.testng.TestRunner.privateRun(TestRunner.java:848)
	at org.testng.TestRunner.run(TestRunner.java:621)
	at org.testng.SuiteRunner.runTest(SuiteRunner.java:443)
	at org.testng.SuiteRunner.runSequentially(SuiteRunner.java:437)
	at org.testng.SuiteRunner.privateRun(SuiteRunner.java:397)
	at org.testng.SuiteRunner.run(SuiteRunner.java:336)
	at org.testng.SuiteRunnerWorker.runSuite(SuiteRunnerWorker.java:52)
	at org.testng.SuiteRunnerWorker.run(SuiteRunnerWorker.java:95)
	at org.testng.TestNG.runSuitesSequentially(TestNG.java:1280)
	at org.testng.TestNG.runSuitesLocally(TestNG.java:1200)
	at org.testng.TestNG.runSuites(TestNG.java:1114)
	at org.testng.TestNG.run(TestNG.java:1082)
	at org.apache.maven.surefire.testng.TestNGExecutor.run(TestNGExecutor.java:308)
	at org.apache.maven.surefire.testng.TestNGXmlTestSuite.execute(TestNGXmlTestSuite.java:71)
	at org.apache.maven.surefire.testng.TestNGProvider.invoke(TestNGProvider.java:113)
	at org.apache.maven.surefire.booter.ForkedBooter.runSuitesInProcess(ForkedBooter.java:385)
	at org.apache.maven.surefire.booter.ForkedBooter.execute(ForkedBooter.java:162)
	at org.apache.maven.surefire.booter.ForkedBooter.run(ForkedBooter.java:507)
	at org.apache.maven.surefire.booter.ForkedBooter.main(ForkedBooter.java:495)
Caused by: com.fasterxml.jackson.databind.JsonMappingException: Numeric value (9223372036854775807) out of range of int (-2147483648 - 2147483647)
 at [Source: (String)"{"id":9223372036854775807,"name":"available","photoUrls":["https://petstore.com/Images"],"tags":[]}"; line: 1, column: 26] (through reference chain: com.au.petstore.pojo.Pet["id"])
	at com.fasterxml.jackson.databind.JsonMappingException.wrapWithPath(JsonMappingException.java:390)
	at com.fasterxml.jackson.databind.JsonMappingException.wrapWithPath(JsonMappingException.java:349)
	at com.fasterxml.jackson.databind.deser.BeanDeserializerBase.wrapAndThrow(BeanDeserializerBase.java:1822)
	at com.fasterxml.jackson.databind.deser.BeanDeserializer.vanillaDeserialize(BeanDeserializer.java:326)
	at com.fasterxml.jackson.databind.deser.BeanDeserializer.deserialize(BeanDeserializer.java:187)
	at com.fasterxml.jackson.databind.deser.DefaultDeserializationContext.readRootValue(DefaultDeserializationContext.java:322)
	at com.fasterxml.jackson.databind.ObjectMapper._readMapAndClose(ObjectMapper.java:4593)
	at com.fasterxml.jackson.databind.ObjectMapper.readValue(ObjectMapper.java:3548)
	at io.restassured.internal.path.json.mapping.JsonPathJackson2ObjectDeserializer.deserialize(JsonPathJackson2ObjectDeserializer.java:28)
	... 42 more
Caused by: com.fasterxml.jackson.core.exc.InputCoercionException: Numeric value (9223372036854775807) out of range of int (-2147483648 - 2147483647)
 at [Source: (String)"{"id":9223372036854775807,"name":"available","photoUrls":["https://petstore.com/Images"],"tags":[]}"; line: 1, column: 26]
	at com.fasterxml.jackson.core.base.ParserMinimalBase._reportInputCoercion(ParserMinimalBase.java:599)
	at com.fasterxml.jackson.core.base.ParserMinimalBase.reportOverflowInt(ParserMinimalBase.java:568)
	at com.fasterxml.jackson.core.base.ParserBase.convertNumberToInt(ParserBase.java:936)
	at com.fasterxml.jackson.core.base.ParserBase._parseIntValue(ParserBase.java:849)
	at com.fasterxml.jackson.core.base.ParserBase.getIntValue(ParserBase.java:680)
	at com.fasterxml.jackson.databind.deser.std.NumberDeserializers$IntegerDeserializer.deserialize(NumberDeserializers.java:526)
	at com.fasterxml.jackson.databind.deser.std.NumberDeserializers$IntegerDeserializer.deserialize(NumberDeserializers.java:506)
	at com.fasterxml.jackson.databind.deser.impl.MethodProperty.deserializeAndSet(MethodProperty.java:129)
	at com.fasterxml.jackson.databind.deser.BeanDeserializer.vanillaDeserialize(BeanDeserializer.java:324)
	... 47 more
]]></system-err>
  </testcase>
  <testcase name="notAbleToCreatePetAsEmptyObjectError400" classname="com.au.petstore.testsAPI.PostCreatePetAPI" time="1.502">
    <failure message="&#10;Expected: is &lt;400&gt;&#10;     but: was &lt;200&gt;" type="java.lang.AssertionError"><![CDATA[java.lang.AssertionError: 

Expected: is <400>
     but: was <200>
	at org.hamcrest.MatcherAssert.assertThat(MatcherAssert.java:20)
	at org.hamcrest.MatcherAssert.assertThat(MatcherAssert.java:6)
	at com.au.petstore.testsAPI.PostCreatePetAPI.notAbleToCreatePetAsEmptyObjectError400(PostCreatePetAPI.java:142)
	at java.base/jdk.internal.reflect.NativeMethodAccessorImpl.invoke0(Native Method)
	at java.base/jdk.internal.reflect.NativeMethodAccessorImpl.invoke(NativeMethodAccessorImpl.java:62)
	at java.base/jdk.internal.reflect.DelegatingMethodAccessorImpl.invoke(DelegatingMethodAccessorImpl.java:43)
	at java.base/java.lang.reflect.Method.invoke(Method.java:566)
	at org.testng.internal.invokers.MethodInvocationHelper.invokeMethod(MethodInvocationHelper.java:139)
	at org.testng.internal.invokers.TestInvoker.invokeMethod(TestInvoker.java:664)
	at org.testng.internal.invokers.TestInvoker.invokeTestMethod(TestInvoker.java:227)
	at org.testng.internal.invokers.MethodRunner.runInSequence(MethodRunner.java:50)
	at org.testng.internal.invokers.TestInvoker$MethodInvocationAgent.invoke(TestInvoker.java:957)
	at org.testng.internal.invokers.TestInvoker.invokeTestMethods(TestInvoker.java:200)
	at org.testng.internal.invokers.TestMethodWorker.invokeTestMethods(TestMethodWorker.java:148)
	at org.testng.internal.invokers.TestMethodWorker.run(TestMethodWorker.java:128)
	at java.base/java.util.ArrayList.forEach(ArrayList.java:1541)
	at org.testng.TestRunner.privateRun(TestRunner.java:848)
	at org.testng.TestRunner.run(TestRunner.java:621)
	at org.testng.SuiteRunner.runTest(SuiteRunner.java:443)
	at org.testng.SuiteRunner.runSequentially(SuiteRunner.java:437)
	at org.testng.SuiteRunner.privateRun(SuiteRunner.java:397)
	at org.testng.SuiteRunner.run(SuiteRunner.java:336)
	at org.testng.SuiteRunnerWorker.runSuite(SuiteRunnerWorker.java:52)
	at org.testng.SuiteRunnerWorker.run(SuiteRunnerWorker.java:95)
	at org.testng.TestNG.runSuitesSequentially(TestNG.java:1280)
	at org.testng.TestNG.runSuitesLocally(TestNG.java:1200)
	at org.testng.TestNG.runSuites(TestNG.java:1114)
	at org.testng.TestNG.run(TestNG.java:1082)
	at org.apache.maven.surefire.testng.TestNGExecutor.run(TestNGExecutor.java:308)
	at org.apache.maven.surefire.testng.TestNGXmlTestSuite.execute(TestNGXmlTestSuite.java:71)
	at org.apache.maven.surefire.testng.TestNGProvider.invoke(TestNGProvider.java:113)
	at org.apache.maven.surefire.booter.ForkedBooter.runSuitesInProcess(ForkedBooter.java:385)
	at org.apache.maven.surefire.booter.ForkedBooter.execute(ForkedBooter.java:162)
	at org.apache.maven.surefire.booter.ForkedBooter.run(ForkedBooter.java:507)
	at org.apache.maven.surefire.booter.ForkedBooter.main(ForkedBooter.java:495)
]]></failure>
    <system-out><![CDATA[Request method:	POST
Request URI:	https://petstore.swagger.io/v2/pet/
Proxy:			<none>
Request params:	<none>
Query params:	<none>
Form params:	<none>
Path params:	<none>
Headers:		api_key=special-key
				Accept=*/*
				Content-Type=application/json
Cookies:		<none>
Multiparts:		<none>
Body:
{
    
}
HTTP/1.1 200 OK
Date: Fri, 02 Aug 2024 23:13:40 GMT
Content-Type: application/json
Transfer-Encoding: chunked
Connection: keep-alive
Access-Control-Allow-Origin: *
Access-Control-Allow-Methods: GET, POST, DELETE, PUT
Access-Control-Allow-Headers: Content-Type, api_key, Authorization
Server: Jetty(9.2.9.v20150224)

{
    "id": 9223372036854775807,
    "photoUrls": [
        
    ],
    "tags": [
        
    ]
}
]]></system-out>
  </testcase>
  <testcase name="notAbleToCreatePetAsIDIsMissingError500" classname="com.au.petstore.testsAPI.PostCreatePetAPI" time="2.675">
    <system-out><![CDATA[Request method:	POST
Request URI:	https://petstore.swagger.io/v2/pet/
Proxy:			<none>
Request params:	<none>
Query params:	<none>
Form params:	<none>
Path params:	<none>
Headers:		api_key=special-key
				Accept=*/*
				Content-Type=application/json
Cookies:		<none>
Multiparts:		<none>
Body:
""
HTTP/1.1 500 Server Error
Date: Fri, 02 Aug 2024 23:13:42 GMT
Content-Type: application/json
Transfer-Encoding: chunked
Connection: keep-alive
Access-Control-Allow-Origin: *
Access-Control-Allow-Methods: GET, POST, DELETE, PUT
Access-Control-Allow-Headers: Content-Type, api_key, Authorization
Server: Jetty(9.2.9.v20150224)

{
    "code": 500,
    "type": "unknown",
    "message": "something bad happened"
}
]]></system-out>
  </testcase>
  <testcase name="notAbleToCreatePetAsResourceIsMissingError404" classname="com.au.petstore.testsAPI.PostCreatePetAPI" time="1.319">
    <system-out><![CDATA[Request method:	POST
Request URI:	https://petstore.swagger.io/v2/
Proxy:			<none>
Request params:	<none>
Query params:	<none>
Form params:	<none>
Path params:	<none>
Headers:		api_key=special-key
				Accept=*/*
				Content-Type=application/json
Cookies:		<none>
Multiparts:		<none>
Body:
{
    "id": 888952,
    "category": {
        "id": 101,
        "name": "German"
    },
    "tags": [
        {
            "id": 101,
            "name": "Australia"
        }
    ],
    "status": "pending"
}
HTTP/1.1 404 Not Found
Date: Fri, 02 Aug 2024 23:13:44 GMT
Content-Type: application/xml
Content-Length: 165
Connection: keep-alive
Access-Control-Allow-Origin: *
Access-Control-Allow-Methods: GET, POST, DELETE, PUT
Access-Control-Allow-Headers: Content-Type, api_key, Authorization
Server: Jetty(9.2.9.v20150224)

<apiResponse>
  <message>null for uri: http://petstore.swagger.io/v2/</message>
  <type>unknown</type>
</apiResponse>
]]></system-out>
  </testcase>
  <testcase name="notAbleToCreatePetBadRequestError400" classname="com.au.petstore.testsAPI.PostCreatePetAPI" time="1.43">
    <failure message="&#10;Expected: is &lt;400&gt;&#10;     but: was &lt;200&gt;" type="java.lang.AssertionError"><![CDATA[java.lang.AssertionError: 

Expected: is <400>
     but: was <200>
	at org.hamcrest.MatcherAssert.assertThat(MatcherAssert.java:20)
	at org.hamcrest.MatcherAssert.assertThat(MatcherAssert.java:6)
	at com.au.petstore.testsAPI.PostCreatePetAPI.notAbleToCreatePetBadRequestError400(PostCreatePetAPI.java:114)
	at java.base/jdk.internal.reflect.NativeMethodAccessorImpl.invoke0(Native Method)
	at java.base/jdk.internal.reflect.NativeMethodAccessorImpl.invoke(NativeMethodAccessorImpl.java:62)
	at java.base/jdk.internal.reflect.DelegatingMethodAccessorImpl.invoke(DelegatingMethodAccessorImpl.java:43)
	at java.base/java.lang.reflect.Method.invoke(Method.java:566)
	at org.testng.internal.invokers.MethodInvocationHelper.invokeMethod(MethodInvocationHelper.java:139)
	at org.testng.internal.invokers.TestInvoker.invokeMethod(TestInvoker.java:664)
	at org.testng.internal.invokers.TestInvoker.invokeTestMethod(TestInvoker.java:227)
	at org.testng.internal.invokers.MethodRunner.runInSequence(MethodRunner.java:50)
	at org.testng.internal.invokers.TestInvoker$MethodInvocationAgent.invoke(TestInvoker.java:957)
	at org.testng.internal.invokers.TestInvoker.invokeTestMethods(TestInvoker.java:200)
	at org.testng.internal.invokers.TestMethodWorker.invokeTestMethods(TestMethodWorker.java:148)
	at org.testng.internal.invokers.TestMethodWorker.run(TestMethodWorker.java:128)
	at java.base/java.util.ArrayList.forEach(ArrayList.java:1541)
	at org.testng.TestRunner.privateRun(TestRunner.java:848)
	at org.testng.TestRunner.run(TestRunner.java:621)
	at org.testng.SuiteRunner.runTest(SuiteRunner.java:443)
	at org.testng.SuiteRunner.runSequentially(SuiteRunner.java:437)
	at org.testng.SuiteRunner.privateRun(SuiteRunner.java:397)
	at org.testng.SuiteRunner.run(SuiteRunner.java:336)
	at org.testng.SuiteRunnerWorker.runSuite(SuiteRunnerWorker.java:52)
	at org.testng.SuiteRunnerWorker.run(SuiteRunnerWorker.java:95)
	at org.testng.TestNG.runSuitesSequentially(TestNG.java:1280)
	at org.testng.TestNG.runSuitesLocally(TestNG.java:1200)
	at org.testng.TestNG.runSuites(TestNG.java:1114)
	at org.testng.TestNG.run(TestNG.java:1082)
	at org.apache.maven.surefire.testng.TestNGExecutor.run(TestNGExecutor.java:308)
	at org.apache.maven.surefire.testng.TestNGXmlTestSuite.execute(TestNGXmlTestSuite.java:71)
	at org.apache.maven.surefire.testng.TestNGProvider.invoke(TestNGProvider.java:113)
	at org.apache.maven.surefire.booter.ForkedBooter.runSuitesInProcess(ForkedBooter.java:385)
	at org.apache.maven.surefire.booter.ForkedBooter.execute(ForkedBooter.java:162)
	at org.apache.maven.surefire.booter.ForkedBooter.run(ForkedBooter.java:507)
	at org.apache.maven.surefire.booter.ForkedBooter.main(ForkedBooter.java:495)
]]></failure>
    <system-out><![CDATA[Request method:	POST
Request URI:	https://petstore.swagger.io/v2/pet/
Proxy:			<none>
Request params:	<none>
Query params:	<none>
Form params:	<none>
Path params:	<none>
Headers:		api_key=special-key
				Accept=*/*
				Content-Type=application/json
Cookies:		<none>
Multiparts:		<none>
Body:
{
    "id": 888952,
    "category": {
        "id": 101,
        "name": "German"
    },
    "tags": [
        {
            "id": 101,
            "name": "Australia"
        }
    ],
    "status": "123"
}
HTTP/1.1 200 OK
Date: Fri, 02 Aug 2024 23:13:46 GMT
Content-Type: application/json
Transfer-Encoding: chunked
Connection: keep-alive
Access-Control-Allow-Origin: *
Access-Control-Allow-Methods: GET, POST, DELETE, PUT
Access-Control-Allow-Headers: Content-Type, api_key, Authorization
Server: Jetty(9.2.9.v20150224)

{
    "id": 888952,
    "category": {
        "id": 101,
        "name": "German"
    },
    "photoUrls": [
        
    ],
    "tags": [
        {
            "id": 101,
            "name": "Australia"
        }
    ],
    "status": "123"
}
]]></system-out>
  </testcase>
  <testcase name="notAbleToCreatePetWithoutBodyError405" classname="com.au.petstore.testsAPI.PostCreatePetAPI" time="1.451">
    <system-out><![CDATA[Request method:	POST
Request URI:	https://petstore.swagger.io/v2/pet/
Proxy:			<none>
Request params:	<none>
Query params:	<none>
Form params:	<none>
Path params:	<none>
Headers:		api_key=special-key
				Accept=*/*
				Content-Type=application/json
Cookies:		<none>
Multiparts:		<none>
Body:			<none>
HTTP/1.1 405 Method Not Allowed
Date: Fri, 02 Aug 2024 23:13:47 GMT
Content-Type: application/json
Transfer-Encoding: chunked
Connection: keep-alive
Access-Control-Allow-Origin: *
Access-Control-Allow-Methods: GET, POST, DELETE, PUT
Access-Control-Allow-Headers: Content-Type, api_key, Authorization
Server: Jetty(9.2.9.v20150224)

{
    "code": 405,
    "type": "unknown",
    "message": "no data"
}
]]></system-out>
  </testcase>
  <testcase name="postAPIToCreatePetWithDifferentStatus[available](1)" classname="com.au.petstore.testsAPI.PostCreatePetAPI" time="1.317">
    <system-out><![CDATA[Request method:	POST
Request URI:	https://petstore.swagger.io/v2/pet/
Proxy:			<none>
Request params:	<none>
Query params:	<none>
Form params:	<none>
Path params:	<none>
Headers:		api_key=special-key
				Accept=*/*
				Content-Type=application/json
Cookies:		<none>
Multiparts:		<none>
Body:
{
    "id": 888952,
    "category": {
        "id": 101,
        "name": "German"
    },
    "name": "Jackie",
    "photoUrls": [
        "https://petstore.com/Images"
    ],
    "tags": [
        {
            "id": 101,
            "name": "Australia"
        }
    ],
    "status": "available"
}
HTTP/1.1 200 OK
Date: Fri, 02 Aug 2024 23:13:48 GMT
Content-Type: application/json
Transfer-Encoding: chunked
Connection: keep-alive
Access-Control-Allow-Origin: *
Access-Control-Allow-Methods: GET, POST, DELETE, PUT
Access-Control-Allow-Headers: Content-Type, api_key, Authorization
Server: Jetty(9.2.9.v20150224)

{
    "id": 888952,
    "category": {
        "id": 101,
        "name": "German"
    },
    "name": "Jackie",
    "photoUrls": [
        "https://petstore.com/Images"
    ],
    "tags": [
        {
            "id": 101,
            "name": "Australia"
        }
    ],
    "status": "available"
}
]]></system-out>
  </testcase>
  <testcase name="postAPIToCreatePetWithDifferentStatus[sold](2)" classname="com.au.petstore.testsAPI.PostCreatePetAPI" time="1.529">
    <system-out><![CDATA[Request method:	POST
Request URI:	https://petstore.swagger.io/v2/pet/
Proxy:			<none>
Request params:	<none>
Query params:	<none>
Form params:	<none>
Path params:	<none>
Headers:		api_key=special-key
				Accept=*/*
				Content-Type=application/json
Cookies:		<none>
Multiparts:		<none>
Body:
{
    "id": 888952,
    "category": {
        "id": 101,
        "name": "German"
    },
    "name": "Jackie",
    "photoUrls": [
        "https://petstore.com/Images"
    ],
    "tags": [
        {
            "id": 101,
            "name": "Australia"
        }
    ],
    "status": "sold"
}
HTTP/1.1 200 OK
Date: Fri, 02 Aug 2024 23:13:50 GMT
Content-Type: application/json
Transfer-Encoding: chunked
Connection: keep-alive
Access-Control-Allow-Origin: *
Access-Control-Allow-Methods: GET, POST, DELETE, PUT
Access-Control-Allow-Headers: Content-Type, api_key, Authorization
Server: Jetty(9.2.9.v20150224)

{
    "id": 888952,
    "category": {
        "id": 101,
        "name": "German"
    },
    "name": "Jackie",
    "photoUrls": [
        "https://petstore.com/Images"
    ],
    "tags": [
        {
            "id": 101,
            "name": "Australia"
        }
    ],
    "status": "sold"
}
]]></system-out>
  </testcase>
  <testcase name="postAPIToCreatePetWithDifferentStatus[Pending](3)" classname="com.au.petstore.testsAPI.PostCreatePetAPI" time="1.435">
    <system-out><![CDATA[Request method:	POST
Request URI:	https://petstore.swagger.io/v2/pet/
Proxy:			<none>
Request params:	<none>
Query params:	<none>
Form params:	<none>
Path params:	<none>
Headers:		api_key=special-key
				Accept=*/*
				Content-Type=application/json
Cookies:		<none>
Multiparts:		<none>
Body:
{
    "id": 888952,
    "category": {
        "id": 101,
        "name": "German"
    },
    "name": "Jackie",
    "photoUrls": [
        "https://petstore.com/Images"
    ],
    "tags": [
        {
            "id": 101,
            "name": "Australia"
        }
    ],
    "status": "Pending"
}
HTTP/1.1 200 OK
Date: Fri, 02 Aug 2024 23:13:51 GMT
Content-Type: application/json
Transfer-Encoding: chunked
Connection: keep-alive
Access-Control-Allow-Origin: *
Access-Control-Allow-Methods: GET, POST, DELETE, PUT
Access-Control-Allow-Headers: Content-Type, api_key, Authorization
Server: Jetty(9.2.9.v20150224)

{
    "id": 888952,
    "category": {
        "id": 101,
        "name": "German"
    },
    "name": "Jackie",
    "photoUrls": [
        "https://petstore.com/Images"
    ],
    "tags": [
        {
            "id": 101,
            "name": "Australia"
        }
    ],
    "status": "Pending"
}
]]></system-out>
  </testcase>
  <testcase name="postAPIToCreatePetWithoutMandatoryFieldsError400" classname="com.au.petstore.testsAPI.PostCreatePetAPI" time="1.463">
    <failure message="&#10;Expected: is &lt;400&gt;&#10;     but: was &lt;200&gt;" type="java.lang.AssertionError"><![CDATA[java.lang.AssertionError: 

Expected: is <400>
     but: was <200>
	at org.hamcrest.MatcherAssert.assertThat(MatcherAssert.java:20)
	at org.hamcrest.MatcherAssert.assertThat(MatcherAssert.java:6)
	at com.au.petstore.testsAPI.PostCreatePetAPI.postAPIToCreatePetWithoutMandatoryFieldsError400(PostCreatePetAPI.java:99)
	at java.base/jdk.internal.reflect.NativeMethodAccessorImpl.invoke0(Native Method)
	at java.base/jdk.internal.reflect.NativeMethodAccessorImpl.invoke(NativeMethodAccessorImpl.java:62)
	at java.base/jdk.internal.reflect.DelegatingMethodAccessorImpl.invoke(DelegatingMethodAccessorImpl.java:43)
	at java.base/java.lang.reflect.Method.invoke(Method.java:566)
	at org.testng.internal.invokers.MethodInvocationHelper.invokeMethod(MethodInvocationHelper.java:139)
	at org.testng.internal.invokers.TestInvoker.invokeMethod(TestInvoker.java:664)
	at org.testng.internal.invokers.TestInvoker.invokeTestMethod(TestInvoker.java:227)
	at org.testng.internal.invokers.MethodRunner.runInSequence(MethodRunner.java:50)
	at org.testng.internal.invokers.TestInvoker$MethodInvocationAgent.invoke(TestInvoker.java:957)
	at org.testng.internal.invokers.TestInvoker.invokeTestMethods(TestInvoker.java:200)
	at org.testng.internal.invokers.TestMethodWorker.invokeTestMethods(TestMethodWorker.java:148)
	at org.testng.internal.invokers.TestMethodWorker.run(TestMethodWorker.java:128)
	at java.base/java.util.ArrayList.forEach(ArrayList.java:1541)
	at org.testng.TestRunner.privateRun(TestRunner.java:848)
	at org.testng.TestRunner.run(TestRunner.java:621)
	at org.testng.SuiteRunner.runTest(SuiteRunner.java:443)
	at org.testng.SuiteRunner.runSequentially(SuiteRunner.java:437)
	at org.testng.SuiteRunner.privateRun(SuiteRunner.java:397)
	at org.testng.SuiteRunner.run(SuiteRunner.java:336)
	at org.testng.SuiteRunnerWorker.runSuite(SuiteRunnerWorker.java:52)
	at org.testng.SuiteRunnerWorker.run(SuiteRunnerWorker.java:95)
	at org.testng.TestNG.runSuitesSequentially(TestNG.java:1280)
	at org.testng.TestNG.runSuitesLocally(TestNG.java:1200)
	at org.testng.TestNG.runSuites(TestNG.java:1114)
	at org.testng.TestNG.run(TestNG.java:1082)
	at org.apache.maven.surefire.testng.TestNGExecutor.run(TestNGExecutor.java:308)
	at org.apache.maven.surefire.testng.TestNGXmlTestSuite.execute(TestNGXmlTestSuite.java:71)
	at org.apache.maven.surefire.testng.TestNGProvider.invoke(TestNGProvider.java:113)
	at org.apache.maven.surefire.booter.ForkedBooter.runSuitesInProcess(ForkedBooter.java:385)
	at org.apache.maven.surefire.booter.ForkedBooter.execute(ForkedBooter.java:162)
	at org.apache.maven.surefire.booter.ForkedBooter.run(ForkedBooter.java:507)
	at org.apache.maven.surefire.booter.ForkedBooter.main(ForkedBooter.java:495)
]]></failure>
    <system-out><![CDATA[Request method:	POST
Request URI:	https://petstore.swagger.io/v2/pet/
Proxy:			<none>
Request params:	<none>
Query params:	<none>
Form params:	<none>
Path params:	<none>
Headers:		api_key=special-key
				Accept=*/*
				Content-Type=application/json
Cookies:		<none>
Multiparts:		<none>
Body:
{
    "id": 888952,
    "category": {
        "id": 101,
        "name": "German"
    },
    "tags": [
        {
            "id": 101,
            "name": "Australia"
        }
    ],
    "status": "pending"
}
HTTP/1.1 200 OK
Date: Fri, 02 Aug 2024 23:13:53 GMT
Content-Type: application/json
Transfer-Encoding: chunked
Connection: keep-alive
Access-Control-Allow-Origin: *
Access-Control-Allow-Methods: GET, POST, DELETE, PUT
Access-Control-Allow-Headers: Content-Type, api_key, Authorization
Server: Jetty(9.2.9.v20150224)

{
    "id": 888952,
    "category": {
        "id": 101,
        "name": "German"
    },
    "photoUrls": [
        
    ],
    "tags": [
        {
            "id": 101,
            "name": "Australia"
        }
    ],
    "status": "pending"
}
]]></system-out>
  </testcase>
  <testcase name="updateExistingPetWithNameAndStatus[Jack, available](1)" classname="com.au.petstore.testsAPI.PostPetInStoreWithFormData" time="1.542">
    <system-out><![CDATA[Request method:	POST
Request URI:	https://petstore.swagger.io/v2/pet/
Proxy:			<none>
Request params:	<none>
Query params:	<none>
Form params:	<none>
Path params:	<none>
Headers:		api_key=special-key
				Accept=*/*
				Content-Type=application/json
Cookies:		<none>
Multiparts:		<none>
Body:
{
    "id": 600797,
    "category": {
        "id": 101,
        "name": "German"
    },
    "name": "Jackie",
    "photoUrls": [
        "https://petstore.com/Images"
    ],
    "tags": [
        {
            "id": 101,
            "name": "Australia"
        }
    ],
    "status": "available"
}
HTTP/1.1 200 OK
Date: Fri, 02 Aug 2024 23:13:54 GMT
Content-Type: application/json
Transfer-Encoding: chunked
Connection: keep-alive
Access-Control-Allow-Origin: *
Access-Control-Allow-Methods: GET, POST, DELETE, PUT
Access-Control-Allow-Headers: Content-Type, api_key, Authorization
Server: Jetty(9.2.9.v20150224)

{
    "id": 600797,
    "category": {
        "id": 101,
        "name": "German"
    },
    "name": "Jackie",
    "photoUrls": [
        "https://petstore.com/Images"
    ],
    "tags": [
        {
            "id": 101,
            "name": "Australia"
        }
    ],
    "status": "available"
}
Request method:	POST
Request URI:	https://petstore.swagger.io/v2/pet/600797/
Proxy:			<none>
Request params:	<none>
Query params:	<none>
Form params:	name=Jack
				status=available
Path params:	petID=600797
Headers:		api_key=special-key
				Accept=*/*
				Content-Type=application/x-www-form-urlencoded; charset=ISO-8859-1
Cookies:		<none>
Multiparts:		<none>
Body:			<none>
HTTP/1.1 200 OK
Date: Fri, 02 Aug 2024 23:13:56 GMT
Content-Type: application/json
Transfer-Encoding: chunked
Connection: keep-alive
Access-Control-Allow-Origin: *
Access-Control-Allow-Methods: GET, POST, DELETE, PUT
Access-Control-Allow-Headers: Content-Type, api_key, Authorization
Server: Jetty(9.2.9.v20150224)

{
    "code": 200,
    "type": "unknown",
    "message": "600797"
}
]]></system-out>
  </testcase>
  <testcase name="updateExistingPetWithNameAndStatus[Jo, sold](2)" classname="com.au.petstore.testsAPI.PostPetInStoreWithFormData" time="1.36">
    <system-out><![CDATA[Request method:	POST
Request URI:	https://petstore.swagger.io/v2/pet/600797/
Proxy:			<none>
Request params:	<none>
Query params:	<none>
Form params:	name=Jo
				status=sold
Path params:	petID=600797
Headers:		api_key=special-key
				Accept=*/*
				Content-Type=application/x-www-form-urlencoded; charset=ISO-8859-1
Cookies:		<none>
Multiparts:		<none>
Body:			<none>
HTTP/1.1 200 OK
Date: Fri, 02 Aug 2024 23:13:57 GMT
Content-Type: application/json
Transfer-Encoding: chunked
Connection: keep-alive
Access-Control-Allow-Origin: *
Access-Control-Allow-Methods: GET, POST, DELETE, PUT
Access-Control-Allow-Headers: Content-Type, api_key, Authorization
Server: Jetty(9.2.9.v20150224)

{
    "code": 200,
    "type": "unknown",
    "message": "600797"
}
]]></system-out>
  </testcase>
  <testcase name="updateExistingPetWithNameAndStatus[Mike, Pending](3)" classname="com.au.petstore.testsAPI.PostPetInStoreWithFormData" time="1.4">
    <system-out><![CDATA[Request method:	POST
Request URI:	https://petstore.swagger.io/v2/pet/600797/
Proxy:			<none>
Request params:	<none>
Query params:	<none>
Form params:	name=Mike
				status=Pending
Path params:	petID=600797
Headers:		api_key=special-key
				Accept=*/*
				Content-Type=application/x-www-form-urlencoded; charset=ISO-8859-1
Cookies:		<none>
Multiparts:		<none>
Body:			<none>
HTTP/1.1 200 OK
Date: Fri, 02 Aug 2024 23:13:59 GMT
Content-Type: application/json
Transfer-Encoding: chunked
Connection: keep-alive
Access-Control-Allow-Origin: *
Access-Control-Allow-Methods: GET, POST, DELETE, PUT
Access-Control-Allow-Headers: Content-Type, api_key, Authorization
Server: Jetty(9.2.9.v20150224)

{
    "code": 200,
    "type": "unknown",
    "message": "600797"
}
]]></system-out>
  </testcase>
  <testcase name="updatePetWithInvalidFields" classname="com.au.petstore.testsAPI.PostPetInStoreWithFormData" time="1.401">
    <failure message="&#10;Expected: is &lt;200&gt;&#10;     but: was &lt;415&gt;" type="java.lang.AssertionError"><![CDATA[java.lang.AssertionError: 

Expected: is <200>
     but: was <415>
	at org.hamcrest.MatcherAssert.assertThat(MatcherAssert.java:20)
	at org.hamcrest.MatcherAssert.assertThat(MatcherAssert.java:6)
	at com.au.petstore.testsAPI.PostPetInStoreWithFormData.updatePetWithInvalidFields(PostPetInStoreWithFormData.java:66)
	at java.base/jdk.internal.reflect.NativeMethodAccessorImpl.invoke0(Native Method)
	at java.base/jdk.internal.reflect.NativeMethodAccessorImpl.invoke(NativeMethodAccessorImpl.java:62)
	at java.base/jdk.internal.reflect.DelegatingMethodAccessorImpl.invoke(DelegatingMethodAccessorImpl.java:43)
	at java.base/java.lang.reflect.Method.invoke(Method.java:566)
	at org.testng.internal.invokers.MethodInvocationHelper.invokeMethod(MethodInvocationHelper.java:139)
	at org.testng.internal.invokers.TestInvoker.invokeMethod(TestInvoker.java:664)
	at org.testng.internal.invokers.TestInvoker.invokeTestMethod(TestInvoker.java:227)
	at org.testng.internal.invokers.MethodRunner.runInSequence(MethodRunner.java:50)
	at org.testng.internal.invokers.TestInvoker$MethodInvocationAgent.invoke(TestInvoker.java:957)
	at org.testng.internal.invokers.TestInvoker.invokeTestMethods(TestInvoker.java:200)
	at org.testng.internal.invokers.TestMethodWorker.invokeTestMethods(TestMethodWorker.java:148)
	at org.testng.internal.invokers.TestMethodWorker.run(TestMethodWorker.java:128)
	at java.base/java.util.ArrayList.forEach(ArrayList.java:1541)
	at org.testng.TestRunner.privateRun(TestRunner.java:848)
	at org.testng.TestRunner.run(TestRunner.java:621)
	at org.testng.SuiteRunner.runTest(SuiteRunner.java:443)
	at org.testng.SuiteRunner.runSequentially(SuiteRunner.java:437)
	at org.testng.SuiteRunner.privateRun(SuiteRunner.java:397)
	at org.testng.SuiteRunner.run(SuiteRunner.java:336)
	at org.testng.SuiteRunnerWorker.runSuite(SuiteRunnerWorker.java:52)
	at org.testng.SuiteRunnerWorker.run(SuiteRunnerWorker.java:95)
	at org.testng.TestNG.runSuitesSequentially(TestNG.java:1280)
	at org.testng.TestNG.runSuitesLocally(TestNG.java:1200)
	at org.testng.TestNG.runSuites(TestNG.java:1114)
	at org.testng.TestNG.run(TestNG.java:1082)
	at org.apache.maven.surefire.testng.TestNGExecutor.run(TestNGExecutor.java:308)
	at org.apache.maven.surefire.testng.TestNGXmlTestSuite.execute(TestNGXmlTestSuite.java:71)
	at org.apache.maven.surefire.testng.TestNGProvider.invoke(TestNGProvider.java:113)
	at org.apache.maven.surefire.booter.ForkedBooter.runSuitesInProcess(ForkedBooter.java:385)
	at org.apache.maven.surefire.booter.ForkedBooter.execute(ForkedBooter.java:162)
	at org.apache.maven.surefire.booter.ForkedBooter.run(ForkedBooter.java:507)
	at org.apache.maven.surefire.booter.ForkedBooter.main(ForkedBooter.java:495)
]]></failure>
    <system-out><![CDATA[Request method:	POST
Request URI:	https://petstore.swagger.io/v2/pet//
Proxy:			<none>
Request params:	<none>
Query params:	<none>
Form params:	name=
				status=
Path params:	petID=
Headers:		api_key=special-key
				Accept=*/*
				Content-Type=application/x-www-form-urlencoded; charset=ISO-8859-1
Cookies:		<none>
Multiparts:		<none>
Body:			<none>
HTTP/1.1 415 Unsupported Media Type
Date: Fri, 02 Aug 2024 23:14:00 GMT
Content-Type: application/xml
Content-Length: 102
Connection: keep-alive
Access-Control-Allow-Origin: *
Access-Control-Allow-Methods: GET, POST, DELETE, PUT
Access-Control-Allow-Headers: Content-Type, api_key, Authorization
Server: Jetty(9.2.9.v20150224)

<apiResponse>
  <type>unknown</type>
</apiResponse>
]]></system-out>
  </testcase>
  <testcase name="updateExistingPetWithImage" classname="com.au.petstore.testsAPI.PostUploadPetImage" time="1.58">
    <system-out><![CDATA[Request method:	POST
Request URI:	https://petstore.swagger.io/v2/pet/
Proxy:			<none>
Request params:	<none>
Query params:	<none>
Form params:	<none>
Path params:	<none>
Headers:		api_key=special-key
				Accept=*/*
				Content-Type=application/json
Cookies:		<none>
Multiparts:		<none>
Body:
{
    "id": 277578,
    "category": {
        "id": 101,
        "name": "German"
    },
    "name": "Jackie",
    "photoUrls": [
        "https://petstore.com/Images"
    ],
    "tags": [
        {
            "id": 101,
            "name": "Australia"
        }
    ],
    "status": "available"
}
HTTP/1.1 200 OK
Date: Fri, 02 Aug 2024 23:14:01 GMT
Content-Type: application/json
Transfer-Encoding: chunked
Connection: keep-alive
Access-Control-Allow-Origin: *
Access-Control-Allow-Methods: GET, POST, DELETE, PUT
Access-Control-Allow-Headers: Content-Type, api_key, Authorization
Server: Jetty(9.2.9.v20150224)

{
    "id": 277578,
    "category": {
        "id": 101,
        "name": "German"
    },
    "name": "Jackie",
    "photoUrls": [
        "https://petstore.com/Images"
    ],
    "tags": [
        {
            "id": 101,
            "name": "Australia"
        }
    ],
    "status": "available"
}
Request method:	POST
Request URI:	https://petstore.swagger.io/v2/pet/277578/uploadImage
Proxy:			<none>
Request params:	<none>
Query params:	<none>
Form params:	<none>
Path params:	petID=277578
Headers:		api_key=special-key
				Accept=*/*
				Content-Type=multipart/form-data
Cookies:		<none>
Multiparts:		------------
				Content-Disposition: form-data; name = file; filename = dog.jpeg
				Content-Type: application/octet-stream

				src/test/resources/dog.jpeg
Body:			<none>
HTTP/1.1 200 OK
Date: Fri, 02 Aug 2024 23:14:03 GMT
Content-Type: application/json
Transfer-Encoding: chunked
Connection: keep-alive
Access-Control-Allow-Origin: *
Access-Control-Allow-Methods: GET, POST, DELETE, PUT
Access-Control-Allow-Headers: Content-Type, api_key, Authorization
Server: Jetty(9.2.9.v20150224)

{
    "code": 200,
    "type": "unknown",
    "message": "additionalMetadata: null\nFile uploaded to ./dog.jpeg, 2879 bytes"
}
]]></system-out>
  </testcase>
  <testcase name="updatePetWithDeletedPetID" classname="com.au.petstore.testsAPI.PostUploadPetImage" time="2.957">
    <failure message="&#10;Expected: is &lt;404&gt;&#10;     but: was &lt;200&gt;" type="java.lang.AssertionError"><![CDATA[java.lang.AssertionError: 

Expected: is <404>
     but: was <200>
	at org.hamcrest.MatcherAssert.assertThat(MatcherAssert.java:20)
	at org.hamcrest.MatcherAssert.assertThat(MatcherAssert.java:6)
	at com.au.petstore.testsAPI.PostUploadPetImage.updatePetWithDeletedPetID(PostUploadPetImage.java:83)
	at java.base/jdk.internal.reflect.NativeMethodAccessorImpl.invoke0(Native Method)
	at java.base/jdk.internal.reflect.NativeMethodAccessorImpl.invoke(NativeMethodAccessorImpl.java:62)
	at java.base/jdk.internal.reflect.DelegatingMethodAccessorImpl.invoke(DelegatingMethodAccessorImpl.java:43)
	at java.base/java.lang.reflect.Method.invoke(Method.java:566)
	at org.testng.internal.invokers.MethodInvocationHelper.invokeMethod(MethodInvocationHelper.java:139)
	at org.testng.internal.invokers.TestInvoker.invokeMethod(TestInvoker.java:664)
	at org.testng.internal.invokers.TestInvoker.invokeTestMethod(TestInvoker.java:227)
	at org.testng.internal.invokers.MethodRunner.runInSequence(MethodRunner.java:50)
	at org.testng.internal.invokers.TestInvoker$MethodInvocationAgent.invoke(TestInvoker.java:957)
	at org.testng.internal.invokers.TestInvoker.invokeTestMethods(TestInvoker.java:200)
	at org.testng.internal.invokers.TestMethodWorker.invokeTestMethods(TestMethodWorker.java:148)
	at org.testng.internal.invokers.TestMethodWorker.run(TestMethodWorker.java:128)
	at java.base/java.util.ArrayList.forEach(ArrayList.java:1541)
	at org.testng.TestRunner.privateRun(TestRunner.java:848)
	at org.testng.TestRunner.run(TestRunner.java:621)
	at org.testng.SuiteRunner.runTest(SuiteRunner.java:443)
	at org.testng.SuiteRunner.runSequentially(SuiteRunner.java:437)
	at org.testng.SuiteRunner.privateRun(SuiteRunner.java:397)
	at org.testng.SuiteRunner.run(SuiteRunner.java:336)
	at org.testng.SuiteRunnerWorker.runSuite(SuiteRunnerWorker.java:52)
	at org.testng.SuiteRunnerWorker.run(SuiteRunnerWorker.java:95)
	at org.testng.TestNG.runSuitesSequentially(TestNG.java:1280)
	at org.testng.TestNG.runSuitesLocally(TestNG.java:1200)
	at org.testng.TestNG.runSuites(TestNG.java:1114)
	at org.testng.TestNG.run(TestNG.java:1082)
	at org.apache.maven.surefire.testng.TestNGExecutor.run(TestNGExecutor.java:308)
	at org.apache.maven.surefire.testng.TestNGXmlTestSuite.execute(TestNGXmlTestSuite.java:71)
	at org.apache.maven.surefire.testng.TestNGProvider.invoke(TestNGProvider.java:113)
	at org.apache.maven.surefire.booter.ForkedBooter.runSuitesInProcess(ForkedBooter.java:385)
	at org.apache.maven.surefire.booter.ForkedBooter.execute(ForkedBooter.java:162)
	at org.apache.maven.surefire.booter.ForkedBooter.run(ForkedBooter.java:507)
	at org.apache.maven.surefire.booter.ForkedBooter.main(ForkedBooter.java:495)
]]></failure>
    <system-out><![CDATA[Request method:	DELETE
Request URI:	https://petstore.swagger.io/v2/pet/277578
Proxy:			<none>
Request params:	<none>
Query params:	<none>
Form params:	<none>
Path params:	petID=277578
Headers:		api_key=special-key
				Accept=*/*
				Content-Type=application/json
Cookies:		<none>
Multiparts:		<none>
Body:			<none>
HTTP/1.1 200 OK
Date: Fri, 02 Aug 2024 23:14:04 GMT
Content-Type: application/json
Transfer-Encoding: chunked
Connection: keep-alive
Access-Control-Allow-Origin: *
Access-Control-Allow-Methods: GET, POST, DELETE, PUT
Access-Control-Allow-Headers: Content-Type, api_key, Authorization
Server: Jetty(9.2.9.v20150224)

{
    "code": 200,
    "type": "unknown",
    "message": "277578"
}
Request method:	POST
Request URI:	https://petstore.swagger.io/v2/pet/277578/uploadImage
Proxy:			<none>
Request params:	<none>
Query params:	<none>
Form params:	<none>
Path params:	petID=277578
Headers:		api_key=special-key
				Accept=*/*
				Content-Type=multipart/form-data
Cookies:		<none>
Multiparts:		------------
				Content-Disposition: form-data; name = file; filename = dog.jpeg
				Content-Type: application/octet-stream

				src/test/resources/dog.jpeg
Body:			<none>
HTTP/1.1 200 OK
Date: Fri, 02 Aug 2024 23:14:06 GMT
Content-Type: application/json
Transfer-Encoding: chunked
Connection: keep-alive
Access-Control-Allow-Origin: *
Access-Control-Allow-Methods: GET, POST, DELETE, PUT
Access-Control-Allow-Headers: Content-Type, api_key, Authorization
Server: Jetty(9.2.9.v20150224)

{
    "code": 200,
    "type": "unknown",
    "message": "additionalMetadata: null\nFile uploaded to ./dog.jpeg, 2879 bytes"
}
]]></system-out>
  </testcase>
  <testcase name="updatePetWithMandatoryFields" classname="com.au.petstore.testsAPI.PostUploadPetImage" time="1.33">
    <failure message="&#10;Expected: is &lt;200&gt;&#10;     but: was &lt;404&gt;" type="java.lang.AssertionError"><![CDATA[java.lang.AssertionError: 

Expected: is <200>
     but: was <404>
	at org.hamcrest.MatcherAssert.assertThat(MatcherAssert.java:20)
	at org.hamcrest.MatcherAssert.assertThat(MatcherAssert.java:6)
	at com.au.petstore.testsAPI.PostUploadPetImage.updatePetWithMandatoryFields(PostUploadPetImage.java:59)
	at java.base/jdk.internal.reflect.NativeMethodAccessorImpl.invoke0(Native Method)
	at java.base/jdk.internal.reflect.NativeMethodAccessorImpl.invoke(NativeMethodAccessorImpl.java:62)
	at java.base/jdk.internal.reflect.DelegatingMethodAccessorImpl.invoke(DelegatingMethodAccessorImpl.java:43)
	at java.base/java.lang.reflect.Method.invoke(Method.java:566)
	at org.testng.internal.invokers.MethodInvocationHelper.invokeMethod(MethodInvocationHelper.java:139)
	at org.testng.internal.invokers.TestInvoker.invokeMethod(TestInvoker.java:664)
	at org.testng.internal.invokers.TestInvoker.invokeTestMethod(TestInvoker.java:227)
	at org.testng.internal.invokers.MethodRunner.runInSequence(MethodRunner.java:50)
	at org.testng.internal.invokers.TestInvoker$MethodInvocationAgent.invoke(TestInvoker.java:957)
	at org.testng.internal.invokers.TestInvoker.invokeTestMethods(TestInvoker.java:200)
	at org.testng.internal.invokers.TestMethodWorker.invokeTestMethods(TestMethodWorker.java:148)
	at org.testng.internal.invokers.TestMethodWorker.run(TestMethodWorker.java:128)
	at java.base/java.util.ArrayList.forEach(ArrayList.java:1541)
	at org.testng.TestRunner.privateRun(TestRunner.java:848)
	at org.testng.TestRunner.run(TestRunner.java:621)
	at org.testng.SuiteRunner.runTest(SuiteRunner.java:443)
	at org.testng.SuiteRunner.runSequentially(SuiteRunner.java:437)
	at org.testng.SuiteRunner.privateRun(SuiteRunner.java:397)
	at org.testng.SuiteRunner.run(SuiteRunner.java:336)
	at org.testng.SuiteRunnerWorker.runSuite(SuiteRunnerWorker.java:52)
	at org.testng.SuiteRunnerWorker.run(SuiteRunnerWorker.java:95)
	at org.testng.TestNG.runSuitesSequentially(TestNG.java:1280)
	at org.testng.TestNG.runSuitesLocally(TestNG.java:1200)
	at org.testng.TestNG.runSuites(TestNG.java:1114)
	at org.testng.TestNG.run(TestNG.java:1082)
	at org.apache.maven.surefire.testng.TestNGExecutor.run(TestNGExecutor.java:308)
	at org.apache.maven.surefire.testng.TestNGXmlTestSuite.execute(TestNGXmlTestSuite.java:71)
	at org.apache.maven.surefire.testng.TestNGProvider.invoke(TestNGProvider.java:113)
	at org.apache.maven.surefire.booter.ForkedBooter.runSuitesInProcess(ForkedBooter.java:385)
	at org.apache.maven.surefire.booter.ForkedBooter.execute(ForkedBooter.java:162)
	at org.apache.maven.surefire.booter.ForkedBooter.run(ForkedBooter.java:507)
	at org.apache.maven.surefire.booter.ForkedBooter.main(ForkedBooter.java:495)
]]></failure>
    <system-out><![CDATA[Request method:	POST
Request URI:	https://petstore.swagger.io/v2/pet/277578/
Proxy:			<none>
Request params:	<none>
Query params:	<none>
Form params:	<none>
Path params:	petID=277578
Headers:		api_key=special-key
				Accept=*/*
				Content-Type=application/x-www-form-urlencoded; charset=ISO-8859-1
Cookies:		<none>
Multiparts:		<none>
Body:			<none>
HTTP/1.1 404 Not Found
Date: Fri, 02 Aug 2024 23:14:07 GMT
Content-Type: application/json
Transfer-Encoding: chunked
Connection: keep-alive
Access-Control-Allow-Origin: *
Access-Control-Allow-Methods: GET, POST, DELETE, PUT
Access-Control-Allow-Headers: Content-Type, api_key, Authorization
Server: Jetty(9.2.9.v20150224)

{
    "code": 404,
    "type": "unknown",
    "message": "not found"
}
]]></system-out>
  </testcase>
  <testcase name="updatePetWithoutMandatoryFields" classname="com.au.petstore.testsAPI.PostUploadPetImage" time="1.501">
    <system-out><![CDATA[Request method:	POST
Request URI:	https://petstore.swagger.io/v2/pet//uploadImage
Proxy:			<none>
Request params:	<none>
Query params:	<none>
Form params:	<none>
Path params:	petID=
Headers:		api_key=special-key
				Accept=*/*
				Content-Type=multipart/form-data
Cookies:		<none>
Multiparts:		------------
				Content-Disposition: form-data; name = file; filename = dog.jpeg
				Content-Type: application/octet-stream

				src/test/resources/dog.jpeg
Body:			<none>
HTTP/1.1 415 Unsupported Media Type
Date: Fri, 02 Aug 2024 23:14:09 GMT
Content-Type: application/xml
Content-Length: 102
Connection: keep-alive
Access-Control-Allow-Origin: *
Access-Control-Allow-Methods: GET, POST, DELETE, PUT
Access-Control-Allow-Headers: Content-Type, api_key, Authorization
Server: Jetty(9.2.9.v20150224)

<apiResponse>
  <type>unknown</type>
</apiResponse>
]]></system-out>
  </testcase>
  <testcase name="notAbleToCreatePetAsEmptyObjectError400" classname="com.au.petstore.testsAPI.PutUpdateAnExistingPet" time="1.434">
    <failure message="&#10;Expected: is &lt;400&gt;&#10;     but: was &lt;200&gt;" type="java.lang.AssertionError"><![CDATA[java.lang.AssertionError: 

Expected: is <400>
     but: was <200>
	at org.hamcrest.MatcherAssert.assertThat(MatcherAssert.java:20)
	at org.hamcrest.MatcherAssert.assertThat(MatcherAssert.java:6)
	at com.au.petstore.testsAPI.PutUpdateAnExistingPet.notAbleToCreatePetAsEmptyObjectError400(PutUpdateAnExistingPet.java:122)
	at java.base/jdk.internal.reflect.NativeMethodAccessorImpl.invoke0(Native Method)
	at java.base/jdk.internal.reflect.NativeMethodAccessorImpl.invoke(NativeMethodAccessorImpl.java:62)
	at java.base/jdk.internal.reflect.DelegatingMethodAccessorImpl.invoke(DelegatingMethodAccessorImpl.java:43)
	at java.base/java.lang.reflect.Method.invoke(Method.java:566)
	at org.testng.internal.invokers.MethodInvocationHelper.invokeMethod(MethodInvocationHelper.java:139)
	at org.testng.internal.invokers.TestInvoker.invokeMethod(TestInvoker.java:664)
	at org.testng.internal.invokers.TestInvoker.invokeTestMethod(TestInvoker.java:227)
	at org.testng.internal.invokers.MethodRunner.runInSequence(MethodRunner.java:50)
	at org.testng.internal.invokers.TestInvoker$MethodInvocationAgent.invoke(TestInvoker.java:957)
	at org.testng.internal.invokers.TestInvoker.invokeTestMethods(TestInvoker.java:200)
	at org.testng.internal.invokers.TestMethodWorker.invokeTestMethods(TestMethodWorker.java:148)
	at org.testng.internal.invokers.TestMethodWorker.run(TestMethodWorker.java:128)
	at java.base/java.util.ArrayList.forEach(ArrayList.java:1541)
	at org.testng.TestRunner.privateRun(TestRunner.java:848)
	at org.testng.TestRunner.run(TestRunner.java:621)
	at org.testng.SuiteRunner.runTest(SuiteRunner.java:443)
	at org.testng.SuiteRunner.runSequentially(SuiteRunner.java:437)
	at org.testng.SuiteRunner.privateRun(SuiteRunner.java:397)
	at org.testng.SuiteRunner.run(SuiteRunner.java:336)
	at org.testng.SuiteRunnerWorker.runSuite(SuiteRunnerWorker.java:52)
	at org.testng.SuiteRunnerWorker.run(SuiteRunnerWorker.java:95)
	at org.testng.TestNG.runSuitesSequentially(TestNG.java:1280)
	at org.testng.TestNG.runSuitesLocally(TestNG.java:1200)
	at org.testng.TestNG.runSuites(TestNG.java:1114)
	at org.testng.TestNG.run(TestNG.java:1082)
	at org.apache.maven.surefire.testng.TestNGExecutor.run(TestNGExecutor.java:308)
	at org.apache.maven.surefire.testng.TestNGXmlTestSuite.execute(TestNGXmlTestSuite.java:71)
	at org.apache.maven.surefire.testng.TestNGProvider.invoke(TestNGProvider.java:113)
	at org.apache.maven.surefire.booter.ForkedBooter.runSuitesInProcess(ForkedBooter.java:385)
	at org.apache.maven.surefire.booter.ForkedBooter.execute(ForkedBooter.java:162)
	at org.apache.maven.surefire.booter.ForkedBooter.run(ForkedBooter.java:507)
	at org.apache.maven.surefire.booter.ForkedBooter.main(ForkedBooter.java:495)
]]></failure>
    <system-out><![CDATA[Request method:	POST
Request URI:	https://petstore.swagger.io/v2/pet/
Proxy:			<none>
Request params:	<none>
Query params:	<none>
Form params:	<none>
Path params:	<none>
Headers:		api_key=special-key
				Accept=*/*
				Content-Type=application/json
Cookies:		<none>
Multiparts:		<none>
Body:
{
    "id": 839406,
    "category": {
        "id": 101,
        "name": "German"
    },
    "name": "Jackie",
    "photoUrls": [
        "https://petstore.com/Images"
    ],
    "tags": [
        {
            "id": 101,
            "name": "Australia"
        }
    ],
    "status": "available"
}
HTTP/1.1 200 OK
Date: Fri, 02 Aug 2024 23:14:10 GMT
Content-Type: application/json
Transfer-Encoding: chunked
Connection: keep-alive
Access-Control-Allow-Origin: *
Access-Control-Allow-Methods: GET, POST, DELETE, PUT
Access-Control-Allow-Headers: Content-Type, api_key, Authorization
Server: Jetty(9.2.9.v20150224)

{
    "id": 839406,
    "category": {
        "id": 101,
        "name": "German"
    },
    "name": "Jackie",
    "photoUrls": [
        "https://petstore.com/Images"
    ],
    "tags": [
        {
            "id": 101,
            "name": "Australia"
        }
    ],
    "status": "available"
}
Request method:	PUT
Request URI:	https://petstore.swagger.io/v2/pet/
Proxy:			<none>
Request params:	<none>
Query params:	<none>
Form params:	<none>
Path params:	<none>
Headers:		api_key=special-key
				Accept=*/*
				Content-Type=application/json
Cookies:		<none>
Multiparts:		<none>
Body:
{
    
}
HTTP/1.1 200 OK
Date: Fri, 02 Aug 2024 23:14:12 GMT
Content-Type: application/json
Transfer-Encoding: chunked
Connection: keep-alive
Access-Control-Allow-Origin: *
Access-Control-Allow-Methods: GET, POST, DELETE, PUT
Access-Control-Allow-Headers: Content-Type, api_key, Authorization
Server: Jetty(9.2.9.v20150224)

{
    "id": 9223372036854775807,
    "photoUrls": [
        
    ],
    "tags": [
        
    ]
}
]]></system-out>
  </testcase>
  <testcase name="notAbleToCreatePetAsIDIsMissingError500" classname="com.au.petstore.testsAPI.PutUpdateAnExistingPet" time="1.282">
    <system-out><![CDATA[Request method:	PUT
Request URI:	https://petstore.swagger.io/v2/pet/
Proxy:			<none>
Request params:	<none>
Query params:	<none>
Form params:	<none>
Path params:	<none>
Headers:		api_key=special-key
				Accept=*/*
				Content-Type=application/json
Cookies:		<none>
Multiparts:		<none>
Body:
""
HTTP/1.1 500 Server Error
Date: Fri, 02 Aug 2024 23:14:13 GMT
Content-Type: application/json
Transfer-Encoding: chunked
Connection: keep-alive
Access-Control-Allow-Origin: *
Access-Control-Allow-Methods: GET, POST, DELETE, PUT
Access-Control-Allow-Headers: Content-Type, api_key, Authorization
Server: Jetty(9.2.9.v20150224)

{
    "code": 500,
    "type": "unknown",
    "message": "something bad happened"
}
]]></system-out>
  </testcase>
  <testcase name="notAbleToCreatePetWithoutBodyError405" classname="com.au.petstore.testsAPI.PutUpdateAnExistingPet" time="1.508">
    <system-out><![CDATA[Request method:	PUT
Request URI:	https://petstore.swagger.io/v2/pet/
Proxy:			<none>
Request params:	<none>
Query params:	<none>
Form params:	<none>
Path params:	<none>
Headers:		api_key=special-key
				Accept=*/*
				Content-Type=application/json
Cookies:		<none>
Multiparts:		<none>
Body:			<none>
HTTP/1.1 405 Method Not Allowed
Date: Fri, 02 Aug 2024 23:14:15 GMT
Content-Type: application/json
Transfer-Encoding: chunked
Connection: keep-alive
Access-Control-Allow-Origin: *
Access-Control-Allow-Methods: GET, POST, DELETE, PUT
Access-Control-Allow-Headers: Content-Type, api_key, Authorization
Server: Jetty(9.2.9.v20150224)

{
    "code": 405,
    "type": "unknown",
    "message": "no data"
}
]]></system-out>
  </testcase>
  <testcase name="notAbleToUpdatePetBadRequestError400" classname="com.au.petstore.testsAPI.PutUpdateAnExistingPet" time="1.505">
    <failure message="&#10;Expected: is &lt;400&gt;&#10;     but: was &lt;200&gt;" type="java.lang.AssertionError"><![CDATA[java.lang.AssertionError: 

Expected: is <400>
     but: was <200>
	at org.hamcrest.MatcherAssert.assertThat(MatcherAssert.java:20)
	at org.hamcrest.MatcherAssert.assertThat(MatcherAssert.java:6)
	at com.au.petstore.testsAPI.PutUpdateAnExistingPet.notAbleToUpdatePetBadRequestError400(PutUpdateAnExistingPet.java:107)
	at java.base/jdk.internal.reflect.NativeMethodAccessorImpl.invoke0(Native Method)
	at java.base/jdk.internal.reflect.NativeMethodAccessorImpl.invoke(NativeMethodAccessorImpl.java:62)
	at java.base/jdk.internal.reflect.DelegatingMethodAccessorImpl.invoke(DelegatingMethodAccessorImpl.java:43)
	at java.base/java.lang.reflect.Method.invoke(Method.java:566)
	at org.testng.internal.invokers.MethodInvocationHelper.invokeMethod(MethodInvocationHelper.java:139)
	at org.testng.internal.invokers.TestInvoker.invokeMethod(TestInvoker.java:664)
	at org.testng.internal.invokers.TestInvoker.invokeTestMethod(TestInvoker.java:227)
	at org.testng.internal.invokers.MethodRunner.runInSequence(MethodRunner.java:50)
	at org.testng.internal.invokers.TestInvoker$MethodInvocationAgent.invoke(TestInvoker.java:957)
	at org.testng.internal.invokers.TestInvoker.invokeTestMethods(TestInvoker.java:200)
	at org.testng.internal.invokers.TestMethodWorker.invokeTestMethods(TestMethodWorker.java:148)
	at org.testng.internal.invokers.TestMethodWorker.run(TestMethodWorker.java:128)
	at java.base/java.util.ArrayList.forEach(ArrayList.java:1541)
	at org.testng.TestRunner.privateRun(TestRunner.java:848)
	at org.testng.TestRunner.run(TestRunner.java:621)
	at org.testng.SuiteRunner.runTest(SuiteRunner.java:443)
	at org.testng.SuiteRunner.runSequentially(SuiteRunner.java:437)
	at org.testng.SuiteRunner.privateRun(SuiteRunner.java:397)
	at org.testng.SuiteRunner.run(SuiteRunner.java:336)
	at org.testng.SuiteRunnerWorker.runSuite(SuiteRunnerWorker.java:52)
	at org.testng.SuiteRunnerWorker.run(SuiteRunnerWorker.java:95)
	at org.testng.TestNG.runSuitesSequentially(TestNG.java:1280)
	at org.testng.TestNG.runSuitesLocally(TestNG.java:1200)
	at org.testng.TestNG.runSuites(TestNG.java:1114)
	at org.testng.TestNG.run(TestNG.java:1082)
	at org.apache.maven.surefire.testng.TestNGExecutor.run(TestNGExecutor.java:308)
	at org.apache.maven.surefire.testng.TestNGXmlTestSuite.execute(TestNGXmlTestSuite.java:71)
	at org.apache.maven.surefire.testng.TestNGProvider.invoke(TestNGProvider.java:113)
	at org.apache.maven.surefire.booter.ForkedBooter.runSuitesInProcess(ForkedBooter.java:385)
	at org.apache.maven.surefire.booter.ForkedBooter.execute(ForkedBooter.java:162)
	at org.apache.maven.surefire.booter.ForkedBooter.run(ForkedBooter.java:507)
	at org.apache.maven.surefire.booter.ForkedBooter.main(ForkedBooter.java:495)
]]></failure>
    <system-out><![CDATA[Request method:	POST
Request URI:	https://petstore.swagger.io/v2/pet/
Proxy:			<none>
Request params:	<none>
Query params:	<none>
Form params:	<none>
Path params:	<none>
Headers:		api_key=special-key
				Accept=*/*
				Content-Type=application/json
Cookies:		<none>
Multiparts:		<none>
Body:
{
    "id": 839406,
    "category": {
        "id": 101,
        "name": "German"
    },
    "tags": [
        {
            "id": 101,
            "name": "Australia"
        }
    ],
    "status": "123"
}
HTTP/1.1 200 OK
Date: Fri, 02 Aug 2024 23:14:16 GMT
Content-Type: application/json
Transfer-Encoding: chunked
Connection: keep-alive
Access-Control-Allow-Origin: *
Access-Control-Allow-Methods: GET, POST, DELETE, PUT
Access-Control-Allow-Headers: Content-Type, api_key, Authorization
Server: Jetty(9.2.9.v20150224)

{
    "id": 839406,
    "category": {
        "id": 101,
        "name": "German"
    },
    "photoUrls": [
        
    ],
    "tags": [
        {
            "id": 101,
            "name": "Australia"
        }
    ],
    "status": "123"
}
]]></system-out>
  </testcase>
  <testcase name="updatePetWithDeletedPetID" classname="com.au.petstore.testsAPI.PutUpdateAnExistingPet" time="2.866">
    <failure message="&#10;Expected: is &lt;404&gt;&#10;     but: was &lt;200&gt;" type="java.lang.AssertionError"><![CDATA[java.lang.AssertionError: 

Expected: is <404>
     but: was <200>
	at org.hamcrest.MatcherAssert.assertThat(MatcherAssert.java:20)
	at org.hamcrest.MatcherAssert.assertThat(MatcherAssert.java:6)
	at com.au.petstore.testsAPI.PutUpdateAnExistingPet.updatePetWithDeletedPetID(PutUpdateAnExistingPet.java:78)
	at java.base/jdk.internal.reflect.NativeMethodAccessorImpl.invoke0(Native Method)
	at java.base/jdk.internal.reflect.NativeMethodAccessorImpl.invoke(NativeMethodAccessorImpl.java:62)
	at java.base/jdk.internal.reflect.DelegatingMethodAccessorImpl.invoke(DelegatingMethodAccessorImpl.java:43)
	at java.base/java.lang.reflect.Method.invoke(Method.java:566)
	at org.testng.internal.invokers.MethodInvocationHelper.invokeMethod(MethodInvocationHelper.java:139)
	at org.testng.internal.invokers.TestInvoker.invokeMethod(TestInvoker.java:664)
	at org.testng.internal.invokers.TestInvoker.invokeTestMethod(TestInvoker.java:227)
	at org.testng.internal.invokers.MethodRunner.runInSequence(MethodRunner.java:50)
	at org.testng.internal.invokers.TestInvoker$MethodInvocationAgent.invoke(TestInvoker.java:957)
	at org.testng.internal.invokers.TestInvoker.invokeTestMethods(TestInvoker.java:200)
	at org.testng.internal.invokers.TestMethodWorker.invokeTestMethods(TestMethodWorker.java:148)
	at org.testng.internal.invokers.TestMethodWorker.run(TestMethodWorker.java:128)
	at java.base/java.util.ArrayList.forEach(ArrayList.java:1541)
	at org.testng.TestRunner.privateRun(TestRunner.java:848)
	at org.testng.TestRunner.run(TestRunner.java:621)
	at org.testng.SuiteRunner.runTest(SuiteRunner.java:443)
	at org.testng.SuiteRunner.runSequentially(SuiteRunner.java:437)
	at org.testng.SuiteRunner.privateRun(SuiteRunner.java:397)
	at org.testng.SuiteRunner.run(SuiteRunner.java:336)
	at org.testng.SuiteRunnerWorker.runSuite(SuiteRunnerWorker.java:52)
	at org.testng.SuiteRunnerWorker.run(SuiteRunnerWorker.java:95)
	at org.testng.TestNG.runSuitesSequentially(TestNG.java:1280)
	at org.testng.TestNG.runSuitesLocally(TestNG.java:1200)
	at org.testng.TestNG.runSuites(TestNG.java:1114)
	at org.testng.TestNG.run(TestNG.java:1082)
	at org.apache.maven.surefire.testng.TestNGExecutor.run(TestNGExecutor.java:308)
	at org.apache.maven.surefire.testng.TestNGXmlTestSuite.execute(TestNGXmlTestSuite.java:71)
	at org.apache.maven.surefire.testng.TestNGProvider.invoke(TestNGProvider.java:113)
	at org.apache.maven.surefire.booter.ForkedBooter.runSuitesInProcess(ForkedBooter.java:385)
	at org.apache.maven.surefire.booter.ForkedBooter.execute(ForkedBooter.java:162)
	at org.apache.maven.surefire.booter.ForkedBooter.run(ForkedBooter.java:507)
	at org.apache.maven.surefire.booter.ForkedBooter.main(ForkedBooter.java:495)
]]></failure>
    <system-out><![CDATA[Request method:	DELETE
Request URI:	https://petstore.swagger.io/v2/pet/839406
Proxy:			<none>
Request params:	<none>
Query params:	<none>
Form params:	<none>
Path params:	petID=839406
Headers:		api_key=special-key
				Accept=*/*
				Content-Type=application/json
Cookies:		<none>
Multiparts:		<none>
Body:			<none>
HTTP/1.1 200 OK
Date: Fri, 02 Aug 2024 23:14:18 GMT
Content-Type: application/json
Transfer-Encoding: chunked
Connection: keep-alive
Access-Control-Allow-Origin: *
Access-Control-Allow-Methods: GET, POST, DELETE, PUT
Access-Control-Allow-Headers: Content-Type, api_key, Authorization
Server: Jetty(9.2.9.v20150224)

{
    "code": 200,
    "type": "unknown",
    "message": "839406"
}
Request method:	POST
Request URI:	https://petstore.swagger.io/v2/pet/
Proxy:			<none>
Request params:	<none>
Query params:	<none>
Form params:	<none>
Path params:	<none>
Headers:		api_key=special-key
				Accept=*/*
				Content-Type=application/json
Cookies:		<none>
Multiparts:		<none>
Body:
{
    "id": 839406,
    "category": {
        "id": 101,
        "name": "German"
    },
    "name": "Jackie",
    "photoUrls": [
        "https://petstore.com/Images"
    ],
    "tags": [
        {
            "id": 101,
            "name": "Australia"
        }
    ],
    "status": "available"
}
HTTP/1.1 200 OK
Date: Fri, 02 Aug 2024 23:14:19 GMT
Content-Type: application/json
Transfer-Encoding: chunked
Connection: keep-alive
Access-Control-Allow-Origin: *
Access-Control-Allow-Methods: GET, POST, DELETE, PUT
Access-Control-Allow-Headers: Content-Type, api_key, Authorization
Server: Jetty(9.2.9.v20150224)

{
    "id": 839406,
    "category": {
        "id": 101,
        "name": "German"
    },
    "name": "Jackie",
    "photoUrls": [
        "https://petstore.com/Images"
    ],
    "tags": [
        {
            "id": 101,
            "name": "Australia"
        }
    ],
    "status": "available"
}
]]></system-out>
  </testcase>
  <testcase name="updatePetWithDifferentStatusForSamePetID[available](1)" classname="com.au.petstore.testsAPI.PutUpdateAnExistingPet" time="1.538">
    <system-out><![CDATA[Request method:	PUT
Request URI:	https://petstore.swagger.io/v2/pet/
Proxy:			<none>
Request params:	<none>
Query params:	<none>
Form params:	<none>
Path params:	<none>
Headers:		api_key=special-key
				Accept=*/*
				Content-Type=application/json
Cookies:		<none>
Multiparts:		<none>
Body:
{
    "id": 839406,
    "category": {
        "id": 101,
        "name": "German"
    },
    "name": "Jackie",
    "photoUrls": [
        "https://petstore.com/Images"
    ],
    "tags": [
        {
            "id": 101,
            "name": "Australia"
        }
    ],
    "status": "available"
}
HTTP/1.1 200 OK
Date: Fri, 02 Aug 2024 23:14:20 GMT
Content-Type: application/json
Transfer-Encoding: chunked
Connection: keep-alive
Access-Control-Allow-Origin: *
Access-Control-Allow-Methods: GET, POST, DELETE, PUT
Access-Control-Allow-Headers: Content-Type, api_key, Authorization
Server: Jetty(9.2.9.v20150224)

{
    "id": 839406,
    "category": {
        "id": 101,
        "name": "German"
    },
    "name": "Jackie",
    "photoUrls": [
        "https://petstore.com/Images"
    ],
    "tags": [
        {
            "id": 101,
            "name": "Australia"
        }
    ],
    "status": "available"
}
]]></system-out>
  </testcase>
  <testcase name="updatePetWithDifferentStatusForSamePetID[sold](2)" classname="com.au.petstore.testsAPI.PutUpdateAnExistingPet" time="1.329">
    <system-out><![CDATA[Request method:	PUT
Request URI:	https://petstore.swagger.io/v2/pet/
Proxy:			<none>
Request params:	<none>
Query params:	<none>
Form params:	<none>
Path params:	<none>
Headers:		api_key=special-key
				Accept=*/*
				Content-Type=application/json
Cookies:		<none>
Multiparts:		<none>
Body:
{
    "id": 839406,
    "category": {
        "id": 101,
        "name": "German"
    },
    "name": "Jackie",
    "photoUrls": [
        "https://petstore.com/Images"
    ],
    "tags": [
        {
            "id": 101,
            "name": "Australia"
        }
    ],
    "status": "sold"
}
HTTP/1.1 200 OK
Date: Fri, 02 Aug 2024 23:14:22 GMT
Content-Type: application/json
Transfer-Encoding: chunked
Connection: keep-alive
Access-Control-Allow-Origin: *
Access-Control-Allow-Methods: GET, POST, DELETE, PUT
Access-Control-Allow-Headers: Content-Type, api_key, Authorization
Server: Jetty(9.2.9.v20150224)

{
    "id": 839406,
    "category": {
        "id": 101,
        "name": "German"
    },
    "name": "Jackie",
    "photoUrls": [
        "https://petstore.com/Images"
    ],
    "tags": [
        {
            "id": 101,
            "name": "Australia"
        }
    ],
    "status": "sold"
}
]]></system-out>
  </testcase>
  <testcase name="updatePetWithDifferentStatusForSamePetID[Pending](3)" classname="com.au.petstore.testsAPI.PutUpdateAnExistingPet" time="1.434">
    <system-out><![CDATA[Request method:	PUT
Request URI:	https://petstore.swagger.io/v2/pet/
Proxy:			<none>
Request params:	<none>
Query params:	<none>
Form params:	<none>
Path params:	<none>
Headers:		api_key=special-key
				Accept=*/*
				Content-Type=application/json
Cookies:		<none>
Multiparts:		<none>
Body:
{
    "id": 839406,
    "category": {
        "id": 101,
        "name": "German"
    },
    "name": "Jackie",
    "photoUrls": [
        "https://petstore.com/Images"
    ],
    "tags": [
        {
            "id": 101,
            "name": "Australia"
        }
    ],
    "status": "Pending"
}
HTTP/1.1 200 OK
Date: Fri, 02 Aug 2024 23:14:23 GMT
Content-Type: application/json
Transfer-Encoding: chunked
Connection: keep-alive
Access-Control-Allow-Origin: *
Access-Control-Allow-Methods: GET, POST, DELETE, PUT
Access-Control-Allow-Headers: Content-Type, api_key, Authorization
Server: Jetty(9.2.9.v20150224)

{
    "id": 839406,
    "category": {
        "id": 101,
        "name": "German"
    },
    "name": "Jackie",
    "photoUrls": [
        "https://petstore.com/Images"
    ],
    "tags": [
        {
            "id": 101,
            "name": "Australia"
        }
    ],
    "status": "Pending"
}
]]></system-out>
  </testcase>
  <testcase name="updatePetWithMandatoryFields" classname="com.au.petstore.testsAPI.PutUpdateAnExistingPet" time="1.257">
    <system-out><![CDATA[Request method:	PUT
Request URI:	https://petstore.swagger.io/v2/pet/
Proxy:			<none>
Request params:	<none>
Query params:	<none>
Form params:	<none>
Path params:	<none>
Headers:		api_key=special-key
				Accept=*/*
				Content-Type=application/json
Cookies:		<none>
Multiparts:		<none>
Body:
{
    "name": "Hunter",
    "photoUrls": [
        "https://petstore.com/Images"
    ]
}
HTTP/1.1 200 OK
Date: Fri, 02 Aug 2024 23:14:25 GMT
Content-Type: application/json
Transfer-Encoding: chunked
Connection: keep-alive
Access-Control-Allow-Origin: *
Access-Control-Allow-Methods: GET, POST, DELETE, PUT
Access-Control-Allow-Headers: Content-Type, api_key, Authorization
Server: Jetty(9.2.9.v20150224)

{
    "id": 9223372036854775807,
    "name": "Hunter",
    "photoUrls": [
        "https://petstore.com/Images"
    ],
    "tags": [
        
    ]
}
]]></system-out>
    <system-err><![CDATA[java.lang.RuntimeException: com.fasterxml.jackson.databind.JsonMappingException: Numeric value (9223372036854775807) out of range of int (-2147483648 - 2147483647)
 at [Source: (String)"{"id":9223372036854775807,"name":"Hunter","photoUrls":["https://petstore.com/Images"],"tags":[]}"; line: 1, column: 26] (through reference chain: com.au.petstore.pojo.Pet["id"])
	at io.restassured.internal.path.json.mapping.JsonPathJackson2ObjectDeserializer.deserialize(JsonPathJackson2ObjectDeserializer.java:30)
	at io.restassured.path.json.mapping.JsonPathObjectDeserializer$deserialize.call(Unknown Source)
	at io.restassured.internal.mapping.Jackson2Mapper.deserialize(Jackson2Mapper.groovy:58)
	at io.restassured.mapper.ObjectMapper$deserialize$0.call(Unknown Source)
	at io.restassured.internal.mapping.ObjectMapping.parseWithJackson2(ObjectMapping.groovy:254)
	at io.restassured.internal.mapping.ObjectMapping$parseWithJackson2$1.callStatic(Unknown Source)
	at io.restassured.internal.mapping.ObjectMapping.deserialize(ObjectMapping.groovy:56)
	at io.restassured.internal.mapping.ObjectMapping$deserialize$0.call(Unknown Source)
	at io.restassured.internal.RestAssuredResponseOptionsGroovyImpl.as(RestAssuredResponseOptionsGroovyImpl.groovy:229)
	at io.restassured.internal.RestAssuredResponseOptionsImpl.as(RestAssuredResponseOptionsImpl.java:169)
	at com.au.petstore.testsAPI.PutUpdateAnExistingPet.updatePetWithMandatoryFields(PutUpdateAnExistingPet.java:64)
	at java.base/jdk.internal.reflect.NativeMethodAccessorImpl.invoke0(Native Method)
	at java.base/jdk.internal.reflect.NativeMethodAccessorImpl.invoke(NativeMethodAccessorImpl.java:62)
	at java.base/jdk.internal.reflect.DelegatingMethodAccessorImpl.invoke(DelegatingMethodAccessorImpl.java:43)
	at java.base/java.lang.reflect.Method.invoke(Method.java:566)
	at org.testng.internal.invokers.MethodInvocationHelper.invokeMethod(MethodInvocationHelper.java:139)
	at org.testng.internal.invokers.TestInvoker.invokeMethod(TestInvoker.java:664)
	at org.testng.internal.invokers.TestInvoker.invokeTestMethod(TestInvoker.java:227)
	at org.testng.internal.invokers.MethodRunner.runInSequence(MethodRunner.java:50)
	at org.testng.internal.invokers.TestInvoker$MethodInvocationAgent.invoke(TestInvoker.java:957)
	at org.testng.internal.invokers.TestInvoker.invokeTestMethods(TestInvoker.java:200)
	at org.testng.internal.invokers.TestMethodWorker.invokeTestMethods(TestMethodWorker.java:148)
	at org.testng.internal.invokers.TestMethodWorker.run(TestMethodWorker.java:128)
	at java.base/java.util.ArrayList.forEach(ArrayList.java:1541)
	at org.testng.TestRunner.privateRun(TestRunner.java:848)
	at org.testng.TestRunner.run(TestRunner.java:621)
	at org.testng.SuiteRunner.runTest(SuiteRunner.java:443)
	at org.testng.SuiteRunner.runSequentially(SuiteRunner.java:437)
	at org.testng.SuiteRunner.privateRun(SuiteRunner.java:397)
	at org.testng.SuiteRunner.run(SuiteRunner.java:336)
	at org.testng.SuiteRunnerWorker.runSuite(SuiteRunnerWorker.java:52)
	at org.testng.SuiteRunnerWorker.run(SuiteRunnerWorker.java:95)
	at org.testng.TestNG.runSuitesSequentially(TestNG.java:1280)
	at org.testng.TestNG.runSuitesLocally(TestNG.java:1200)
	at org.testng.TestNG.runSuites(TestNG.java:1114)
	at org.testng.TestNG.run(TestNG.java:1082)
	at org.apache.maven.surefire.testng.TestNGExecutor.run(TestNGExecutor.java:308)
	at org.apache.maven.surefire.testng.TestNGXmlTestSuite.execute(TestNGXmlTestSuite.java:71)
	at org.apache.maven.surefire.testng.TestNGProvider.invoke(TestNGProvider.java:113)
	at org.apache.maven.surefire.booter.ForkedBooter.runSuitesInProcess(ForkedBooter.java:385)
	at org.apache.maven.surefire.booter.ForkedBooter.execute(ForkedBooter.java:162)
	at org.apache.maven.surefire.booter.ForkedBooter.run(ForkedBooter.java:507)
	at org.apache.maven.surefire.booter.ForkedBooter.main(ForkedBooter.java:495)
Caused by: com.fasterxml.jackson.databind.JsonMappingException: Numeric value (9223372036854775807) out of range of int (-2147483648 - 2147483647)
 at [Source: (String)"{"id":9223372036854775807,"name":"Hunter","photoUrls":["https://petstore.com/Images"],"tags":[]}"; line: 1, column: 26] (through reference chain: com.au.petstore.pojo.Pet["id"])
	at com.fasterxml.jackson.databind.JsonMappingException.wrapWithPath(JsonMappingException.java:390)
	at com.fasterxml.jackson.databind.JsonMappingException.wrapWithPath(JsonMappingException.java:349)
	at com.fasterxml.jackson.databind.deser.BeanDeserializerBase.wrapAndThrow(BeanDeserializerBase.java:1822)
	at com.fasterxml.jackson.databind.deser.BeanDeserializer.vanillaDeserialize(BeanDeserializer.java:326)
	at com.fasterxml.jackson.databind.deser.BeanDeserializer.deserialize(BeanDeserializer.java:187)
	at com.fasterxml.jackson.databind.deser.DefaultDeserializationContext.readRootValue(DefaultDeserializationContext.java:322)
	at com.fasterxml.jackson.databind.ObjectMapper._readMapAndClose(ObjectMapper.java:4593)
	at com.fasterxml.jackson.databind.ObjectMapper.readValue(ObjectMapper.java:3548)
	at io.restassured.internal.path.json.mapping.JsonPathJackson2ObjectDeserializer.deserialize(JsonPathJackson2ObjectDeserializer.java:28)
	... 42 more
Caused by: com.fasterxml.jackson.core.exc.InputCoercionException: Numeric value (9223372036854775807) out of range of int (-2147483648 - 2147483647)
 at [Source: (String)"{"id":9223372036854775807,"name":"Hunter","photoUrls":["https://petstore.com/Images"],"tags":[]}"; line: 1, column: 26]
	at com.fasterxml.jackson.core.base.ParserMinimalBase._reportInputCoercion(ParserMinimalBase.java:599)
	at com.fasterxml.jackson.core.base.ParserMinimalBase.reportOverflowInt(ParserMinimalBase.java:568)
	at com.fasterxml.jackson.core.base.ParserBase.convertNumberToInt(ParserBase.java:936)
	at com.fasterxml.jackson.core.base.ParserBase._parseIntValue(ParserBase.java:849)
	at com.fasterxml.jackson.core.base.ParserBase.getIntValue(ParserBase.java:680)
	at com.fasterxml.jackson.databind.deser.std.NumberDeserializers$IntegerDeserializer.deserialize(NumberDeserializers.java:526)
	at com.fasterxml.jackson.databind.deser.std.NumberDeserializers$IntegerDeserializer.deserialize(NumberDeserializers.java:506)
	at com.fasterxml.jackson.databind.deser.impl.MethodProperty.deserializeAndSet(MethodProperty.java:129)
	at com.fasterxml.jackson.databind.deser.BeanDeserializer.vanillaDeserialize(BeanDeserializer.java:324)
	... 47 more
]]></system-err>
  </testcase>
  <testcase name="updatePetWithoutMandatoryFieldsError400" classname="com.au.petstore.testsAPI.PutUpdateAnExistingPet" time="1.504">
    <failure message="&#10;Expected: is &lt;400&gt;&#10;     but: was &lt;200&gt;" type="java.lang.AssertionError"><![CDATA[java.lang.AssertionError: 

Expected: is <400>
     but: was <200>
	at org.hamcrest.MatcherAssert.assertThat(MatcherAssert.java:20)
	at org.hamcrest.MatcherAssert.assertThat(MatcherAssert.java:6)
	at com.au.petstore.testsAPI.PutUpdateAnExistingPet.updatePetWithoutMandatoryFieldsError400(PutUpdateAnExistingPet.java:92)
	at java.base/jdk.internal.reflect.NativeMethodAccessorImpl.invoke0(Native Method)
	at java.base/jdk.internal.reflect.NativeMethodAccessorImpl.invoke(NativeMethodAccessorImpl.java:62)
	at java.base/jdk.internal.reflect.DelegatingMethodAccessorImpl.invoke(DelegatingMethodAccessorImpl.java:43)
	at java.base/java.lang.reflect.Method.invoke(Method.java:566)
	at org.testng.internal.invokers.MethodInvocationHelper.invokeMethod(MethodInvocationHelper.java:139)
	at org.testng.internal.invokers.TestInvoker.invokeMethod(TestInvoker.java:664)
	at org.testng.internal.invokers.TestInvoker.invokeTestMethod(TestInvoker.java:227)
	at org.testng.internal.invokers.MethodRunner.runInSequence(MethodRunner.java:50)
	at org.testng.internal.invokers.TestInvoker$MethodInvocationAgent.invoke(TestInvoker.java:957)
	at org.testng.internal.invokers.TestInvoker.invokeTestMethods(TestInvoker.java:200)
	at org.testng.internal.invokers.TestMethodWorker.invokeTestMethods(TestMethodWorker.java:148)
	at org.testng.internal.invokers.TestMethodWorker.run(TestMethodWorker.java:128)
	at java.base/java.util.ArrayList.forEach(ArrayList.java:1541)
	at org.testng.TestRunner.privateRun(TestRunner.java:848)
	at org.testng.TestRunner.run(TestRunner.java:621)
	at org.testng.SuiteRunner.runTest(SuiteRunner.java:443)
	at org.testng.SuiteRunner.runSequentially(SuiteRunner.java:437)
	at org.testng.SuiteRunner.privateRun(SuiteRunner.java:397)
	at org.testng.SuiteRunner.run(SuiteRunner.java:336)
	at org.testng.SuiteRunnerWorker.runSuite(SuiteRunnerWorker.java:52)
	at org.testng.SuiteRunnerWorker.run(SuiteRunnerWorker.java:95)
	at org.testng.TestNG.runSuitesSequentially(TestNG.java:1280)
	at org.testng.TestNG.runSuitesLocally(TestNG.java:1200)
	at org.testng.TestNG.runSuites(TestNG.java:1114)
	at org.testng.TestNG.run(TestNG.java:1082)
	at org.apache.maven.surefire.testng.TestNGExecutor.run(TestNGExecutor.java:308)
	at org.apache.maven.surefire.testng.TestNGXmlTestSuite.execute(TestNGXmlTestSuite.java:71)
	at org.apache.maven.surefire.testng.TestNGProvider.invoke(TestNGProvider.java:113)
	at org.apache.maven.surefire.booter.ForkedBooter.runSuitesInProcess(ForkedBooter.java:385)
	at org.apache.maven.surefire.booter.ForkedBooter.execute(ForkedBooter.java:162)
	at org.apache.maven.surefire.booter.ForkedBooter.run(ForkedBooter.java:507)
	at org.apache.maven.surefire.booter.ForkedBooter.main(ForkedBooter.java:495)
]]></failure>
    <system-out><![CDATA[Request method:	PUT
Request URI:	https://petstore.swagger.io/v2/pet/
Proxy:			<none>
Request params:	<none>
Query params:	<none>
Form params:	<none>
Path params:	<none>
Headers:		api_key=special-key
				Accept=*/*
				Content-Type=application/json
Cookies:		<none>
Multiparts:		<none>
Body:
{
    "id": 839406,
    "category": {
        "id": 101,
        "name": "German"
    },
    "tags": [
        {
            "id": 101,
            "name": "Australia"
        }
    ],
    "status": "pending"
}
HTTP/1.1 200 OK
Date: Fri, 02 Aug 2024 23:14:26 GMT
Content-Type: application/json
Transfer-Encoding: chunked
Connection: keep-alive
Access-Control-Allow-Origin: *
Access-Control-Allow-Methods: GET, POST, DELETE, PUT
Access-Control-Allow-Headers: Content-Type, api_key, Authorization
Server: Jetty(9.2.9.v20150224)

{
    "id": 839406,
    "category": {
        "id": 101,
        "name": "German"
    },
    "photoUrls": [
        
    ],
    "tags": [
        {
            "id": 101,
            "name": "Australia"
        }
    ],
    "status": "pending"
}
]]></system-out>
  </testcase>
</testsuite>