<?xml version="1.0" encoding="UTF-8"?>
<!-- Generated by org.testng.reporters.JUnitReportReporter -->
<testsuite hostname="Sakshis-MacBook-Air.local" failures="0" tests="3" name="com.au.petstore.testsAPI.GetPetByID" time="5.828" errors="0" timestamp="2024-08-03T09:14:28 AEST" skipped="0">
  <testcase classname="com.au.petstore.testsAPI.GetPetByID" name="getPetByInvalidID" time="1.534"/>
  <testcase classname="com.au.petstore.testsAPI.GetPetByID" name="getDeletePetAsNotFound" time="2.838"/>
  <testcase classname="com.au.petstore.testsAPI.GetPetByID" name="getPetByID" time="1.456"/>
</testsuite> <!-- com.au.petstore.testsAPI.GetPetByID -->
