<?xml version="1.0" encoding="UTF-8"?>
<!-- Generated by org.testng.reporters.JUnitReportReporter -->
<testsuite hostname="Sakshis-MacBook-Air.local" failures="0" tests="3" name="com.au.petstore.testsAPI.DeletePet" time="15.289" errors="0" timestamp="2024-08-03T09:14:28 AEST" skipped="0">
  <testcase classname="com.au.petstore.testsAPI.DeletePet" name="deleteNonExistencePetIDFromTheStore" time="10.907"/>
  <testcase classname="com.au.petstore.testsAPI.DeletePet" name="deletePetFromTheStoreWithValidPetID" time="2.975"/>
  <testcase classname="com.au.petstore.testsAPI.DeletePet" name="deletePetIDFromTheStoreWithoutMandatoryFieldPetID" time="1.407"/>
</testsuite> <!-- com.au.petstore.testsAPI.DeletePet -->
